Log file open, 01/16/19 11:50:17
LogWindows: Failed to load 'aqProf.dll' (GetLastError=126)
LogWindows: File 'aqProf.dll' does not exist
LogWindows: Failed to load 'VSPerf140.dll' (GetLastError=126)
LogWindows: File 'VSPerf140.dll' does not exist
LogWindows: Failed to load 'VtuneApi.dll' (GetLastError=126)
LogWindows: File 'VtuneApi.dll' does not exist
LogWindows: Failed to load 'VtuneApi32e.dll' (GetLastError=126)
LogWindows: File 'VtuneApi32e.dll' does not exist
LogInit: Display: Running engine for game: Veteran
LogPlatformFile: Not using cached read wrapper
LogTaskGraph: Started task graph with 5 named threads and 23 total threads with 3 sets of task threads.
LogStats: Stats thread started at 0.289887
LogD3D11RHI: Loaded GFSDK_Aftermath_Lib.x64.dll
LogICUInternationalization: Display: ICU TimeZone Detection - Raw Offset: +0:00, Platform Override: ''
LogPluginManager: Mounting plugin Paper2D
LogPluginManager: Mounting plugin AISupport
LogPluginManager: Mounting plugin LightPropagationVolume
LogPluginManager: Mounting plugin CLionSourceCodeAccess
LogPluginManager: Mounting plugin CodeLiteSourceCodeAccess
LogPluginManager: Mounting plugin GitSourceControl
LogPluginManager: Mounting plugin KDevelopSourceCodeAccess
LogPluginManager: Mounting plugin NullSourceCodeAccess
LogPluginManager: Mounting plugin PerforceSourceControl
LogPluginManager: Mounting plugin SubversionSourceControl
LogPluginManager: Mounting plugin UObjectPlugin
LogPluginManager: Mounting plugin VisualStudioCodeSourceCodeAccess
LogPluginManager: Mounting plugin VisualStudioSourceCodeAccess
LogPluginManager: Mounting plugin XCodeSourceCodeAccess
LogPluginManager: Mounting plugin AssetManagerEditor
LogPluginManager: Mounting plugin CryptoKeys
LogPluginManager: Mounting plugin DataValidation
LogPluginManager: Mounting plugin FacialAnimation
LogPluginManager: Mounting plugin GameplayTagsEditor
LogPluginManager: Mounting plugin MacGraphicsSwitching
LogPluginManager: Mounting plugin MeshEditor
LogPluginManager: Mounting plugin MobileLauncherProfileWizard
LogPluginManager: Mounting plugin PluginBrowser
LogPluginManager: Mounting plugin SpeedTreeImporter
LogPluginManager: Mounting plugin DatasmithContent
LogPluginManager: Mounting plugin AlembicImporter
LogPluginManager: Mounting plugin AppleImageUtils
LogPluginManager: Mounting plugin AppleVision
LogPluginManager: Mounting plugin BackChannel
LogPluginManager: Mounting plugin CharacterAI
LogPluginManager: Mounting plugin GeometryCache
LogPluginManager: Mounting plugin HTML5Networking
LogPluginManager: Mounting plugin ProxyLODPlugin
LogPluginManager: Mounting plugin MagicLeap
LogPluginManager: Mounting plugin MagicLeapEmulator
LogPluginManager: Mounting plugin MagicLeapMedia
LogPluginManager: Mounting plugin AndroidMedia
LogPluginManager: Mounting plugin AvfMedia
LogPluginManager: Mounting plugin ImgMedia
LogPluginManager: Mounting plugin LinearTimecode
LogPluginManager: Mounting plugin MediaCompositing
LogPluginManager: Mounting plugin MediaPlayerEditor
LogPluginManager: Mounting plugin WmfMedia
LogPluginManager: Mounting plugin TcpMessaging
LogPluginManager: Mounting plugin UdpMessaging
LogPluginManager: Mounting plugin ActorSequence
LogPluginManager: Mounting plugin LevelSequenceEditor
LogPluginManager: Mounting plugin MatineeToLevelSequence
LogPluginManager: Mounting plugin NetcodeUnitTest
LogPluginManager: Mounting plugin NUTUnrealEngine4
LogPluginManager: Mounting plugin OnlineSubsystemGooglePlay
LogPluginManager: Mounting plugin OnlineSubsystemIOS
LogPluginManager: Mounting plugin OnlineSubsystem
LogPluginManager: Mounting plugin OnlineSubsystemNull
LogPluginManager: Mounting plugin OnlineSubsystemUtils
LogPluginManager: Mounting plugin LauncherChunkInstaller
LogPluginManager: Mounting plugin AndroidDeviceProfileSelector
LogPluginManager: Mounting plugin AndroidMoviePlayer
LogPluginManager: Mounting plugin AndroidPermission
LogPluginManager: Mounting plugin AppleMoviePlayer
LogPluginManager: Mounting plugin ArchVisCharacter
LogPluginManager: Mounting plugin AudioCapture
LogPluginManager: Mounting plugin CableComponent
LogPluginManager: Mounting plugin CustomMeshComponent
LogPluginManager: Mounting plugin EditableMesh
LogPluginManager: Mounting plugin ExampleDeviceProfileSelector
LogPluginManager: Mounting plugin GoogleCloudMessaging
LogPluginManager: Mounting plugin ImmediatePhysics
LogPluginManager: Mounting plugin IOSDeviceProfileSelector
LogPluginManager: Mounting plugin LinuxDeviceProfileSelector
LogPluginManager: Mounting plugin LocationServicesBPLibrary
LogPluginManager: Mounting plugin MobilePatchingUtils
LogPluginManager: Mounting plugin OculusVR
LogPluginManager: Plugin shader directory ../../../Engine/Plugins/Runtime/Oculus/OculusVR/Shaders found
LogPluginManager: Mapping shader source directory ../../../Engine/Plugins/Runtime/Oculus/OculusVR/Shaders to virtual directory /Plugin/OculusVR
LogPluginManager: Mounting plugin PhysXVehicles
LogPluginManager: Mounting plugin ProceduralMeshComponent
LogPluginManager: Mounting plugin RuntimePhysXCooking
LogPluginManager: Mounting plugin SteamVR
LogPluginManager: Mounting plugin WindowsMoviePlayer
LogStreaming: Display: Took  0.097s to configure plugins.
LogInit: Using libcurl 7.55.1-DEV
LogInit:  - built for x86_64-pc-win32
LogInit:  - supports SSL with OpenSSL/1.0.2h
LogInit:  - supports HTTP deflate (compression) using libz 1.2.8
LogInit:  - other features:
LogInit:      CURL_VERSION_SSL
LogInit:      CURL_VERSION_LIBZ
LogInit:      CURL_VERSION_IPV6
LogInit:      CURL_VERSION_ASYNCHDNS
LogInit:      CURL_VERSION_LARGEFILE
LogInit:      CURL_VERSION_IDN
LogInit:  CurlRequestOptions (configurable via config and command line):
LogInit:  - bVerifyPeer = false  - Libcurl will NOT verify peer certificate
LogInit:  - bUseHttpProxy = false  - Libcurl will NOT use HTTP proxy
LogInit:  - bDontReuseConnections = false  - Libcurl will reuse connections
LogInit:  - CertBundlePath = nullptr  - Libcurl will use whatever was configured at build time.
LogInit:  - MaxHostConnections = 16  - Libcurl will limit the number of connections to a host
LogInit:  - LocalHostAddr = Default
LogInit:  - BufferSize = 65536
LogInit: WinSock: version 1.1 (2.2), MaxSocks=32767, MaxUdp=65467
LogInit: Build: ++UE4+Release-4.20-CL-4369336
LogInit: Engine Version: 4.20.3-4369336+++UE4+Release-4.20
LogInit: Compatible Engine Version: 4.20.0-4212847+++UE4+Release-4.20
LogInit: Net CL: 4212847
LogInit: OS: Windows 10 (), CPU: Intel(R) Core(TM) i7-7700HQ CPU @ 2.80GHz, GPU: Intel(R) HD Graphics 630
LogInit: Compiled (64-bit): Sep 17 2018 12:26:19
LogInit: Compiled with Visual C++: 19.13.26129.00
LogInit: Build Configuration: Development
LogInit: Branch Name: ++UE4+Release-4.20
LogInit: Command Line:  
LogInit: Base Directory: D:/Epic Games/Unreal Engine/UE_4.20/Engine/Binaries/Win64/
LogInit: Installed Engine Build: 1
LogDevObjectVersion: Number of dev versions registered: 20
LogDevObjectVersion:   Dev-Blueprints (B0D832E4-1F89-4F0D-ACCF-7EB736FD4AA2): 10
LogDevObjectVersion:   Dev-Build (E1C64328-A22C-4D53-A36C-8E866417BD8C): 0
LogDevObjectVersion:   Dev-Core (375EC13C-06E4-48FB-B500-84F0262A717E): 2
LogDevObjectVersion:   Dev-Editor (E4B068ED-F494-42E9-A231-DA0B2E46BB41): 24
LogDevObjectVersion:   Dev-Framework (CFFC743F-43B0-4480-9391-14DF171D2073): 34
LogDevObjectVersion:   Dev-Mobile (B02B49B5-BB20-44E9-A304-32B752E40360): 2
LogDevObjectVersion:   Dev-Networking (A4E4105C-59A1-49B5-A7C5-40C4547EDFEE): 0
LogDevObjectVersion:   Dev-Online (39C831C9-5AE6-47DC-9A44-9C173E1C8E7C): 0
LogDevObjectVersion:   Dev-Physics (78F01B33-EBEA-4F98-B9B4-84EACCB95AA2): 0
LogDevObjectVersion:   Dev-Platform (6631380F-2D4D-43E0-8009-CF276956A95A): 0
LogDevObjectVersion:   Dev-Rendering (12F88B9F-8875-4AFC-A67C-D90C383ABD29): 26
LogDevObjectVersion:   Dev-Sequencer (7B5AE74C-D270-4C10-A958-57980B212A5A): 9
LogDevObjectVersion:   Dev-VR (D7296918-1DD6-4BDD-9DE2-64A83CC13884): 2
LogDevObjectVersion:   Dev-LoadTimes (C2A15278-BFE7-4AFE-6C17-90FF531DF755): 1
LogDevObjectVersion:   Private-Geometry (6EACA3D4-40EC-4CC1-B786-8BED09428FC5): 3
LogDevObjectVersion:   Dev-AnimPhys (29E575DD-E0A3-4627-9D10-D276232CDCEA): 17
LogDevObjectVersion:   Dev-ReflectionCapture (6B266CEC-1EC7-4B8F-A30B-E4D90942FC07): 1
LogDevObjectVersion:   Dev-Automation (0DF73D61-A23F-47EA-B727-89E90C41499A): 1
LogDevObjectVersion:   FortniteMain (601D1886-AC64-4F84-AA16-D3DE0DEAC7D6): 12
LogDevObjectVersion:   Dev-Enterprise (9DFFBCD6-494F-0158-E221-12823C92A888): 1
LogStreaming: Display: Took  0.002s to delete old logs.
LogInit: Presizing for max 8388607 objects, including 0 objects not considered by GC, pre-allocating 0 bytes for permanent pool.
LogInit: Object subsystem initialized
[2019.01.16-10.50.18:039][  0]LogInit: Selected Device Profile: [Windows]
[2019.01.16-10.50.18:039][  0]LogInit: Applying CVar settings loaded from the selected device profile: [Windows]
[2019.01.16-10.50.18:047][  0]LogHAL: Display: Platform has ~ 16 GB [17059282944 / 17179869184 / 16], which maps to Larger [LargestMinGB=32, LargerMinGB=12, DefaultMinGB=8, SmallerMinGB=6, SmallestMinGB=0)
[2019.01.16-10.50.18:047][  0]LogInit: Setting Device Profile CVar: [[r.Vulkan.UseRealUBs:1]]
[2019.01.16-10.50.18:047][  0]LogInit: Going up to parent DeviceProfile []
[2019.01.16-10.50.18:047][  0]LogInit: Computer: MSI
[2019.01.16-10.50.18:047][  0]LogInit: User: rainb
[2019.01.16-10.50.18:047][  0]LogInit: CPU Page size=4096, Cores=4
[2019.01.16-10.50.18:047][  0]LogInit: High frequency timer resolution =2.742188 MHz
[2019.01.16-10.50.18:048][  0]LogMemory: Memory total: Physical=15.9GB (16GB approx)
[2019.01.16-10.50.18:048][  0]LogMemory: Platform Memory Stats for Windows
[2019.01.16-10.50.18:048][  0]LogMemory: Process Physical Memory: 99.54 MB used, 99.54 MB peak
[2019.01.16-10.50.18:048][  0]LogMemory: Process Virtual Memory: 90.96 MB used, 90.96 MB peak
[2019.01.16-10.50.18:048][  0]LogMemory: Physical Memory: 7447.43 MB used,  8821.57 MB free, 16269.00 MB total
[2019.01.16-10.50.18:048][  0]LogMemory: Virtual Memory: 4626.13 MB used,  8821.57 MB free, 134217728.00 MB total
[2019.01.16-10.50.18:379][  0]LogInit: Using OS detected language (en-US).
[2019.01.16-10.50.18:379][  0]LogInit: Using OS detected locale (en-US).
[2019.01.16-10.50.18:380][  0]LogTextLocalizationManager: No specific localization for 'en-US' exists, so the 'en' localization will be used.
[2019.01.16-10.50.18:754][  0]LogStreaming: Display: Took  0.375s to InitEngineTextLocalization.
[2019.01.16-10.50.18:754][  0]LogInit: Setting process to per monitor DPI aware
[2019.01.16-10.50.18:794][  0]LogSlate: New Slate User Created.  User Index 0, Is Virtual User: 0
[2019.01.16-10.50.18:794][  0]LogSlate: Slate User Registered.  User Index 0, Is Virtual User: 0
[2019.01.16-10.50.19:041][  0]LogHMD: Failed to initialize OpenVR with code 110
[2019.01.16-10.50.19:041][  0]LogD3D11RHI: D3D11 adapters:
[2019.01.16-10.50.19:117][  0]LogD3D11RHI:    0. 'NVIDIA GeForce GTX 1060' (Feature Level 11_0)
[2019.01.16-10.50.19:117][  0]LogD3D11RHI:       2987/0/8134 MB DedicatedVideo/DedicatedSystem/SharedSystem, Outputs:1, VendorId:0x10de
[2019.01.16-10.50.19:128][  0]LogD3D11RHI:    1. 'Intel(R) HD Graphics 630' (Feature Level 11_0)
[2019.01.16-10.50.19:128][  0]LogD3D11RHI:       128/0/8134 MB DedicatedVideo/DedicatedSystem/SharedSystem, Outputs:0, VendorId:0x8086
[2019.01.16-10.50.19:130][  0]LogD3D11RHI:    2. 'Microsoft Basic Render Driver' (Feature Level 11_0)
[2019.01.16-10.50.19:130][  0]LogD3D11RHI:       0/0/8134 MB DedicatedVideo/DedicatedSystem/SharedSystem, Outputs:0, VendorId:0x1414
[2019.01.16-10.50.19:130][  0]LogD3D11RHI: Chosen D3D11 Adapter: 0
[2019.01.16-10.50.19:160][  0]LogD3D11RHI: Creating new Direct3DDevice
[2019.01.16-10.50.19:160][  0]LogD3D11RHI:     GPU DeviceId: 0x1c20 (for the marketing name, search the web for "GPU Device Id")
[2019.01.16-10.50.19:160][  0]LogWindows: EnumDisplayDevices:
[2019.01.16-10.50.19:160][  0]LogWindows:    0. 'Intel(R) HD Graphics 630' (P:1 D:1)
[2019.01.16-10.50.19:160][  0]LogWindows:    1. 'Intel(R) HD Graphics 630' (P:0 D:0)
[2019.01.16-10.50.19:161][  0]LogWindows:    2. 'Intel(R) HD Graphics 630' (P:0 D:0)
[2019.01.16-10.50.19:162][  0]LogWindows:    3. 'NVIDIA GeForce GTX 1060' (P:0 D:0)
[2019.01.16-10.50.19:162][  0]LogWindows:    4. 'NVIDIA GeForce GTX 1060' (P:0 D:0)
[2019.01.16-10.50.19:162][  0]LogWindows:    5. 'NVIDIA GeForce GTX 1060' (P:0 D:0)
[2019.01.16-10.50.19:162][  0]LogWindows:    6. 'NVIDIA GeForce GTX 1060' (P:0 D:0)
[2019.01.16-10.50.19:163][  0]LogWindows: DebugString: PrimaryIsNotTheChoosenAdapter PrimaryIsNotTheChoosenAdapter PrimaryIsNotTheChoosenAdapter FoundDriverCount:4 
[2019.01.16-10.50.19:163][  0]LogD3D11RHI:     Adapter Name: NVIDIA GeForce GTX 1060
[2019.01.16-10.50.19:163][  0]LogD3D11RHI:   Driver Version: 417.35 (internal:25.21.14.1735, unified:417.35)
[2019.01.16-10.50.19:163][  0]LogD3D11RHI:      Driver Date: 12-11-2018
[2019.01.16-10.50.19:163][  0]LogRHI: Texture pool is 2090 MB (70% of 2987 MB)
[2019.01.16-10.50.19:211][  0]LogD3D11RHI: Async texture creation enabled
[2019.01.16-10.50.19:229][  0]LogD3D11RHI: GPU Timing Frequency: 1000.000000 (Debug: 2 2)
[2019.01.16-10.50.19:230][  0]LogShaderCompilers: Guid format shader working directory is -15 characters bigger than the processId version (../../../../../../Unreal Projects/Proket_UE4_Veteran/Veteran/Intermediate/Shaders/WorkingDirectory/12100/).
[2019.01.16-10.50.19:230][  0]LogShaderCompilers: Cleaned the shader compiler working directory 'C:/Users/rainb/AppData/Local/Temp/UnrealShaderWorkingDir/A7EFD01F4B909605D38FA8932F454F94/'.
[2019.01.16-10.50.19:578][  0]LogTemp: Display: Loaded TP AllDesktopTargetPlatform
[2019.01.16-10.50.19:593][  0]LogTemp: Display: Loaded TP MacClientTargetPlatform
[2019.01.16-10.50.19:607][  0]LogTemp: Display: Loaded TP MacNoEditorTargetPlatform
[2019.01.16-10.50.19:620][  0]LogTemp: Display: Loaded TP MacServerTargetPlatform
[2019.01.16-10.50.19:634][  0]LogTemp: Display: Loaded TP MacTargetPlatform
[2019.01.16-10.50.19:647][  0]LogTemp: Display: Loaded TP WindowsClientTargetPlatform
[2019.01.16-10.50.19:661][  0]LogTemp: Display: Loaded TP WindowsNoEditorTargetPlatform
[2019.01.16-10.50.19:675][  0]LogTemp: Display: Loaded TP WindowsServerTargetPlatform
[2019.01.16-10.50.19:682][  0]LogTemp: Display: Loaded TP WindowsTargetPlatform
[2019.01.16-10.50.19:760][  0]LogTemp: Display: Loaded TP AndroidTargetPlatform
[2019.01.16-10.50.19:760][  0]LogTemp: Display: Loaded TP AndroidTargetPlatform
[2019.01.16-10.50.19:760][  0]LogTemp: Display: Loaded TP AndroidTargetPlatform
[2019.01.16-10.50.19:760][  0]LogTemp: Display: Loaded TP AndroidTargetPlatform
[2019.01.16-10.50.19:761][  0]LogTemp: Display: Loaded TP AndroidTargetPlatform
[2019.01.16-10.50.19:761][  0]LogTemp: Display: Loaded TP AndroidTargetPlatform
[2019.01.16-10.50.19:761][  0]LogTemp: Display: Loaded TP AndroidTargetPlatform
[2019.01.16-10.50.19:761][  0]LogTemp: Display: Loaded TP AndroidTargetPlatform
[2019.01.16-10.50.19:761][  0]LogTemp: Display: Loaded TP AndroidTargetPlatform
[2019.01.16-10.50.19:761][  0]LogTemp: Display: Loaded TP AndroidTargetPlatform
[2019.01.16-10.50.19:761][  0]LogTemp: Display: Loaded TP AndroidTargetPlatform
[2019.01.16-10.50.19:761][  0]LogTemp: Display: Loaded TP AndroidTargetPlatform
[2019.01.16-10.50.19:761][  0]LogTemp: Display: Loaded TP AndroidTargetPlatform
[2019.01.16-10.50.19:761][  0]LogTemp: Display: Loaded TP AndroidTargetPlatform
[2019.01.16-10.50.19:761][  0]LogTemp: Display: Loaded TP AndroidTargetPlatform
[2019.01.16-10.50.19:761][  0]LogTemp: Display: Loaded TP AndroidTargetPlatform
[2019.01.16-10.50.19:761][  0]LogTemp: Display: Loaded TP AndroidTargetPlatform
[2019.01.16-10.50.19:761][  0]LogTemp: Display: Loaded TP AndroidTargetPlatform
[2019.01.16-10.50.19:762][  0]LogTemp: Display: Loaded TP HTML5TargetPlatform
[2019.01.16-10.50.19:823][  0]LogTemp: Display: Loaded TP IOSTargetPlatform
[2019.01.16-10.50.19:823][  0]LogTemp: Display: Loaded TP IOSTargetPlatform
[2019.01.16-10.50.19:847][  0]LogTemp: Display: Loaded TP TVOSTargetPlatform
[2019.01.16-10.50.19:847][  0]LogTemp: Display: Loaded TP TVOSTargetPlatform
[2019.01.16-10.50.19:859][  0]LogTemp: Display: Loaded TP LinuxClientTargetPlatform
[2019.01.16-10.50.19:873][  0]LogTemp: Display: Loaded TP LinuxNoEditorTargetPlatform
[2019.01.16-10.50.19:884][  0]LogTemp: Display: Loaded TP LinuxServerTargetPlatform
[2019.01.16-10.50.19:896][  0]LogTemp: Display: Loaded TP LinuxTargetPlatform
[2019.01.16-10.50.19:906][  0]LogTemp: Display: Loaded TP LuminTargetPlatform
[2019.01.16-10.50.19:906][  0]LogTargetPlatformManager: Display: Building Assets For Windows
[2019.01.16-10.50.19:964][  0]LogXGEController: Cleaning working directory: C:/Users/rainb/AppData/Local/Temp/UnrealXGEWorkingDir/
[2019.01.16-10.50.19:964][  0]LogXGEController: Cannot use XGE Controller as Incredibuild is not installed on this machine.
[2019.01.16-10.50.19:964][  0]LogShaderCompilers: Cannot use XGE Shader Compiler as Incredibuild is not installed on this machine.
[2019.01.16-10.50.19:964][  0]LogShaderCompilers: Display: Using Local Shader Compiler.
[2019.01.16-10.50.20:780][  0]LogDerivedDataCache: Display: Max Cache Size: 512 MB
[2019.01.16-10.50.20:840][  0]LogDerivedDataCache: Loaded boot cache 0.06s 71MB C:/Users/rainb/AppData/Local/UnrealEngine/4.20/DerivedDataCache/Boot.ddc.
[2019.01.16-10.50.20:841][  0]LogDerivedDataCache: Display: Loaded Boot cache: C:/Users/rainb/AppData/Local/UnrealEngine/4.20/DerivedDataCache/Boot.ddc
[2019.01.16-10.50.20:841][  0]LogDerivedDataCache: FDerivedDataBackendGraph:  Pak pak cache file ../../../../../../Unreal Projects/Proket_UE4_Veteran/Veteran/DerivedDataCache/DDC.ddp not found, will not use a pak cache.
[2019.01.16-10.50.20:841][  0]LogDerivedDataCache: Unable to find inner node Pak for hierarchical cache Hierarchy.
[2019.01.16-10.50.20:841][  0]LogDerivedDataCache: FDerivedDataBackendGraph:  CompressedPak pak cache file ../../../../../../Unreal Projects/Proket_UE4_Veteran/Veteran/DerivedDataCache/Compressed.ddp not found, will not use a pak cache.
[2019.01.16-10.50.20:841][  0]LogDerivedDataCache: Unable to find inner node CompressedPak for hierarchical cache Hierarchy.
[2019.01.16-10.50.20:855][  0]LogDerivedDataCache: Display: Pak cache opened for reading ../../../Engine/DerivedDataCache/Compressed.ddp.
[2019.01.16-10.50.20:868][  0]LogDerivedDataCache: Using Local data cache path C:/Users/rainb/AppData/Local/UnrealEngine/Common/DerivedDataCache: Writable
[2019.01.16-10.50.20:868][  0]LogDerivedDataCache: Shared data cache path not found in *engine.ini, will not use an Shared cache.
[2019.01.16-10.50.20:868][  0]LogDerivedDataCache: Unable to find inner node Shared for hierarchical cache Hierarchy.
[2019.01.16-10.50.20:890][  0]LogMaterial: Verifying Global Shaders for PCD3D_SM5
[2019.01.16-10.50.20:891][  0]LogSlate: Using FreeType 2.6.0
[2019.01.16-10.50.20:892][  0]LogSlate: SlateFontServices - WITH_FREETYPE: 1, WITH_HARFBUZZ: 1
[2019.01.16-10.50.20:982][  0]LogAssetRegistry: FAssetRegistry took 0.0271 seconds to start up
[2019.01.16-10.50.21:367][  0]LogInit: Selected Device Profile: [Windows]
[2019.01.16-10.50.21:512][  0]LogSimplygon: Simplygon DLL not present - disabling.
[2019.01.16-10.50.21:516][  0]LogMeshReduction: Using SimplygonSwarm for distributed automatic mesh merging
[2019.01.16-10.50.21:516][  0]LogMeshReduction: Using ProxyLODMeshReduction for automatic mesh merging
[2019.01.16-10.50.21:516][  0]LogMeshReduction: Using QuadricMeshReduction for automatic static mesh reduction
[2019.01.16-10.50.21:516][  0]LogMeshReduction: No automatic skeletal mesh reduction module available
[2019.01.16-10.50.21:536][  0]LogNetVersion: Veteran 1.0.0, NetCL: 4212847, EngineNetVer: 5, GameNetVer: 0 (Checksum: 2384537149)
[2019.01.16-10.50.22:073][  0]LogPackageLocalizationCache: Processed 11 localized package path(s) for 2 prioritized culture(s) in 0.098026 seconds
[2019.01.16-10.50.22:080][  0]LogUObjectArray: 38425 objects as part of root set at end of initial load.
[2019.01.16-10.50.22:080][  0]LogUObjectAllocator: 6690872 out of 0 bytes used by permanent object pool.
[2019.01.16-10.50.22:080][  0]LogUObjectArray: CloseDisregardForGC: 0/0 objects in disregard for GC pool
[2019.01.16-10.50.23:118][  0]LogTcpMessaging: Initializing TcpMessaging bridge
[2019.01.16-10.50.23:141][  0]LogUdpMessaging: Initializing bridge on interface 0.0.0.0:0 to multicast group 230.0.0.1:6666.
[2019.01.16-10.50.23:293][  0]SourceControl: Source control is disabled
[2019.01.16-10.50.23:294][  0]LogWindows: Warning: CreateProc failed: The system cannot find the file specified. (0x00000002)
[2019.01.16-10.50.23:294][  0]LogWindows: Warning: URL: C:/Program Files/Git/bin/git.exe version
[2019.01.16-10.50.23:294][  0]LogWindows: Warning: CreateProc failed: The system cannot find the file specified. (0x00000002)
[2019.01.16-10.50.23:294][  0]LogWindows: Warning: URL: C:/Program Files (x86)/Git/bin/git.exe version
[2019.01.16-10.50.23:294][  0]LogWindows: Warning: CreateProc failed: The system cannot find the file specified. (0x00000002)
[2019.01.16-10.50.23:294][  0]LogWindows: Warning: URL: C:\Users\rainb\AppData\Local/Programs/Git/cmd/git.exe version
[2019.01.16-10.50.23:295][  0]LogWindows: Warning: CreateProc failed: The system cannot find the file specified. (0x00000002)
[2019.01.16-10.50.23:295][  0]LogWindows: Warning: URL: C:/Program Files (x86)/SmartGit/git/bin/git.exe version
[2019.01.16-10.50.23:295][  0]LogWindows: Warning: CreateProc failed: The system cannot find the file specified. (0x00000002)
[2019.01.16-10.50.23:295][  0]LogWindows: Warning: URL: C:/Program Files (x86)/SmartGit/bin/git.exe version
[2019.01.16-10.50.24:320][  0]LogAndroidPermission: UAndroidPermissionCallbackProxy::GetInstance
[2019.01.16-10.50.24:527][  0]LogOcInput: OculusInput pre-init called
[2019.01.16-10.50.24:594][  0]LogEngine: Initializing Engine...
[2019.01.16-10.50.24:595][  0]LogHMD: Failed to initialize OpenVR with code 110
[2019.01.16-10.50.24:596][  0]LogStats: UGameplayTagsManager::ConstructGameplayTagTree: ImportINI prefixes -  0.000 s
[2019.01.16-10.50.24:596][  0]LogStats: UGameplayTagsManager::ConstructGameplayTagTree: Construct from data asset -  0.000 s
[2019.01.16-10.50.24:596][  0]LogStats: UGameplayTagsManager::ConstructGameplayTagTree: ImportINI -  0.000 s
[2019.01.16-10.50.24:596][  0]LogStats: UGameplayTagsManager::ConstructGameplayTagTree: GameplayTagTreeChangedEvent.Broadcast -  0.000 s
[2019.01.16-10.50.24:818][  0]LogInit: Initializing FReadOnlyCVARCache
[2019.01.16-10.50.24:832][  0]LogAIModule: Creating AISystem for world Untitled
[2019.01.16-10.50.24:884][  0]LogInit: XAudio2 using 'Speakers (Realtek High Definition Audio)' : 6 channels at 48 kHz using 32 bits per sample (channel mask 0x3f)
[2019.01.16-10.50.26:012][  0]LogInit: FAudioDevice initialized.
[2019.01.16-10.50.26:012][  0]LogNetVersion: Set ProjectVersion to 1.0.0.0. Version Checksum will be recalculated on next use.
[2019.01.16-10.50.26:165][  0]LogDerivedDataCache: Saved boot cache 0.15s 71MB C:/Users/rainb/AppData/Local/UnrealEngine/4.20/DerivedDataCache/Boot.ddc.
[2019.01.16-10.50.26:177][  0]LogInit: Texture streaming: Enabled
[2019.01.16-10.50.26:200][  0]LogEngineSessionManager: EngineSessionManager initialized
[2019.01.16-10.50.26:213][  0]LogInit: Transaction tracking system initialized
[2019.01.16-10.50.26:239][  0]BlueprintLog: New page: Editor Load
[2019.01.16-10.50.26:326][  0]LocalizationService: Localization service is disabled
[2019.01.16-10.50.26:604][  0]LogCook: Display: Max memory allowance for cook 16384mb min free memory 0mb
[2019.01.16-10.50.26:604][  0]LogCook: Display: Mobile HDR setting 1
[2019.01.16-10.50.26:604][  0]LogGameplayTags: Display: UGameplayTagsManager::DoneAddingNativeTags. DelegateIsBound: 0
[2019.01.16-10.50.26:604][  0]LogStats: UGameplayTagsManager::ConstructGameplayTagTree: ImportINI prefixes -  0.000 s
[2019.01.16-10.50.26:604][  0]LogStats: UGameplayTagsManager::ConstructGameplayTagTree: Construct from data asset -  0.000 s
[2019.01.16-10.50.26:604][  0]LogStats: UGameplayTagsManager::ConstructGameplayTagTree: ImportINI -  0.000 s
[2019.01.16-10.50.26:604][  0]LogStats: UGameplayTagsManager::ConstructGameplayTagTree: GameplayTagTreeChangedEvent.Broadcast -  0.000 s
[2019.01.16-10.50.26:749][  0]LogFileCache: Scanning file cache for directory 'D:/Unreal Projects/Proket_UE4_Veteran/Veteran/Content/' took 0.07s
[2019.01.16-10.50.26:749][  0]Cmd: MAP LOAD FILE="../../../../../../Unreal Projects/Proket_UE4_Veteran/Veteran/Content/SideScrollerBP/Maps/SideScrollerExampleMap.umap" TEMPLATE=0 SHOWPROGRESS=1 FEATURELEVEL=3
[2019.01.16-10.50.26:750][  0]LightingResults: New page: Lighting Build
[2019.01.16-10.50.26:753][  0]MapCheck: New page: Map Check
[2019.01.16-10.50.26:753][  0]LightingResults: New page: Lighting Build
[2019.01.16-10.50.27:218][  0]LogLinker: Warning: Can't find file '/Game/InfinityBladeEffects/Effects/FX_Textures/Gradient/T_SoftFallOff'
[2019.01.16-10.50.27:218][  0]LoadErrors: Failed to load /Game/InfinityBladeEffects/Effects/FX_Ability/Buff/P_Buff_Char_SpeedUp_01.P_Buff_Char_SpeedUp_01 Referenced by SpeedBoostParticle_GEN_VARIABLE
[2019.01.16-10.50.27:219][  0]LogLinker: Warning: Can't find file for asset '/Game/InfinityBladeEffects/Effects/FX_Textures/Gradient/T_SoftFallOff' while loading ../../../../../../Unreal Projects/Proket_UE4_Veteran/Veteran/Content/InfinityBladeEffects/Effects/FX_Materials/Gradient/M_Flare_03_INST.uasset.
[2019.01.16-10.50.27:219][  0]LoadErrors: Failed to load /Game/InfinityBladeEffects/Effects/FX_Ability/Buff/P_Buff_Char_SpeedUp_01.P_Buff_Char_SpeedUp_01 Referenced by SpeedBoostParticle_GEN_VARIABLE
[2019.01.16-10.50.27:219][  0]LoadErrors: Error: /Game/InfinityBladeEffects/Effects/FX_Materials/Gradient/M_Flare_03_INST : Can't find file for asset. /Game/InfinityBladeEffects/Effects/FX_Textures/Gradient/T_SoftFallOff
[2019.01.16-10.50.27:219][  0]LogLinker: Warning: Can't find file '/Game/InfinityBladeEffects/Effects/FX_Textures/Gradient/T_SoftFallOff'
[2019.01.16-10.50.27:219][  0]LoadErrors: Failed to load /Game/InfinityBladeEffects/Effects/FX_Ability/Buff/P_Buff_Char_SpeedUp_01.P_Buff_Char_SpeedUp_01 Referenced by SpeedBoostParticle_GEN_VARIABLE
[2019.01.16-10.50.27:219][  0]LogLinker: Warning: Can't find file for asset '/Game/InfinityBladeEffects/Effects/FX_Textures/Gradient/T_SoftFallOff' while loading ../../../../../../Unreal Projects/Proket_UE4_Veteran/Veteran/Content/InfinityBladeEffects/Effects/FX_Materials/Gradient/M_Flare_03_INST.uasset.
[2019.01.16-10.50.27:219][  0]LoadErrors: Failed to load /Game/InfinityBladeEffects/Effects/FX_Ability/Buff/P_Buff_Char_SpeedUp_01.P_Buff_Char_SpeedUp_01 Referenced by SpeedBoostParticle_GEN_VARIABLE
[2019.01.16-10.50.27:219][  0]LoadErrors: Error: /Game/InfinityBladeEffects/Effects/FX_Materials/Gradient/M_Flare_03_INST : Can't find file for asset. /Game/InfinityBladeEffects/Effects/FX_Textures/Gradient/T_SoftFallOff
[2019.01.16-10.50.27:222][  0]LogLinker: Warning: Can't find file '/Game/InfinityBladeEffects/Effects/FX_Textures/Gradient/T_GlowNoise_01'
[2019.01.16-10.50.27:222][  0]LoadErrors: Failed to load /Game/InfinityBladeEffects/Effects/FX_Ability/Buff/P_Buff_Char_SpeedUp_01.P_Buff_Char_SpeedUp_01 Referenced by SpeedBoostParticle_GEN_VARIABLE
[2019.01.16-10.50.27:222][  0]LogLinker: Warning: Can't find file for asset '/Game/InfinityBladeEffects/Effects/FX_Textures/Gradient/T_GlowNoise_01' while loading ../../../../../../Unreal Projects/Proket_UE4_Veteran/Veteran/Content/InfinityBladeEffects/Effects/FX_Materials/M_Shockwave_03_Add_INST.uasset.
[2019.01.16-10.50.27:222][  0]LoadErrors: Failed to load /Game/InfinityBladeEffects/Effects/FX_Ability/Buff/P_Buff_Char_SpeedUp_01.P_Buff_Char_SpeedUp_01 Referenced by SpeedBoostParticle_GEN_VARIABLE
[2019.01.16-10.50.27:222][  0]LoadErrors: Error: /Game/InfinityBladeEffects/Effects/FX_Materials/M_Shockwave_03_Add_INST : Can't find file for asset. /Game/InfinityBladeEffects/Effects/FX_Textures/Gradient/T_GlowNoise_01
[2019.01.16-10.50.27:223][  0]LogLinker: Warning: Can't find file '/Game/InfinityBladeEffects/Effects/FX_Textures/Gradient/T_GlowNoise_01'
[2019.01.16-10.50.27:223][  0]LoadErrors: Failed to load /Game/InfinityBladeEffects/Effects/FX_Ability/Buff/P_Buff_Char_SpeedUp_01.P_Buff_Char_SpeedUp_01 Referenced by SpeedBoostParticle_GEN_VARIABLE
[2019.01.16-10.50.27:223][  0]LogLinker: Warning: Can't find file for asset '/Game/InfinityBladeEffects/Effects/FX_Textures/Gradient/T_GlowNoise_01' while loading ../../../../../../Unreal Projects/Proket_UE4_Veteran/Veteran/Content/InfinityBladeEffects/Effects/FX_Materials/M_Shockwave_03_Add_INST.uasset.
[2019.01.16-10.50.27:223][  0]LoadErrors: Failed to load /Game/InfinityBladeEffects/Effects/FX_Ability/Buff/P_Buff_Char_SpeedUp_01.P_Buff_Char_SpeedUp_01 Referenced by SpeedBoostParticle_GEN_VARIABLE
[2019.01.16-10.50.27:223][  0]LoadErrors: Error: /Game/InfinityBladeEffects/Effects/FX_Materials/M_Shockwave_03_Add_INST : Can't find file for asset. /Game/InfinityBladeEffects/Effects/FX_Textures/Gradient/T_GlowNoise_01
[2019.01.16-10.50.27:524][  0]LogBlueprint: Error: [Compiler Kallari_AnimBlueprint] In use pin  <Unnamed>  no longer exists on node  Reset Combo . Please refresh node or break links to remove pin.
[2019.01.16-10.50.27:524][  0]LogBlueprint: Error: [Compiler Kallari_AnimBlueprint] In use pin  Target  no longer exists on node  Reset Combo . Please refresh node or break links to remove pin.
[2019.01.16-10.50.27:524][  0]LogBlueprint: Error: [Compiler Kallari_AnimBlueprint] Could not find a function named "ResetCombo" in 'SideScrollerCharacter_C'.
Make sure 'SideScrollerCharacter_C' has been compiled for  Reset Combo
[2019.01.16-10.50.27:524][  0]LogBlueprint: Error: [Compiler Kallari_AnimBlueprint] In use pin  <Unnamed>  no longer exists on node  Combo Attack Save . Please refresh node or break links to remove pin.
[2019.01.16-10.50.27:524][  0]LogBlueprint: Error: [Compiler Kallari_AnimBlueprint] In use pin  Target  no longer exists on node  Combo Attack Save . Please refresh node or break links to remove pin.
[2019.01.16-10.50.27:524][  0]LogBlueprint: Error: [Compiler Kallari_AnimBlueprint] Could not find a function named "ComboAttackSave" in 'SideScrollerCharacter_C'.
Make sure 'SideScrollerCharacter_C' has been compiled for  Combo Attack Save
[2019.01.16-10.50.27:536][  0]LogBlueprint: Error: [Compiler Kallari_AnimBlueprint] In use pin  <Unnamed>  no longer exists on node  Reset Combo . Please refresh node or break links to remove pin.
[2019.01.16-10.50.27:537][  0]LogBlueprint: Error: [Compiler Kallari_AnimBlueprint] In use pin  Target  no longer exists on node  Reset Combo . Please refresh node or break links to remove pin.
[2019.01.16-10.50.27:537][  0]LogBlueprint: Error: [Compiler Kallari_AnimBlueprint] Could not find a function named "ResetCombo" in 'SideScrollerCharacter_C'.
Make sure 'SideScrollerCharacter_C' has been compiled for  Reset Combo
[2019.01.16-10.50.27:537][  0]LogBlueprint: Error: [Compiler Kallari_AnimBlueprint] In use pin  <Unnamed>  no longer exists on node  Combo Attack Save . Please refresh node or break links to remove pin.
[2019.01.16-10.50.27:537][  0]LogBlueprint: Error: [Compiler Kallari_AnimBlueprint] In use pin  Target  no longer exists on node  Combo Attack Save . Please refresh node or break links to remove pin.
[2019.01.16-10.50.27:537][  0]LogBlueprint: Error: [Compiler Kallari_AnimBlueprint] Could not find a function named "ComboAttackSave" in 'SideScrollerCharacter_C'.
Make sure 'SideScrollerCharacter_C' has been compiled for  Combo Attack Save
[2019.01.16-10.50.27:594][  0]LogBlueprint: Warning: [Compiler Kallari_AnimBlueprint] [0011.57] Compile of Kallari_AnimBlueprint failed. 12 Fatal Issue(s) 0 Warning(s) [in 105 ms] (/Game/ParagonKallari/Characters/Heroes/Kallari/Kallari_AnimBlueprint.Kallari_AnimBlueprint)
[2019.01.16-10.50.27:973][  0]LogLinker: Warning: Can't find file '/Game/InfinityBladeEffects/Effects/FX_Textures/Gradient/T_GlowNoise_01'
[2019.01.16-10.50.27:974][  0]LoadErrors: Failed to load /Game/InfinityBladeEffects/Effects/FX_Textures/Gradient/T_GlowNoise_01.T_GlowNoise_01 Referenced by M_Shockwave_03_Add_INST
[2019.01.16-10.50.27:974][  0]LogLinker: Warning: Can't find file for asset '/Game/InfinityBladeEffects/Effects/FX_Textures/Gradient/T_GlowNoise_01' while loading NULL.
[2019.01.16-10.50.27:974][  0]LoadErrors: Failed to load /Game/InfinityBladeEffects/Effects/FX_Textures/Gradient/T_GlowNoise_01.T_GlowNoise_01 Referenced by M_Shockwave_03_Add_INST
[2019.01.16-10.50.27:974][  0]LogLinker: Warning: Can't find file '/Game/InfinityBladeEffects/Effects/FX_Textures/Gradient/T_SoftFallOff'
[2019.01.16-10.50.27:974][  0]LoadErrors: Failed to load /Game/InfinityBladeEffects/Effects/FX_Textures/Gradient/T_SoftFallOff.T_SoftFallOff Referenced by M_Flare_03_INST
[2019.01.16-10.50.27:974][  0]LogLinker: Warning: Can't find file for asset '/Game/InfinityBladeEffects/Effects/FX_Textures/Gradient/T_SoftFallOff' while loading NULL.
[2019.01.16-10.50.27:974][  0]LoadErrors: Failed to load /Game/InfinityBladeEffects/Effects/FX_Textures/Gradient/T_SoftFallOff.T_SoftFallOff Referenced by M_Flare_03_INST
[2019.01.16-10.50.28:530][  0]LogAIModule: Creating AISystem for world SideScrollerExampleMap
[2019.01.16-10.50.28:539][  0]LogStreaming: Display: ULevelStreaming::RequestLevel(/Game/MyLevels/Animations) is flushing async loading
[2019.01.16-10.50.28:539][  0]LogStreaming: Display: Flushing async loaders.
[2019.01.16-10.50.28:541][  0]LogLinker: Warning: Can't find file '/Game/MyLevels/Animations_BuiltData'
[2019.01.16-10.50.28:541][  0]LogLinker: Warning: Can't find file for asset '/Game/MyLevels/Animations_BuiltData' while loading NULL.
[2019.01.16-10.50.28:541][  0]LogLinker: Warning: Can't find file '/Game/MyLevels/Animations_BuiltData'
[2019.01.16-10.50.28:541][  0]LogLinker: Warning: Can't find file for asset '/Game/MyLevels/Animations_BuiltData' while loading NULL.
[2019.01.16-10.50.28:541][  0]LogLinker: Warning: Can't find file '/Game/MyLevels/Animations_BuiltData'
[2019.01.16-10.50.28:541][  0]LogLinker: Warning: Can't find file for asset '/Game/MyLevels/Animations_BuiltData' while loading NULL.
[2019.01.16-10.50.28:541][  0]LogLinker: Warning: Can't find file '/Game/MyLevels/Animations_BuiltData'
[2019.01.16-10.50.28:542][  0]LogLinker: Warning: Can't find file for asset '/Game/MyLevels/Animations_BuiltData' while loading NULL.
[2019.01.16-10.50.28:542][  0]LogLinker: Warning: Can't find file '/Game/MyLevels/Animations_BuiltData'
[2019.01.16-10.50.28:542][  0]LoadErrors: Failed to load /Game/MyLevels/Animations_BuiltData.Animations_BuiltData Referenced by PersistentLevel
[2019.01.16-10.50.28:542][  0]LogLinker: Warning: Can't find file for asset '/Game/MyLevels/Animations_BuiltData' while loading NULL.
[2019.01.16-10.50.28:542][  0]LoadErrors: Failed to load /Game/MyLevels/Animations_BuiltData.Animations_BuiltData Referenced by PersistentLevel
[2019.01.16-10.50.28:543][  0]LogStreaming: Display: ULevelStreaming::RequestLevel(/Game/MyLevels/VFX_SFX) is flushing async loading
[2019.01.16-10.50.28:544][  0]LogLinker: Warning: Can't find file '/Game/MyLevels/VFX_SFX_BuiltData'
[2019.01.16-10.50.28:545][  0]LogLinker: Warning: Can't find file for asset '/Game/MyLevels/VFX_SFX_BuiltData' while loading NULL.
[2019.01.16-10.50.28:545][  0]LogLinker: Warning: Can't find file '/Game/MyLevels/VFX_SFX_BuiltData'
[2019.01.16-10.50.28:545][  0]LogLinker: Warning: Can't find file for asset '/Game/MyLevels/VFX_SFX_BuiltData' while loading NULL.
[2019.01.16-10.50.28:545][  0]LogLinker: Warning: Can't find file '/Game/MyLevels/VFX_SFX_BuiltData'
[2019.01.16-10.50.28:545][  0]LogLinker: Warning: Can't find file for asset '/Game/MyLevels/VFX_SFX_BuiltData' while loading NULL.
[2019.01.16-10.50.28:545][  0]LogLinker: Warning: Can't find file '/Game/MyLevels/VFX_SFX_BuiltData'
[2019.01.16-10.50.28:545][  0]LogLinker: Warning: Can't find file for asset '/Game/MyLevels/VFX_SFX_BuiltData' while loading NULL.
[2019.01.16-10.50.28:546][  0]LogLinker: Warning: Can't find file '/Game/MyLevels/VFX_SFX_BuiltData'
[2019.01.16-10.50.28:546][  0]LoadErrors: Failed to load /Game/MyLevels/VFX_SFX_BuiltData.VFX_SFX_BuiltData Referenced by PersistentLevel
[2019.01.16-10.50.28:546][  0]LogLinker: Warning: Can't find file for asset '/Game/MyLevels/VFX_SFX_BuiltData' while loading NULL.
[2019.01.16-10.50.28:546][  0]LoadErrors: Failed to load /Game/MyLevels/VFX_SFX_BuiltData.VFX_SFX_BuiltData Referenced by PersistentLevel
[2019.01.16-10.50.28:547][  0]LogStreaming: Display: ULevelStreaming::RequestLevel(/Game/MyLevels/Lighting) is flushing async loading
[2019.01.16-10.50.28:548][  0]LogLinker: Warning: Can't find file '/Game/MyLevels/Lighting_BuiltData'
[2019.01.16-10.50.28:548][  0]LogLinker: Warning: Can't find file for asset '/Game/MyLevels/Lighting_BuiltData' while loading NULL.
[2019.01.16-10.50.28:548][  0]LogLinker: Warning: Can't find file '/Game/MyLevels/Lighting_BuiltData'
[2019.01.16-10.50.28:548][  0]LogLinker: Warning: Can't find file for asset '/Game/MyLevels/Lighting_BuiltData' while loading NULL.
[2019.01.16-10.50.28:549][  0]LogLinker: Warning: Can't find file '/Game/MyLevels/Lighting_BuiltData'
[2019.01.16-10.50.28:549][  0]LogLinker: Warning: Can't find file for asset '/Game/MyLevels/Lighting_BuiltData' while loading NULL.
[2019.01.16-10.50.28:549][  0]LogLinker: Warning: Can't find file '/Game/MyLevels/Lighting_BuiltData'
[2019.01.16-10.50.28:549][  0]LogLinker: Warning: Can't find file for asset '/Game/MyLevels/Lighting_BuiltData' while loading NULL.
[2019.01.16-10.50.28:549][  0]LogLinker: Warning: Can't find file '/Game/MyLevels/Lighting_BuiltData'
[2019.01.16-10.50.28:550][  0]LoadErrors: Failed to load /Game/MyLevels/Lighting_BuiltData.Lighting_BuiltData Referenced by PersistentLevel
[2019.01.16-10.50.28:550][  0]LogLinker: Warning: Can't find file for asset '/Game/MyLevels/Lighting_BuiltData' while loading NULL.
[2019.01.16-10.50.28:550][  0]LoadErrors: Failed to load /Game/MyLevels/Lighting_BuiltData.Lighting_BuiltData Referenced by PersistentLevel
[2019.01.16-10.50.28:551][  0]LogStreaming: Display: ULevelStreaming::RequestLevel(/Game/MyLevels/LD) is flushing async loading
[2019.01.16-10.50.28:556][  0]LogEditorServer: Finished looking for orphan Actors (0.000 secs)
[2019.01.16-10.50.28:585][  0]Cmd: MAP CHECKDEP NOCLEARLOG
[2019.01.16-10.50.28:707][  0]MapCheck: Map check complete: 0 Error(s), 0 Warning(s), took 121.285ms to complete.
[2019.01.16-10.50.28:707][  0]LogFileHelpers: Loading map 'SideScrollerExampleMap' took 1.958
[2019.01.16-10.50.28:803][  0]LogSlate: Updating window title bar state: overlay mode, drag disabled, window buttons hidden, title bar hidden
[2019.01.16-10.50.28:811][  0]LogSlate: Updating window title bar state: overlay mode, drag disabled, window buttons hidden, title bar hidden
[2019.01.16-10.50.28:821][  0]LogSlate: Updating window title bar state: overlay mode, drag disabled, window buttons hidden, title bar hidden
[2019.01.16-10.50.28:832][  0]LogSlate: Updating window title bar state: overlay mode, drag disabled, window buttons hidden, title bar hidden
[2019.01.16-10.50.28:839][  0]LogCollectionManager: Loaded 0 collections in 0.002668 seconds
[2019.01.16-10.50.28:882][  0]LogFileCache: Scanning file cache for directory 'D:/Unreal Projects/Proket_UE4_Veteran/Veteran/Saved/Collections/' took 0.01s
[2019.01.16-10.50.28:882][  0]LogFileCache: Scanning file cache for directory 'D:/Unreal Projects/Proket_UE4_Veteran/Veteran/Content/Developers/rainb/Collections/' took 0.01s
[2019.01.16-10.50.28:882][  0]LogFileCache: Scanning file cache for directory 'D:/Unreal Projects/Proket_UE4_Veteran/Veteran/Content/Collections/' took 0.01s
[2019.01.16-10.50.28:882][  0]LogCollectionManager: Rebuilt the GUID cache for 0 collections in 0.000000 seconds
[2019.01.16-10.50.28:894][  0]LogContentBrowser: Native class hierarchy populated in 0.0118 seconds. Added 2572 classes and 603 folders.
[2019.01.16-10.50.28:903][  0]LogContentBrowser: Native class hierarchy updated for 'WidgetCarousel' in 0.0003 seconds. Added 0 classes and 0 folders.
[2019.01.16-10.50.28:983][  0]LogContentBrowser: Native class hierarchy updated for 'AddContentDialog' in 0.0004 seconds. Added 0 classes and 0 folders.
[2019.01.16-10.50.28:989][  0]LogContentBrowser: Native class hierarchy updated for 'SceneOutliner' in 0.0003 seconds. Added 1 classes and 2 folders.
[2019.01.16-10.50.29:001][  0]LogContentBrowser: Native class hierarchy updated for 'WorldBrowser' in 0.0004 seconds. Added 2 classes and 3 folders.
[2019.01.16-10.50.29:029][  0]LogSlate: Took 0.000272 seconds to synchronously load lazily loaded font '../../../Engine/Content/Slate/Fonts/Roboto-Regular.ttf' (155K)
[2019.01.16-10.50.29:034][  0]LogSlate: Took 0.000501 seconds to synchronously load lazily loaded font '../../../Engine/Content/Slate/Fonts/Roboto-Bold.ttf' (160K)
[2019.01.16-10.50.29:042][  0]LogSlate: Took 0.000281 seconds to synchronously load lazily loaded font '../../../Engine/Content/Editor/Slate/Fonts/FontAwesome.ttf' (139K)
[2019.01.16-10.50.29:157][  0]LogRenderer: Reallocating scene render targets to support 1168x600 Format 10 NumSamples 1 (Frame:1).
[2019.01.16-10.50.29:317][  0]LogContentBrowser: Native class hierarchy updated for 'HierarchicalLODOutliner' in 0.0004 seconds. Added 0 classes and 0 folders.
[2019.01.16-10.50.29:317][  0]LogLoad: (Engine Initialization) Total time: 13.29 seconds
[2019.01.16-10.50.29:317][  0]LogLoad: (Engine Initialization) Total Blueprint compile time: 0.00 seconds
[2019.01.16-10.50.29:336][  0]LogWindowsTextInputMethodSystem: Display: IME system now deactivated.
[2019.01.16-10.50.29:373][  0]LogContentStreaming: Texture pool size now 1000 MB
[2019.01.16-10.50.29:375][  0]LogSlate: FSceneViewport::OnFocusLost() reason 2
[2019.01.16-10.50.29:402][  0]LogSlate: Took 0.000257 seconds to synchronously load lazily loaded font '../../../Engine/Content/Slate/Fonts/Roboto-Light.ttf' (167K)
[2019.01.16-10.50.31:820][140]LogSlate: Window 'Message Log' being destroyed
[2019.01.16-10.50.31:823][140]LogSlate: Window 'Message Log' being destroyed
[2019.01.16-10.50.34:431][293]LogFileCache: Retrieving MD5 hashes for directory 'D:/Unreal Projects/Proket_UE4_Veteran/Veteran/Content/' took 5.08s
[2019.01.16-10.50.36:284][404]LogEditorViewport: Clicking on Actor (context menu): BP_Sky_Sphere_C (SkySphereBlueprint)
[2019.01.16-10.50.38:091][404]LogSlate: FSceneViewport::OnFocusLost() reason 2
[2019.01.16-10.50.39:385][405]LogPackageName: Warning: String asset reference "JW_FlameDungeon.FX.SM_FX_Embers" is in short form, which is unsupported and -- even if valid -- resolving it will be really slow.
[2019.01.16-10.50.39:385][405]LogPackageName: Warning: Please consider resaving package in order to speed-up loading.
[2019.01.16-10.50.39:607][419]LogPackageName: SearchForPackageOnDisk took   0.281s, but failed to resolve JW_FlameDungeon.
[2019.01.16-10.50.39:607][419]LogPackageName: Warning: String asset reference "JW_FlameDungeon.FX.SM_FX_Embers" could not be resolved.
[2019.01.16-10.50.39:624][420]LogPackageName: Warning: String asset reference "JW_FlameDungeon.FX.SM_FogPlane02" is in short form, which is unsupported and -- even if valid -- resolving it will be really slow.
[2019.01.16-10.50.39:624][420]LogPackageName: Warning: Please consider resaving package in order to speed-up loading.
[2019.01.16-10.50.39:907][437]LogPackageName: SearchForPackageOnDisk took   0.279s, but failed to resolve JW_FlameDungeon.
[2019.01.16-10.50.39:907][437]LogPackageName: Warning: String asset reference "JW_FlameDungeon.FX.SM_FogPlane02" could not be resolved.
[2019.01.16-10.50.40:242][457]LogPackageName: Warning: String asset reference "StaticMesh'FX_Meshes_IB.SM_Debris_Box_RadialFull'" is in short form, which is unsupported and -- even if valid -- resolving it will be really slow.
[2019.01.16-10.50.40:242][457]LogPackageName: Warning: Please consider resaving package in order to speed-up loading.
[2019.01.16-10.50.40:508][473]LogPackageName: SearchForPackageOnDisk took   0.277s, but failed to resolve StaticMesh'FX_Meshes_IB.
[2019.01.16-10.50.40:508][473]LogPackageName: Warning: String asset reference "StaticMesh'FX_Meshes_IB.SM_Debris_Box_RadialFull'" could not be resolved.
[2019.01.16-10.50.40:564][476]LogPackageName: Warning: String asset reference "JW_Ice_Mountain.Mesh.SM_SnowBoulder" is in short form, which is unsupported and -- even if valid -- resolving it will be really slow.
[2019.01.16-10.50.40:564][476]LogPackageName: Warning: Please consider resaving package in order to speed-up loading.
[2019.01.16-10.50.40:841][493]LogPackageName: SearchForPackageOnDisk took   0.277s, but failed to resolve JW_Ice_Mountain.
[2019.01.16-10.50.40:841][493]LogPackageName: Warning: String asset reference "JW_Ice_Mountain.Mesh.SM_SnowBoulder" could not be resolved.
[2019.01.16-10.50.40:858][494]LogPackageName: Warning: String asset reference "FX_Meshes.UI.SM_SelectionMesh_01" is in short form, which is unsupported and -- even if valid -- resolving it will be really slow.
[2019.01.16-10.50.40:858][494]LogPackageName: Warning: Please consider resaving package in order to speed-up loading.
[2019.01.16-10.50.41:142][511]LogPackageName: SearchForPackageOnDisk took   0.280s, but failed to resolve FX_Meshes.
[2019.01.16-10.50.41:142][511]LogPackageName: Warning: String asset reference "FX_Meshes.UI.SM_SelectionMesh_01" could not be resolved.
[2019.01.16-10.50.41:142][511]LogPackageName: Warning: String asset reference "FX_Meshes.UI.SM_SelectionMesh_01" is in short form, which is unsupported and -- even if valid -- resolving it will be really slow.
[2019.01.16-10.50.41:142][511]LogPackageName: Warning: Please consider resaving package in order to speed-up loading.
[2019.01.16-10.50.41:408][527]LogPackageName: SearchForPackageOnDisk took   0.274s, but failed to resolve FX_Meshes.
[2019.01.16-10.50.41:408][527]LogPackageName: Warning: String asset reference "FX_Meshes.UI.SM_SelectionMesh_01" could not be resolved.
[2019.01.16-10.50.41:424][528]LogPackageName: Warning: String asset reference "'FX_Ambient.Meshes.SM_Bats'" is in short form, which is unsupported and -- even if valid -- resolving it will be really slow.
[2019.01.16-10.50.41:424][528]LogPackageName: Warning: Please consider resaving package in order to speed-up loading.
[2019.01.16-10.50.41:699][544]LogPackageName: SearchForPackageOnDisk took   0.279s, but failed to resolve 'FX_Ambient.
[2019.01.16-10.50.41:699][544]LogPackageName: Warning: String asset reference "'FX_Ambient.Meshes.SM_Bats'" could not be resolved.
[2019.01.16-10.50.41:716][545]LogPackageName: Warning: String asset reference "CastleEffects.TouchToMoveArrow" is in short form, which is unsupported and -- even if valid -- resolving it will be really slow.
[2019.01.16-10.50.41:716][545]LogPackageName: Warning: Please consider resaving package in order to speed-up loading.
[2019.01.16-10.50.41:999][562]LogPackageName: SearchForPackageOnDisk took   0.279s, but failed to resolve CastleEffects.
[2019.01.16-10.50.41:999][562]LogPackageName: Warning: String asset reference "CastleEffects.TouchToMoveArrow" could not be resolved.
[2019.01.16-10.50.42:149][571]LogPackageName: Warning: String asset reference "StaticMesh'FX_Meshes.Fire.SM_Dungeon_Pipes_Lava01_Cool'" is in short form, which is unsupported and -- even if valid -- resolving it will be really slow.
[2019.01.16-10.50.42:149][571]LogPackageName: Warning: Please consider resaving package in order to speed-up loading.
[2019.01.16-10.50.42:433][588]LogPackageName: SearchForPackageOnDisk took   0.282s, but failed to resolve StaticMesh'FX_Meshes.
[2019.01.16-10.50.42:433][588]LogPackageName: Warning: String asset reference "StaticMesh'FX_Meshes.Fire.SM_Dungeon_Pipes_Lava01_Cool'" could not be resolved.
[2019.01.16-10.50.42:433][588]LogPackageName: Warning: String asset reference "m_FogSheet_02" is in short form, which is unsupported and -- even if valid -- resolving it will be really slow.
[2019.01.16-10.50.42:433][588]LogPackageName: Warning: Please consider resaving package in order to speed-up loading.
[2019.01.16-10.50.42:732][606]LogPackageName: SearchForPackageOnDisk took   0.296s, but failed to resolve m_FogSheet_02.
[2019.01.16-10.50.42:732][606]LogPackageName: Warning: String asset reference "m_FogSheet_02" could not be resolved.
[2019.01.16-10.50.42:766][608]LogPackageName: Warning: String asset reference "FX_Test_LAN.Meshes.SM_IceWall01" is in short form, which is unsupported and -- even if valid -- resolving it will be really slow.
[2019.01.16-10.50.42:766][608]LogPackageName: Warning: Please consider resaving package in order to speed-up loading.
[2019.01.16-10.50.43:032][624]LogPackageName: SearchForPackageOnDisk took   0.282s, but failed to resolve FX_Test_LAN.
[2019.01.16-10.50.43:032][624]LogPackageName: Warning: String asset reference "FX_Test_LAN.Meshes.SM_IceWall01" could not be resolved.
[2019.01.16-10.50.45:817][791]LogPackageName: Warning: String asset reference "JW_Ice_Mountain.Mesh.SM_SnowBoulder" is in short form, which is unsupported and -- even if valid -- resolving it will be really slow.
[2019.01.16-10.50.45:817][791]LogPackageName: Warning: Please consider resaving package in order to speed-up loading.
[2019.01.16-10.50.46:149][811]LogPackageName: SearchForPackageOnDisk took   0.336s, but failed to resolve JW_Ice_Mountain.
[2019.01.16-10.50.46:149][811]LogPackageName: Warning: String asset reference "JW_Ice_Mountain.Mesh.SM_SnowBoulder" could not be resolved.
[2019.01.16-10.50.46:866][854]LogPackageName: Warning: String asset reference "Env_Ice_Rocky.Mesh.Env_Ice_MelancholicTroll01" is in short form, which is unsupported and -- even if valid -- resolving it will be really slow.
[2019.01.16-10.50.46:866][854]LogPackageName: Warning: Please consider resaving package in order to speed-up loading.
[2019.01.16-10.50.47:285][879]LogPackageName: SearchForPackageOnDisk took   0.421s, but failed to resolve Env_Ice_Rocky.
[2019.01.16-10.50.47:285][879]LogPackageName: Warning: String asset reference "Env_Ice_Rocky.Mesh.Env_Ice_MelancholicTroll01" could not be resolved.
[2019.01.16-10.50.47:285][879]LogPackageName: Warning: String asset reference "Env_Ice_Rocky.Mesh.Env_Ice_MelancholicTroll01" is in short form, which is unsupported and -- even if valid -- resolving it will be really slow.
[2019.01.16-10.50.47:285][879]LogPackageName: Warning: Please consider resaving package in order to speed-up loading.
[2019.01.16-10.50.47:684][903]LogPackageName: SearchForPackageOnDisk took   0.405s, but failed to resolve Env_Ice_Rocky.
[2019.01.16-10.50.47:684][903]LogPackageName: Warning: String asset reference "Env_Ice_Rocky.Mesh.Env_Ice_MelancholicTroll01" could not be resolved.
[2019.01.16-10.50.47:684][903]LogPackageName: Warning: String asset reference "Env_Ice_Rocky.Mesh.Env_Ice_NordHeed01" is in short form, which is unsupported and -- even if valid -- resolving it will be really slow.
[2019.01.16-10.50.47:684][903]LogPackageName: Warning: Please consider resaving package in order to speed-up loading.
[2019.01.16-10.50.48:100][928]LogPackageName: SearchForPackageOnDisk took   0.404s, but failed to resolve Env_Ice_Rocky.
[2019.01.16-10.50.48:100][928]LogPackageName: Warning: String asset reference "Env_Ice_Rocky.Mesh.Env_Ice_NordHeed01" could not be resolved.
[2019.01.16-10.50.48:100][928]LogPackageName: Warning: String asset reference "Env_Ice_Rocky.Mesh.Env_Ice_NordHeed01" is in short form, which is unsupported and -- even if valid -- resolving it will be really slow.
[2019.01.16-10.50.48:100][928]LogPackageName: Warning: Please consider resaving package in order to speed-up loading.
[2019.01.16-10.50.48:516][953]LogPackageName: SearchForPackageOnDisk took   0.420s, but failed to resolve Env_Ice_Rocky.
[2019.01.16-10.50.48:516][953]LogPackageName: Warning: String asset reference "Env_Ice_Rocky.Mesh.Env_Ice_NordHeed01" could not be resolved.
[2019.01.16-10.50.48:516][953]LogPackageName: Warning: String asset reference "Fire_Fortress.SM.SM_Fire_Furnace_01" is in short form, which is unsupported and -- even if valid -- resolving it will be really slow.
[2019.01.16-10.50.48:516][953]LogPackageName: Warning: Please consider resaving package in order to speed-up loading.
[2019.01.16-10.50.48:915][977]LogPackageName: SearchForPackageOnDisk took   0.400s, but failed to resolve Fire_Fortress.
[2019.01.16-10.50.48:916][977]LogPackageName: Warning: String asset reference "Fire_Fortress.SM.SM_Fire_Furnace_01" could not be resolved.
[2019.01.16-10.50.48:916][977]LogPackageName: Warning: String asset reference "Fire_Fortress.SM.SM_Fire_Furnace_01" is in short form, which is unsupported and -- even if valid -- resolving it will be really slow.
[2019.01.16-10.50.48:916][977]LogPackageName: Warning: Please consider resaving package in order to speed-up loading.
[2019.01.16-10.50.49:299][  0]LogPackageName: SearchForPackageOnDisk took   0.388s, but failed to resolve Fire_Fortress.
[2019.01.16-10.50.49:299][  0]LogPackageName: Warning: String asset reference "Fire_Fortress.SM.SM_Fire_Furnace_01" could not be resolved.
[2019.01.16-10.51.03:659][859]LogCollectionManager: Rebuilt the object cache for 0 collections in 0.000000 seconds (found 0 objects)
[2019.01.16-10.51.06:695][938]LogSlate: Took 0.000272 seconds to synchronously load lazily loaded font '../../../Engine/Content/Slate/Fonts/Roboto-Light.ttf' (167K)
[2019.01.16-10.51.06:702][938]LogAssetEditorManager: Opening Asset editor for Blueprint /Game/MyBlueprints/Enemies/EnemyEye.EnemyEye
[2019.01.16-10.51.08:023][938]LogContentBrowser: Native class hierarchy updated for 'BlueprintGraph' in 0.0007 seconds. Added 116 classes and 0 folders.
[2019.01.16-10.51.11:171][938]LogSlate: Took 0.050278 seconds to synchronously load lazily loaded font '../../../Engine/Content/Slate/Fonts/Roboto-BoldCondensed.ttf' (158K)
[2019.01.16-10.51.12:360][939]LogSlate: Took 0.022293 seconds to synchronously load lazily loaded font '../../../Engine/Content/Slate/Fonts/Roboto-Italic.ttf' (157K)
[2019.01.16-10.51.28:187][825]LogAssetRegistry: Asset discovery search completed in 67.2280 seconds
[2019.01.16-10.51.28:191][825]LogCollectionManager: Fixed up redirectors for 0 collections in 0.000015 seconds (updated 0 objects)
[2019.01.16-10.52.26:101][116]LogTemp: Repeating last play command: Selected Viewport
[2019.01.16-10.52.26:132][116]LogBlueprintUserMessages: Early PlayInEditor Detection: Level '/Game/SideScrollerBP/Maps/SideScrollerExampleMap.SideScrollerExampleMap:PersistentLevel' has LevelScriptBlueprint '/Game/SideScrollerBP/Maps/SideScrollerExampleMap.SideScrollerExampleMap:PersistentLevel.SideScrollerExampleMap' with GeneratedClass '/Game/SideScrollerBP/Maps/SideScrollerExampleMap.SideScrollerExampleMap_C' with ClassGeneratedBy '/Game/SideScrollerBP/Maps/SideScrollerExampleMap.SideScrollerExampleMap:PersistentLevel.SideScrollerExampleMap'
[2019.01.16-10.52.26:132][116]LogPlayLevel: PlayLevel: No blueprints needed recompiling
[2019.01.16-10.52.29:885][116]LogSlate: Window 'Message' being destroyed
[2019.01.16-10.52.29:936][116]PIE: New page: PIE session: SideScrollerExampleMap (Jan 16, 2019, 11:52:29 AM)
[2019.01.16-10.52.29:936][116]LogPlayLevel: Creating play world package: /Game/SideScrollerBP/Maps/UEDPIE_0_SideScrollerExampleMap
[2019.01.16-10.52.30:028][116]LogPlayLevel: PIE: StaticDuplicateObject took: (0.091300s)
[2019.01.16-10.52.30:028][116]LogAIModule: Creating AISystem for world SideScrollerExampleMap
[2019.01.16-10.52.30:028][116]LogPlayLevel: PIE: World Init took: (0.000886s)
[2019.01.16-10.52.30:029][116]LogPlayLevel: PIE: Created PIE world by copying editor world from /Game/SideScrollerBP/Maps/SideScrollerExampleMap.SideScrollerExampleMap to /Game/SideScrollerBP/Maps/UEDPIE_0_SideScrollerExampleMap.SideScrollerExampleMap (0.092392s)
[2019.01.16-10.52.30:122][116]LogInit: XAudio2 using 'Speakers (Realtek High Definition Audio)' : 6 channels at 48 kHz using 32 bits per sample (channel mask 0x3f)
[2019.01.16-10.52.30:969][116]LogInit: FAudioDevice initialized.
[2019.01.16-10.52.31:040][116]LogSlate: FSceneViewport::OnFocusLost() reason 2
[2019.01.16-10.52.31:091][116]LogLoad: Game class is 'SideScrollerGameMode_C'
[2019.01.16-10.52.31:107][116]LogWorld: Bringing World /Game/SideScrollerBP/Maps/UEDPIE_0_SideScrollerExampleMap.SideScrollerExampleMap up for play (max tick rate 60) at 2019.01.16-11.52.31
[2019.01.16-10.52.31:125][116]LogWorld: Bringing up level for play took: 0.019319
[2019.01.16-10.52.31:230][116]LogContentBrowser: Native class hierarchy updated for 'MovieSceneCapture' in 0.0003 seconds. Added 10 classes and 0 folders.
[2019.01.16-10.52.31:329][116]PIE: Play in editor start time for /Game/SideScrollerBP/Maps/UEDPIE_0_SideScrollerExampleMap 4.275
[2019.01.16-10.52.31:329][116]LogBlueprintUserMessages: Late PlayInEditor Detection: Level '/Game/SideScrollerBP/Maps/SideScrollerExampleMap.SideScrollerExampleMap:PersistentLevel' has LevelScriptBlueprint '/Game/SideScrollerBP/Maps/SideScrollerExampleMap.SideScrollerExampleMap:PersistentLevel.SideScrollerExampleMap' with GeneratedClass '/Game/SideScrollerBP/Maps/SideScrollerExampleMap.SideScrollerExampleMap_C' with ClassGeneratedBy '/Game/SideScrollerBP/Maps/SideScrollerExampleMap.SideScrollerExampleMap:PersistentLevel.SideScrollerExampleMap'
[2019.01.16-10.52.33:475][230]LogBlueprintUserMessages: Early EndPlayMap Detection: Level '/Game/SideScrollerBP/Maps/SideScrollerExampleMap.SideScrollerExampleMap:PersistentLevel' has LevelScriptBlueprint '/Game/SideScrollerBP/Maps/SideScrollerExampleMap.SideScrollerExampleMap:PersistentLevel.SideScrollerExampleMap' with GeneratedClass '/Game/SideScrollerBP/Maps/SideScrollerExampleMap.SideScrollerExampleMap_C' with ClassGeneratedBy '/Game/SideScrollerBP/Maps/SideScrollerExampleMap.SideScrollerExampleMap:PersistentLevel.SideScrollerExampleMap'
[2019.01.16-10.52.33:533][230]LogSlate: Updating window title bar state: overlay mode, drag disabled, window buttons hidden, title bar hidden
[2019.01.16-10.52.33:567][230]LogPlayLevel: Display: Shutting down PIE online subsystems
[2019.01.16-10.52.33:567][230]LogBlueprintUserMessages: Late EndPlayMap Detection: Level '/Game/SideScrollerBP/Maps/SideScrollerExampleMap.SideScrollerExampleMap:PersistentLevel' has LevelScriptBlueprint '/Game/SideScrollerBP/Maps/SideScrollerExampleMap.SideScrollerExampleMap:PersistentLevel.SideScrollerExampleMap' with GeneratedClass '/Game/SideScrollerBP/Maps/SideScrollerExampleMap.SideScrollerExampleMap_C' with ClassGeneratedBy '/Game/SideScrollerBP/Maps/SideScrollerExampleMap.SideScrollerExampleMap:PersistentLevel.SideScrollerExampleMap'
[2019.01.16-10.52.33:765][230]LogSlate: Updating window title bar state: overlay mode, drag disabled, window buttons hidden, title bar hidden
[2019.01.16-10.52.33:784][231]LogPlayLevel: Display: Destroying online subsystem :Context_3
[2019.01.16-10.52.34:555][277]LogSlate: FSceneViewport::OnFocusLost() reason 0
[2019.01.16-10.52.34:902][289]LogSlate: Window 'EnemyEye' being destroyed
[2019.01.16-10.52.35:153][304]LogSlate: FSceneViewport::OnFocusLost() reason 0
[2019.01.16-10.52.35:935][351]LogTemp: Repeating last play command: Selected Viewport
[2019.01.16-10.52.35:945][351]LogBlueprintUserMessages: Early PlayInEditor Detection: Level '/Game/SideScrollerBP/Maps/SideScrollerExampleMap.SideScrollerExampleMap:PersistentLevel' has LevelScriptBlueprint '/Game/SideScrollerBP/Maps/SideScrollerExampleMap.SideScrollerExampleMap:PersistentLevel.SideScrollerExampleMap' with GeneratedClass '/Game/SideScrollerBP/Maps/SideScrollerExampleMap.SideScrollerExampleMap_C' with ClassGeneratedBy '/Game/SideScrollerBP/Maps/SideScrollerExampleMap.SideScrollerExampleMap:PersistentLevel.SideScrollerExampleMap'
[2019.01.16-10.52.35:945][351]LogPlayLevel: PlayLevel: No blueprints needed recompiling
[2019.01.16-10.52.35:945][351]PIE: New page: PIE session: SideScrollerExampleMap (Jan 16, 2019, 11:52:35 AM)
[2019.01.16-10.52.35:945][351]LogPlayLevel: Creating play world package: /Game/SideScrollerBP/Maps/UEDPIE_0_SideScrollerExampleMap
[2019.01.16-10.52.35:956][351]LogPlayLevel: PIE: StaticDuplicateObject took: (0.010761s)
[2019.01.16-10.52.35:957][351]LogAIModule: Creating AISystem for world SideScrollerExampleMap
[2019.01.16-10.52.35:957][351]LogPlayLevel: PIE: World Init took: (0.000678s)
[2019.01.16-10.52.35:957][351]LogPlayLevel: PIE: Created PIE world by copying editor world from /Game/SideScrollerBP/Maps/SideScrollerExampleMap.SideScrollerExampleMap to /Game/SideScrollerBP/Maps/UEDPIE_0_SideScrollerExampleMap.SideScrollerExampleMap (0.011585s)
[2019.01.16-10.52.36:027][351]LogInit: XAudio2 using 'Speakers (Realtek High Definition Audio)' : 6 channels at 48 kHz using 32 bits per sample (channel mask 0x3f)
[2019.01.16-10.52.36:689][351]LogInit: FAudioDevice initialized.
[2019.01.16-10.52.36:737][351]LogLoad: Game class is 'SideScrollerGameMode_C'
[2019.01.16-10.52.36:741][351]LogWorld: Bringing World /Game/SideScrollerBP/Maps/UEDPIE_0_SideScrollerExampleMap.SideScrollerExampleMap up for play (max tick rate 60) at 2019.01.16-11.52.36
[2019.01.16-10.52.36:741][351]LogWorld: Bringing up level for play took: 0.001955
[2019.01.16-10.52.36:754][351]PIE: Play in editor start time for /Game/SideScrollerBP/Maps/UEDPIE_0_SideScrollerExampleMap 1.702
[2019.01.16-10.52.36:754][351]LogBlueprintUserMessages: Late PlayInEditor Detection: Level '/Game/SideScrollerBP/Maps/SideScrollerExampleMap.SideScrollerExampleMap:PersistentLevel' has LevelScriptBlueprint '/Game/SideScrollerBP/Maps/SideScrollerExampleMap.SideScrollerExampleMap:PersistentLevel.SideScrollerExampleMap' with GeneratedClass '/Game/SideScrollerBP/Maps/SideScrollerExampleMap.SideScrollerExampleMap_C' with ClassGeneratedBy '/Game/SideScrollerBP/Maps/SideScrollerExampleMap.SideScrollerExampleMap:PersistentLevel.SideScrollerExampleMap'
[2019.01.16-10.52.50:141][151]Set new viewmode: Wireframe
[2019.01.16-10.52.50:258][158]LogBlueprintUserMessages: Early EndPlayMap Detection: Level '/Game/SideScrollerBP/Maps/SideScrollerExampleMap.SideScrollerExampleMap:PersistentLevel' has LevelScriptBlueprint '/Game/SideScrollerBP/Maps/SideScrollerExampleMap.SideScrollerExampleMap:PersistentLevel.SideScrollerExampleMap' with GeneratedClass '/Game/SideScrollerBP/Maps/SideScrollerExampleMap.SideScrollerExampleMap_C' with ClassGeneratedBy '/Game/SideScrollerBP/Maps/SideScrollerExampleMap.SideScrollerExampleMap:PersistentLevel.SideScrollerExampleMap'
[2019.01.16-10.52.50:258][158]LogSlate: Updating window title bar state: overlay mode, drag disabled, window buttons hidden, title bar hidden
[2019.01.16-10.52.50:295][158]LogPlayLevel: Display: Shutting down PIE online subsystems
[2019.01.16-10.52.50:295][158]LogBlueprintUserMessages: Late EndPlayMap Detection: Level '/Game/SideScrollerBP/Maps/SideScrollerExampleMap.SideScrollerExampleMap:PersistentLevel' has LevelScriptBlueprint '/Game/SideScrollerBP/Maps/SideScrollerExampleMap.SideScrollerExampleMap:PersistentLevel.SideScrollerExampleMap' with GeneratedClass '/Game/SideScrollerBP/Maps/SideScrollerExampleMap.SideScrollerExampleMap_C' with ClassGeneratedBy '/Game/SideScrollerBP/Maps/SideScrollerExampleMap.SideScrollerExampleMap:PersistentLevel.SideScrollerExampleMap'
[2019.01.16-10.52.50:507][158]LogSlate: Updating window title bar state: overlay mode, drag disabled, window buttons hidden, title bar hidden
[2019.01.16-10.52.50:529][159]LogPlayLevel: Display: Destroying online subsystem :Context_4
[2019.01.16-10.54.22:291][221]LogSlate: FSceneViewport::OnFocusLost() reason 0
[2019.01.16-10.56.23:158][583]LogSlate: FSceneViewport::OnFocusLost() reason 0
[2019.01.16-10.56.53:657][405]LogAssetEditorManager: Opening Asset editor for Blueprint /Game/SideScrollerBP/Blueprints/SideScrollerCharacter.SideScrollerCharacter
[2019.01.16-10.58.48:586][754]LogAssetEditorManager: Opening Asset editor for Blueprint /Game/ParagonKallari/Characters/Heroes/Kallari/KallariPlayerCharacter.KallariPlayerCharacter
[2019.01.16-10.59.31:755][196]BlueprintLog: New page: Compile SideScrollerCharacter
[2019.01.16-10.59.44:136][880]LogTemp: Repeating last play command: Selected Viewport
[2019.01.16-10.59.44:169][880]LogBlueprintUserMessages: Early PlayInEditor Detection: Level '/Game/SideScrollerBP/Maps/SideScrollerExampleMap.SideScrollerExampleMap:PersistentLevel' has LevelScriptBlueprint '/Game/SideScrollerBP/Maps/SideScrollerExampleMap.SideScrollerExampleMap:PersistentLevel.SideScrollerExampleMap' with GeneratedClass '/Game/SideScrollerBP/Maps/SideScrollerExampleMap.SideScrollerExampleMap_C' with ClassGeneratedBy '/Game/SideScrollerBP/Maps/SideScrollerExampleMap.SideScrollerExampleMap:PersistentLevel.SideScrollerExampleMap'
[2019.01.16-10.59.44:169][880]LogPlayLevel: PlayLevel: No blueprints needed recompiling
[2019.01.16-10.59.44:169][880]PIE: New page: PIE session: SideScrollerExampleMap (Jan 16, 2019, 11:59:44 AM)
[2019.01.16-10.59.44:169][880]LogPlayLevel: Creating play world package: /Game/SideScrollerBP/Maps/UEDPIE_0_SideScrollerExampleMap
[2019.01.16-10.59.44:181][880]LogPlayLevel: PIE: StaticDuplicateObject took: (0.011617s)
[2019.01.16-10.59.44:182][880]LogAIModule: Creating AISystem for world SideScrollerExampleMap
[2019.01.16-10.59.44:182][880]LogPlayLevel: PIE: World Init took: (0.000787s)
[2019.01.16-10.59.44:182][880]LogPlayLevel: PIE: Created PIE world by copying editor world from /Game/SideScrollerBP/Maps/SideScrollerExampleMap.SideScrollerExampleMap to /Game/SideScrollerBP/Maps/UEDPIE_0_SideScrollerExampleMap.SideScrollerExampleMap (0.012553s)
[2019.01.16-10.59.44:259][880]LogInit: XAudio2 using 'Speakers (Realtek High Definition Audio)' : 6 channels at 48 kHz using 32 bits per sample (channel mask 0x3f)
[2019.01.16-10.59.45:067][880]LogInit: FAudioDevice initialized.
[2019.01.16-10.59.45:101][880]LogLoad: Game class is 'SideScrollerGameMode_C'
[2019.01.16-10.59.45:104][880]LogWorld: Bringing World /Game/SideScrollerBP/Maps/UEDPIE_0_SideScrollerExampleMap.SideScrollerExampleMap up for play (max tick rate 60) at 2019.01.16-11.59.45
[2019.01.16-10.59.45:105][880]LogWorld: Bringing up level for play took: 0.001506
[2019.01.16-10.59.45:118][880]PIE: Play in editor start time for /Game/SideScrollerBP/Maps/UEDPIE_0_SideScrollerExampleMap 0.065
[2019.01.16-10.59.45:118][880]LogBlueprintUserMessages: Late PlayInEditor Detection: Level '/Game/SideScrollerBP/Maps/SideScrollerExampleMap.SideScrollerExampleMap:PersistentLevel' has LevelScriptBlueprint '/Game/SideScrollerBP/Maps/SideScrollerExampleMap.SideScrollerExampleMap:PersistentLevel.SideScrollerExampleMap' with GeneratedClass '/Game/SideScrollerBP/Maps/SideScrollerExampleMap.SideScrollerExampleMap_C' with ClassGeneratedBy '/Game/SideScrollerBP/Maps/SideScrollerExampleMap.SideScrollerExampleMap:PersistentLevel.SideScrollerExampleMap'
[2019.01.16-10.59.49:730][152]LogBlueprintUserMessages: Early EndPlayMap Detection: Level '/Game/SideScrollerBP/Maps/SideScrollerExampleMap.SideScrollerExampleMap:PersistentLevel' has LevelScriptBlueprint '/Game/SideScrollerBP/Maps/SideScrollerExampleMap.SideScrollerExampleMap:PersistentLevel.SideScrollerExampleMap' with GeneratedClass '/Game/SideScrollerBP/Maps/SideScrollerExampleMap.SideScrollerExampleMap_C' with ClassGeneratedBy '/Game/SideScrollerBP/Maps/SideScrollerExampleMap.SideScrollerExampleMap:PersistentLevel.SideScrollerExampleMap'
[2019.01.16-10.59.49:730][152]LogSlate: Updating window title bar state: overlay mode, drag disabled, window buttons hidden, title bar hidden
[2019.01.16-10.59.49:769][152]LogPlayLevel: Display: Shutting down PIE online subsystems
[2019.01.16-10.59.49:769][152]LogBlueprintUserMessages: Late EndPlayMap Detection: Level '/Game/SideScrollerBP/Maps/SideScrollerExampleMap.SideScrollerExampleMap:PersistentLevel' has LevelScriptBlueprint '/Game/SideScrollerBP/Maps/SideScrollerExampleMap.SideScrollerExampleMap:PersistentLevel.SideScrollerExampleMap' with GeneratedClass '/Game/SideScrollerBP/Maps/SideScrollerExampleMap.SideScrollerExampleMap_C' with ClassGeneratedBy '/Game/SideScrollerBP/Maps/SideScrollerExampleMap.SideScrollerExampleMap:PersistentLevel.SideScrollerExampleMap'
[2019.01.16-10.59.49:990][152]LogSlate: Updating window title bar state: overlay mode, drag disabled, window buttons hidden, title bar hidden
[2019.01.16-10.59.50:018][153]LogPlayLevel: Display: Destroying online subsystem :Context_10
[2019.01.16-10.59.53:278][347]LogSlate: FSceneViewport::OnFocusLost() reason 0
[2019.01.16-10.59.59:667][703]LogAssetEditorManager: Opening Asset editor for AnimBlueprint /Game/ParagonKallari/Characters/Heroes/Kallari/Kallari_AnimBlueprint.Kallari_AnimBlueprint
[2019.01.16-10.59.59:837][703]LogContentBrowser: Native class hierarchy updated for 'SkeletonEditor' in 0.0003 seconds. Added 1 classes and 2 folders.
[2019.01.16-11.00.00:362][703]LogActorComponent: RegisterComponentWithWorld: (/Engine/Transient.World_8:PersistentLevel.AnimationEditorPreviewActor_0.DebugSkelMeshComponent_0) Already registered. Aborting.
[2019.01.16-11.00.00:471][703]LogContentBrowser: Native class hierarchy updated for 'PinnedCommandList' in 0.0002 seconds. Added 1 classes and 0 folders.
[2019.01.16-11.00.01:044][703]LogSkeletalMesh: USkeletalMeshComponent::InitArticulated : Bodies already created (/Engine/Transient.World_8:PersistentLevel.AnimationEditorPreviewActor_0.DebugSkelMeshComponent_0) - call TermArticulated first.
[2019.01.16-11.00.01:897][703]LogContentBrowser: Native class hierarchy updated for 'ClothingSystemEditorInterface' in 0.0003 seconds. Added 1 classes and 0 folders.
[2019.01.16-11.00.02:154][703]LogContentBrowser: Verbose: The majority of assets in the view are of type: AnimSequence
[2019.01.16-11.00.05:907][924]BlueprintLog: New page: Compile Kallari_AnimBlueprint
[2019.01.16-11.00.06:010][924]LogScript: Warning: Script Msg: Divide by zero detected: 0.000000 / 0
Script call stack:
	Function /Game/ParagonKallari/Characters/Heroes/Kallari/Kallari_AnimBlueprint.Kallari_AnimBlueprint_C:BlueprintUpdateAnimation
	Function /Game/ParagonKallari/Characters/Heroes/Kallari/Kallari_AnimBlueprint.Kallari_AnimBlueprint_C:ExecuteUbergraph_Kallari_AnimBlueprint

[2019.01.16-11.00.06:052][924]LogScript: Warning: Script Msg: Divide by zero detected: 89.999992 / 0
Script call stack:
	Function /Game/ParagonKallari/Characters/Heroes/Kallari/Kallari_AnimBlueprint.Kallari_AnimBlueprint_C:BlueprintUpdateAnimation
	Function /Game/ParagonKallari/Characters/Heroes/Kallari/Kallari_AnimBlueprint.Kallari_AnimBlueprint_C:ExecuteUbergraph_Kallari_AnimBlueprint

[2019.01.16-11.00.06:053][924]LogScript: Warning: Script Msg: Divide by zero detected: 0.000000 / 0
Script call stack:
	Function /Game/ParagonKallari/Characters/Heroes/Kallari/Kallari_AnimBlueprint.Kallari_AnimBlueprint_C:BlueprintUpdateAnimation
	Function /Game/ParagonKallari/Characters/Heroes/Kallari/Kallari_AnimBlueprint.Kallari_AnimBlueprint_C:ExecuteUbergraph_Kallari_AnimBlueprint

[2019.01.16-11.00.06:054][924]LogScript: Warning: Script Msg: Divide by zero detected: 0.000000 / 0
Script call stack:
	Function /Game/ParagonKallari/Characters/Heroes/Kallari/Kallari_AnimBlueprint.Kallari_AnimBlueprint_C:BlueprintUpdateAnimation
	Function /Game/ParagonKallari/Characters/Heroes/Kallari/Kallari_AnimBlueprint.Kallari_AnimBlueprint_C:ExecuteUbergraph_Kallari_AnimBlueprint

[2019.01.16-11.00.09:356][ 75]LogSavePackage: Moving '../../../../../../Unreal Projects/Proket_UE4_Veteran/Veteran/Saved/Kallari_AnimBlueprintEFD68097499B4235E7A9D5B8C7DC2AEB.tmp' to '../../../../../../Unreal Projects/Proket_UE4_Veteran/Veteran/Content/ParagonKallari/Characters/Heroes/Kallari/Kallari_AnimBlueprint.uasset'
[2019.01.16-11.00.12:112][218]LogSavePackage: Moving '../../../../../../Unreal Projects/Proket_UE4_Veteran/Veteran/Saved/SideScrollerCharacter9D4C2AB744A7AD22FA17BCAED53160EA.tmp' to '../../../../../../Unreal Projects/Proket_UE4_Veteran/Veteran/Content/SideScrollerBP/Blueprints/SideScrollerCharacter.uasset'
[2019.01.16-11.00.13:922][325]LogTemp: Repeating last play command: Selected Viewport
[2019.01.16-11.00.13:936][325]LogBlueprintUserMessages: Early PlayInEditor Detection: Level '/Game/SideScrollerBP/Maps/SideScrollerExampleMap.SideScrollerExampleMap:PersistentLevel' has LevelScriptBlueprint '/Game/SideScrollerBP/Maps/SideScrollerExampleMap.SideScrollerExampleMap:PersistentLevel.SideScrollerExampleMap' with GeneratedClass '/Game/SideScrollerBP/Maps/SideScrollerExampleMap.SideScrollerExampleMap_C' with ClassGeneratedBy '/Game/SideScrollerBP/Maps/SideScrollerExampleMap.SideScrollerExampleMap:PersistentLevel.SideScrollerExampleMap'
[2019.01.16-11.00.13:936][325]LogPlayLevel: PlayLevel: No blueprints needed recompiling
[2019.01.16-11.00.13:936][325]PIE: New page: PIE session: SideScrollerExampleMap (Jan 16, 2019, 12:00:13 PM)
[2019.01.16-11.00.13:936][325]LogPlayLevel: Creating play world package: /Game/SideScrollerBP/Maps/UEDPIE_0_SideScrollerExampleMap
[2019.01.16-11.00.13:949][325]LogPlayLevel: PIE: StaticDuplicateObject took: (0.013795s)
[2019.01.16-11.00.13:950][325]LogAIModule: Creating AISystem for world SideScrollerExampleMap
[2019.01.16-11.00.13:950][325]LogPlayLevel: PIE: World Init took: (0.000897s)
[2019.01.16-11.00.13:950][325]LogPlayLevel: PIE: Created PIE world by copying editor world from /Game/SideScrollerBP/Maps/SideScrollerExampleMap.SideScrollerExampleMap to /Game/SideScrollerBP/Maps/UEDPIE_0_SideScrollerExampleMap.SideScrollerExampleMap (0.014875s)
[2019.01.16-11.00.14:052][325]LogInit: XAudio2 using 'Speakers (Realtek High Definition Audio)' : 6 channels at 48 kHz using 32 bits per sample (channel mask 0x3f)
[2019.01.16-11.00.15:085][325]LogInit: FAudioDevice initialized.
[2019.01.16-11.00.15:118][325]LogLoad: Game class is 'SideScrollerGameMode_C'
[2019.01.16-11.00.15:122][325]LogScript: Warning: Script Msg: Divide by zero detected: 89.999992 / 0
Script call stack:
	Function /Game/ParagonKallari/Characters/Heroes/Kallari/Kallari_AnimBlueprint.Kallari_AnimBlueprint_C:BlueprintUpdateAnimation
	Function /Game/ParagonKallari/Characters/Heroes/Kallari/Kallari_AnimBlueprint.Kallari_AnimBlueprint_C:ExecuteUbergraph_Kallari_AnimBlueprint

[2019.01.16-11.00.15:123][325]LogWorld: Bringing World /Game/SideScrollerBP/Maps/UEDPIE_0_SideScrollerExampleMap.SideScrollerExampleMap up for play (max tick rate 60) at 2019.01.16-12.00.15
[2019.01.16-11.00.15:123][325]LogWorld: Bringing up level for play took: 0.002099
[2019.01.16-11.00.15:136][325]PIE: Play in editor start time for /Game/SideScrollerBP/Maps/UEDPIE_0_SideScrollerExampleMap 2.083
[2019.01.16-11.00.15:137][325]LogBlueprintUserMessages: Late PlayInEditor Detection: Level '/Game/SideScrollerBP/Maps/SideScrollerExampleMap.SideScrollerExampleMap:PersistentLevel' has LevelScriptBlueprint '/Game/SideScrollerBP/Maps/SideScrollerExampleMap.SideScrollerExampleMap:PersistentLevel.SideScrollerExampleMap' with GeneratedClass '/Game/SideScrollerBP/Maps/SideScrollerExampleMap.SideScrollerExampleMap_C' with ClassGeneratedBy '/Game/SideScrollerBP/Maps/SideScrollerExampleMap.SideScrollerExampleMap:PersistentLevel.SideScrollerExampleMap'
[2019.01.16-11.00.17:094][442]LogParticles: Warning: Particle Notify: Particle system is null for particle notify 'PlayParticleEffect' in anim: '/Game/ParagonKallari/Characters/Heroes/Kallari/Animations/LevelStart_Montage.LevelStart_Montage'
[2019.01.16-11.00.45:169][124]LogBlueprintUserMessages: Early EndPlayMap Detection: Level '/Game/SideScrollerBP/Maps/SideScrollerExampleMap.SideScrollerExampleMap:PersistentLevel' has LevelScriptBlueprint '/Game/SideScrollerBP/Maps/SideScrollerExampleMap.SideScrollerExampleMap:PersistentLevel.SideScrollerExampleMap' with GeneratedClass '/Game/SideScrollerBP/Maps/SideScrollerExampleMap.SideScrollerExampleMap_C' with ClassGeneratedBy '/Game/SideScrollerBP/Maps/SideScrollerExampleMap.SideScrollerExampleMap:PersistentLevel.SideScrollerExampleMap'
[2019.01.16-11.00.45:169][124]LogSlate: Updating window title bar state: overlay mode, drag disabled, window buttons hidden, title bar hidden
[2019.01.16-11.00.45:224][124]LogPlayLevel: Display: Shutting down PIE online subsystems
[2019.01.16-11.00.45:224][124]LogBlueprintUserMessages: Late EndPlayMap Detection: Level '/Game/SideScrollerBP/Maps/SideScrollerExampleMap.SideScrollerExampleMap:PersistentLevel' has LevelScriptBlueprint '/Game/SideScrollerBP/Maps/SideScrollerExampleMap.SideScrollerExampleMap:PersistentLevel.SideScrollerExampleMap' with GeneratedClass '/Game/SideScrollerBP/Maps/SideScrollerExampleMap.SideScrollerExampleMap_C' with ClassGeneratedBy '/Game/SideScrollerBP/Maps/SideScrollerExampleMap.SideScrollerExampleMap:PersistentLevel.SideScrollerExampleMap'
[2019.01.16-11.00.45:471][124]LogSlate: Updating window title bar state: overlay mode, drag disabled, window buttons hidden, title bar hidden
[2019.01.16-11.00.45:501][125]LogPlayLevel: Display: Destroying online subsystem :Context_16
[2019.01.16-11.00.46:652][194]LogSlate: FSceneViewport::OnFocusLost() reason 0
[2019.01.16-11.02.09:430][ 40]LogScript: Warning: Script Msg: Divide by zero detected: 0.000000 / 0
Script call stack:
	Function /Game/ParagonKallari/Characters/Heroes/Kallari/Kallari_AnimBlueprint.Kallari_AnimBlueprint_C:BlueprintUpdateAnimation
	Function /Game/ParagonKallari/Characters/Heroes/Kallari/Kallari_AnimBlueprint.Kallari_AnimBlueprint_C:ExecuteUbergraph_Kallari_AnimBlueprint

[2019.01.16-11.02.09:433][ 40]LogScript: Warning: Script Msg: Divide by zero detected: 0.000000 / 0
Script call stack:
	Function /Game/ParagonKallari/Characters/Heroes/Kallari/Kallari_AnimBlueprint.Kallari_AnimBlueprint_C:BlueprintUpdateAnimation
	Function /Game/ParagonKallari/Characters/Heroes/Kallari/Kallari_AnimBlueprint.Kallari_AnimBlueprint_C:ExecuteUbergraph_Kallari_AnimBlueprint

[2019.01.16-11.02.09:436][ 40]LogScript: Warning: Script Msg: Divide by zero detected: 0.000000 / 0
Script call stack:
	Function /Game/ParagonKallari/Characters/Heroes/Kallari/Kallari_AnimBlueprint.Kallari_AnimBlueprint_C:BlueprintUpdateAnimation
	Function /Game/ParagonKallari/Characters/Heroes/Kallari/Kallari_AnimBlueprint.Kallari_AnimBlueprint_C:ExecuteUbergraph_Kallari_AnimBlueprint

[2019.01.16-11.02.53:984][657]BlueprintLog: New page: Compile SideScrollerCharacter
[2019.01.16-11.02.54:125][657]LogScript: Warning: Script Msg: Divide by zero detected: 89.999992 / 0
Script call stack:
	Function /Game/ParagonKallari/Characters/Heroes/Kallari/Kallari_AnimBlueprint.Kallari_AnimBlueprint_C:BlueprintUpdateAnimation
	Function /Game/ParagonKallari/Characters/Heroes/Kallari/Kallari_AnimBlueprint.Kallari_AnimBlueprint_C:ExecuteUbergraph_Kallari_AnimBlueprint

[2019.01.16-11.02.54:127][657]LogScript: Warning: Script Msg: Divide by zero detected: 89.999992 / 0
Script call stack:
	Function /Game/ParagonKallari/Characters/Heroes/Kallari/Kallari_AnimBlueprint.Kallari_AnimBlueprint_C:BlueprintUpdateAnimation
	Function /Game/ParagonKallari/Characters/Heroes/Kallari/Kallari_AnimBlueprint.Kallari_AnimBlueprint_C:ExecuteUbergraph_Kallari_AnimBlueprint

[2019.01.16-11.02.54:128][657]LogScript: Warning: Script Msg: Divide by zero detected: 0.000000 / 0
Script call stack:
	Function /Game/ParagonKallari/Characters/Heroes/Kallari/Kallari_AnimBlueprint.Kallari_AnimBlueprint_C:BlueprintUpdateAnimation
	Function /Game/ParagonKallari/Characters/Heroes/Kallari/Kallari_AnimBlueprint.Kallari_AnimBlueprint_C:ExecuteUbergraph_Kallari_AnimBlueprint

[2019.01.16-11.02.54:130][657]LogScript: Warning: Script Msg: Divide by zero detected: 0.000000 / 0
Script call stack:
	Function /Game/ParagonKallari/Characters/Heroes/Kallari/Kallari_AnimBlueprint.Kallari_AnimBlueprint_C:BlueprintUpdateAnimation
	Function /Game/ParagonKallari/Characters/Heroes/Kallari/Kallari_AnimBlueprint.Kallari_AnimBlueprint_C:ExecuteUbergraph_Kallari_AnimBlueprint

[2019.01.16-11.02.54:130][657]LogScript: Warning: Script Msg: Divide by zero detected: 0.000000 / 0
Script call stack:
	Function /Game/ParagonKallari/Characters/Heroes/Kallari/Kallari_AnimBlueprint.Kallari_AnimBlueprint_C:BlueprintUpdateAnimation
	Function /Game/ParagonKallari/Characters/Heroes/Kallari/Kallari_AnimBlueprint.Kallari_AnimBlueprint_C:ExecuteUbergraph_Kallari_AnimBlueprint

[2019.01.16-11.02.54:132][657]LogScript: Warning: Script Msg: Divide by zero detected: 0.000000 / 0
Script call stack:
	Function /Game/ParagonKallari/Characters/Heroes/Kallari/Kallari_AnimBlueprint.Kallari_AnimBlueprint_C:BlueprintUpdateAnimation
	Function /Game/ParagonKallari/Characters/Heroes/Kallari/Kallari_AnimBlueprint.Kallari_AnimBlueprint_C:ExecuteUbergraph_Kallari_AnimBlueprint

[2019.01.16-11.02.54:336][657]LogScript: Warning: Script Msg: Divide by zero detected: 0.000000 / 0
Script call stack:
	Function /Game/ParagonKallari/Characters/Heroes/Kallari/Kallari_AnimBlueprint.Kallari_AnimBlueprint_C:BlueprintUpdateAnimation
	Function /Game/ParagonKallari/Characters/Heroes/Kallari/Kallari_AnimBlueprint.Kallari_AnimBlueprint_C:ExecuteUbergraph_Kallari_AnimBlueprint

[2019.01.16-11.02.54:338][657]LogScript: Warning: Script Msg: Divide by zero detected: 0.000000 / 0
Script call stack:
	Function /Game/ParagonKallari/Characters/Heroes/Kallari/Kallari_AnimBlueprint.Kallari_AnimBlueprint_C:BlueprintUpdateAnimation
	Function /Game/ParagonKallari/Characters/Heroes/Kallari/Kallari_AnimBlueprint.Kallari_AnimBlueprint_C:ExecuteUbergraph_Kallari_AnimBlueprint

[2019.01.16-11.02.54:339][657]LogScript: Warning: Script Msg: Divide by zero detected: 0.000000 / 0
Script call stack:
	Function /Game/ParagonKallari/Characters/Heroes/Kallari/Kallari_AnimBlueprint.Kallari_AnimBlueprint_C:BlueprintUpdateAnimation
	Function /Game/ParagonKallari/Characters/Heroes/Kallari/Kallari_AnimBlueprint.Kallari_AnimBlueprint_C:ExecuteUbergraph_Kallari_AnimBlueprint

[2019.01.16-11.02.54:340][657]LogScript: Warning: Script Msg: Divide by zero detected: 0.000000 / 0
Script call stack:
	Function /Game/ParagonKallari/Characters/Heroes/Kallari/Kallari_AnimBlueprint.Kallari_AnimBlueprint_C:BlueprintUpdateAnimation
	Function /Game/ParagonKallari/Characters/Heroes/Kallari/Kallari_AnimBlueprint.Kallari_AnimBlueprint_C:ExecuteUbergraph_Kallari_AnimBlueprint

[2019.01.16-11.02.54:376][657]LogScript: Warning: Script Msg: Divide by zero detected: 0.000000 / 0
Script call stack:
	Function /Game/ParagonKallari/Characters/Heroes/Kallari/Kallari_AnimBlueprint.Kallari_AnimBlueprint_C:BlueprintUpdateAnimation
	Function /Game/ParagonKallari/Characters/Heroes/Kallari/Kallari_AnimBlueprint.Kallari_AnimBlueprint_C:ExecuteUbergraph_Kallari_AnimBlueprint

[2019.01.16-11.02.54:378][657]LogScript: Warning: Script Msg: Divide by zero detected: 0.000000 / 0
Script call stack:
	Function /Game/ParagonKallari/Characters/Heroes/Kallari/Kallari_AnimBlueprint.Kallari_AnimBlueprint_C:BlueprintUpdateAnimation
	Function /Game/ParagonKallari/Characters/Heroes/Kallari/Kallari_AnimBlueprint.Kallari_AnimBlueprint_C:ExecuteUbergraph_Kallari_AnimBlueprint

[2019.01.16-11.02.54:379][657]LogScript: Warning: Script Msg: Divide by zero detected: 0.000000 / 0
Script call stack:
	Function /Game/ParagonKallari/Characters/Heroes/Kallari/Kallari_AnimBlueprint.Kallari_AnimBlueprint_C:BlueprintUpdateAnimation
	Function /Game/ParagonKallari/Characters/Heroes/Kallari/Kallari_AnimBlueprint.Kallari_AnimBlueprint_C:ExecuteUbergraph_Kallari_AnimBlueprint

[2019.01.16-11.03.00:230][996]LogTemp: Repeating last play command: Selected Viewport
[2019.01.16-11.03.00:262][996]LogBlueprintUserMessages: Early PlayInEditor Detection: Level '/Game/SideScrollerBP/Maps/SideScrollerExampleMap.SideScrollerExampleMap:PersistentLevel' has LevelScriptBlueprint '/Game/SideScrollerBP/Maps/SideScrollerExampleMap.SideScrollerExampleMap:PersistentLevel.SideScrollerExampleMap' with GeneratedClass '/Game/SideScrollerBP/Maps/SideScrollerExampleMap.SideScrollerExampleMap_C' with ClassGeneratedBy '/Game/SideScrollerBP/Maps/SideScrollerExampleMap.SideScrollerExampleMap:PersistentLevel.SideScrollerExampleMap'
[2019.01.16-11.03.00:263][996]LogPlayLevel: PlayLevel: No blueprints needed recompiling
[2019.01.16-11.03.00:263][996]PIE: New page: PIE session: SideScrollerExampleMap (Jan 16, 2019, 12:03:00 PM)
[2019.01.16-11.03.00:263][996]LogPlayLevel: Creating play world package: /Game/SideScrollerBP/Maps/UEDPIE_0_SideScrollerExampleMap
[2019.01.16-11.03.00:274][996]LogPlayLevel: PIE: StaticDuplicateObject took: (0.011399s)
[2019.01.16-11.03.00:275][996]LogAIModule: Creating AISystem for world SideScrollerExampleMap
[2019.01.16-11.03.00:276][996]LogPlayLevel: PIE: World Init took: (0.001331s)
[2019.01.16-11.03.00:276][996]LogPlayLevel: PIE: Created PIE world by copying editor world from /Game/SideScrollerBP/Maps/SideScrollerExampleMap.SideScrollerExampleMap to /Game/SideScrollerBP/Maps/UEDPIE_0_SideScrollerExampleMap.SideScrollerExampleMap (0.012946s)
[2019.01.16-11.03.00:353][996]LogInit: XAudio2 using 'Speakers (Realtek High Definition Audio)' : 6 channels at 48 kHz using 32 bits per sample (channel mask 0x3f)
[2019.01.16-11.03.01:185][996]LogInit: FAudioDevice initialized.
[2019.01.16-11.03.01:215][996]LogLoad: Game class is 'SideScrollerGameMode_C'
[2019.01.16-11.03.01:218][996]LogScript: Warning: Script Msg: Divide by zero detected: 89.999992 / 0
Script call stack:
	Function /Game/ParagonKallari/Characters/Heroes/Kallari/Kallari_AnimBlueprint.Kallari_AnimBlueprint_C:BlueprintUpdateAnimation
	Function /Game/ParagonKallari/Characters/Heroes/Kallari/Kallari_AnimBlueprint.Kallari_AnimBlueprint_C:ExecuteUbergraph_Kallari_AnimBlueprint

[2019.01.16-11.03.01:218][996]LogWorld: Bringing World /Game/SideScrollerBP/Maps/UEDPIE_0_SideScrollerExampleMap.SideScrollerExampleMap up for play (max tick rate 60) at 2019.01.16-12.03.01
[2019.01.16-11.03.01:219][996]LogWorld: Bringing up level for play took: 0.001555
[2019.01.16-11.03.01:231][996]PIE: Play in editor start time for /Game/SideScrollerBP/Maps/UEDPIE_0_SideScrollerExampleMap 0.178
[2019.01.16-11.03.01:232][996]LogBlueprintUserMessages: Late PlayInEditor Detection: Level '/Game/SideScrollerBP/Maps/SideScrollerExampleMap.SideScrollerExampleMap:PersistentLevel' has LevelScriptBlueprint '/Game/SideScrollerBP/Maps/SideScrollerExampleMap.SideScrollerExampleMap:PersistentLevel.SideScrollerExampleMap' with GeneratedClass '/Game/SideScrollerBP/Maps/SideScrollerExampleMap.SideScrollerExampleMap_C' with ClassGeneratedBy '/Game/SideScrollerBP/Maps/SideScrollerExampleMap.SideScrollerExampleMap:PersistentLevel.SideScrollerExampleMap'
[2019.01.16-11.03.25:128][428]LogBlueprintUserMessages: Early EndPlayMap Detection: Level '/Game/SideScrollerBP/Maps/SideScrollerExampleMap.SideScrollerExampleMap:PersistentLevel' has LevelScriptBlueprint '/Game/SideScrollerBP/Maps/SideScrollerExampleMap.SideScrollerExampleMap:PersistentLevel.SideScrollerExampleMap' with GeneratedClass '/Game/SideScrollerBP/Maps/SideScrollerExampleMap.SideScrollerExampleMap_C' with ClassGeneratedBy '/Game/SideScrollerBP/Maps/SideScrollerExampleMap.SideScrollerExampleMap:PersistentLevel.SideScrollerExampleMap'
[2019.01.16-11.03.25:129][428]LogSlate: Updating window title bar state: overlay mode, drag disabled, window buttons hidden, title bar hidden
[2019.01.16-11.03.25:172][428]LogPlayLevel: Display: Shutting down PIE online subsystems
[2019.01.16-11.03.25:173][428]LogBlueprintUserMessages: Late EndPlayMap Detection: Level '/Game/SideScrollerBP/Maps/SideScrollerExampleMap.SideScrollerExampleMap:PersistentLevel' has LevelScriptBlueprint '/Game/SideScrollerBP/Maps/SideScrollerExampleMap.SideScrollerExampleMap:PersistentLevel.SideScrollerExampleMap' with GeneratedClass '/Game/SideScrollerBP/Maps/SideScrollerExampleMap.SideScrollerExampleMap_C' with ClassGeneratedBy '/Game/SideScrollerBP/Maps/SideScrollerExampleMap.SideScrollerExampleMap:PersistentLevel.SideScrollerExampleMap'
[2019.01.16-11.03.25:427][428]LogSlate: Updating window title bar state: overlay mode, drag disabled, window buttons hidden, title bar hidden
[2019.01.16-11.03.25:458][429]LogPlayLevel: Display: Destroying online subsystem :Context_18
[2019.01.16-11.03.34:824][990]LogSlate: FSceneViewport::OnFocusLost() reason 0
[2019.01.16-11.03.47:225][684]LogSavePackage: Moving '../../../../../../Unreal Projects/Proket_UE4_Veteran/Veteran/Saved/SideScrollerExampleMap09FEA52E417C692AB4BABFB8AB83BEE0.tmp' to '../../../../../../Unreal Projects/Proket_UE4_Veteran/Veteran/Content/SideScrollerBP/Maps/SideScrollerExampleMap.umap'
[2019.01.16-11.03.47:237][684]LogFileHelpers: Saving map 'SideScrollerExampleMap' took 0.428
[2019.01.16-11.03.47:418][684]LogSavePackage: Moving '../../../../../../Unreal Projects/Proket_UE4_Veteran/Veteran/Saved/SideScrollerCharacter1EE353E84DB1FB55AB4F44AB5BFA9D49.tmp' to '../../../../../../Unreal Projects/Proket_UE4_Veteran/Veteran/Content/SideScrollerBP/Blueprints/SideScrollerCharacter.uasset'
[2019.01.16-11.03.50:993][893]SourceControl: fatal: D:/Epic Games/Unreal Engine/UE_4.20/Engine/Content: 'D:/Epic Games/Unreal Engine/UE_4.20/Engine/Content' is outside repository
[2019.01.16-11.04.22:631][893]LogSlate: Window 'Submit Files' being destroyed
[2019.01.16-11.04.26:169][893]LogSourceControl: commit successful: [master 63825b8] Anims
[2019.01.16-11.04.26:484][893]SourceControl: [master 63825b8] Anims
[2019.01.16-11.04.26:484][893]SourceControl:  3 files changed, 0 insertions(+), 0 deletions(-)
[2019.01.16-11.04.26:484][893]SourceControl:  rewrite Veteran/Content/SideScrollerBP/Blueprints/SideScrollerCharacter.uasset (86%)
[2019.01.16-11.04.26:492][893]SourceControl: Commited [master 63825b8] Anims.
