Log file open, 01/09/19 16:08:18
LogWindows: Failed to load 'aqProf.dll' (GetLastError=126)
LogWindows: File 'aqProf.dll' does not exist
LogWindows: Failed to load 'VSPerf140.dll' (GetLastError=126)
LogWindows: File 'VSPerf140.dll' does not exist
LogWindows: Failed to load 'VtuneApi.dll' (GetLastError=126)
LogWindows: File 'VtuneApi.dll' does not exist
LogWindows: Failed to load 'VtuneApi32e.dll' (GetLastError=126)
LogWindows: File 'VtuneApi32e.dll' does not exist
LogInit: Display: Running engine for game: Veteran
LogPlatformFile: Not using cached read wrapper
LogTaskGraph: Started task graph with 5 named threads and 23 total threads with 3 sets of task threads.
LogStats: Stats thread started at 0.291422
LogD3D11RHI: Loaded GFSDK_Aftermath_Lib.x64.dll
LogICUInternationalization: Display: ICU TimeZone Detection - Raw Offset: +1:00, Platform Override: ''
LogPluginManager: Mounting plugin Paper2D
LogPluginManager: Mounting plugin AISupport
LogPluginManager: Mounting plugin LightPropagationVolume
LogPluginManager: Mounting plugin CLionSourceCodeAccess
LogPluginManager: Mounting plugin CodeLiteSourceCodeAccess
LogPluginManager: Mounting plugin GitSourceControl
LogPluginManager: Mounting plugin KDevelopSourceCodeAccess
LogPluginManager: Mounting plugin NullSourceCodeAccess
LogPluginManager: Mounting plugin PerforceSourceControl
LogPluginManager: Mounting plugin SubversionSourceControl
LogPluginManager: Mounting plugin UObjectPlugin
LogPluginManager: Mounting plugin VisualStudioCodeSourceCodeAccess
LogPluginManager: Mounting plugin VisualStudioSourceCodeAccess
LogPluginManager: Mounting plugin XCodeSourceCodeAccess
LogPluginManager: Mounting plugin AssetManagerEditor
LogPluginManager: Mounting plugin CryptoKeys
LogPluginManager: Mounting plugin DataValidation
LogPluginManager: Mounting plugin FacialAnimation
LogPluginManager: Mounting plugin GameplayTagsEditor
LogPluginManager: Mounting plugin MacGraphicsSwitching
LogPluginManager: Mounting plugin MeshEditor
LogPluginManager: Mounting plugin MobileLauncherProfileWizard
LogPluginManager: Mounting plugin PluginBrowser
LogPluginManager: Mounting plugin SpeedTreeImporter
LogPluginManager: Mounting plugin DatasmithContent
LogPluginManager: Mounting plugin AlembicImporter
LogPluginManager: Mounting plugin AppleImageUtils
LogPluginManager: Mounting plugin AppleVision
LogPluginManager: Mounting plugin BackChannel
LogPluginManager: Mounting plugin CharacterAI
LogPluginManager: Mounting plugin GeometryCache
LogPluginManager: Mounting plugin HTML5Networking
LogPluginManager: Mounting plugin ProxyLODPlugin
LogPluginManager: Mounting plugin MagicLeap
LogPluginManager: Mounting plugin MagicLeapEmulator
LogPluginManager: Mounting plugin MagicLeapMedia
LogPluginManager: Mounting plugin AndroidMedia
LogPluginManager: Mounting plugin AvfMedia
LogPluginManager: Mounting plugin ImgMedia
LogPluginManager: Mounting plugin LinearTimecode
LogPluginManager: Mounting plugin MediaCompositing
LogPluginManager: Mounting plugin MediaPlayerEditor
LogPluginManager: Mounting plugin WmfMedia
LogPluginManager: Mounting plugin TcpMessaging
LogPluginManager: Mounting plugin UdpMessaging
LogPluginManager: Mounting plugin ActorSequence
LogPluginManager: Mounting plugin LevelSequenceEditor
LogPluginManager: Mounting plugin MatineeToLevelSequence
LogPluginManager: Mounting plugin NetcodeUnitTest
LogPluginManager: Mounting plugin NUTUnrealEngine4
LogPluginManager: Mounting plugin OnlineSubsystemGooglePlay
LogPluginManager: Mounting plugin OnlineSubsystemIOS
LogPluginManager: Mounting plugin OnlineSubsystem
LogPluginManager: Mounting plugin OnlineSubsystemNull
LogPluginManager: Mounting plugin OnlineSubsystemUtils
LogPluginManager: Mounting plugin LauncherChunkInstaller
LogPluginManager: Mounting plugin AndroidDeviceProfileSelector
LogPluginManager: Mounting plugin AndroidMoviePlayer
LogPluginManager: Mounting plugin AndroidPermission
LogPluginManager: Mounting plugin AppleMoviePlayer
LogPluginManager: Mounting plugin ArchVisCharacter
LogPluginManager: Mounting plugin AudioCapture
LogPluginManager: Mounting plugin CableComponent
LogPluginManager: Mounting plugin CustomMeshComponent
LogPluginManager: Mounting plugin EditableMesh
LogPluginManager: Mounting plugin ExampleDeviceProfileSelector
LogPluginManager: Mounting plugin GoogleCloudMessaging
LogPluginManager: Mounting plugin ImmediatePhysics
LogPluginManager: Mounting plugin IOSDeviceProfileSelector
LogPluginManager: Mounting plugin LinuxDeviceProfileSelector
LogPluginManager: Mounting plugin LocationServicesBPLibrary
LogPluginManager: Mounting plugin MobilePatchingUtils
LogPluginManager: Mounting plugin OculusVR
LogPluginManager: Plugin shader directory ../../../Engine/Plugins/Runtime/Oculus/OculusVR/Shaders found
LogPluginManager: Mapping shader source directory ../../../Engine/Plugins/Runtime/Oculus/OculusVR/Shaders to virtual directory /Plugin/OculusVR
LogPluginManager: Mounting plugin PhysXVehicles
LogPluginManager: Mounting plugin ProceduralMeshComponent
LogPluginManager: Mounting plugin RuntimePhysXCooking
LogPluginManager: Mounting plugin SteamVR
LogPluginManager: Mounting plugin WindowsMoviePlayer
LogStreaming: Display: Took  0.110s to configure plugins.
LogInit: Using libcurl 7.55.1-DEV
LogInit:  - built for x86_64-pc-win32
LogInit:  - supports SSL with OpenSSL/1.0.2h
LogInit:  - supports HTTP deflate (compression) using libz 1.2.8
LogInit:  - other features:
LogInit:      CURL_VERSION_SSL
LogInit:      CURL_VERSION_LIBZ
LogInit:      CURL_VERSION_IPV6
LogInit:      CURL_VERSION_ASYNCHDNS
LogInit:      CURL_VERSION_LARGEFILE
LogInit:      CURL_VERSION_IDN
LogInit:  CurlRequestOptions (configurable via config and command line):
LogInit:  - bVerifyPeer = false  - Libcurl will NOT verify peer certificate
LogInit:  - bUseHttpProxy = false  - Libcurl will NOT use HTTP proxy
LogInit:  - bDontReuseConnections = false  - Libcurl will reuse connections
LogInit:  - CertBundlePath = nullptr  - Libcurl will use whatever was configured at build time.
LogInit:  - MaxHostConnections = 16  - Libcurl will limit the number of connections to a host
LogInit:  - LocalHostAddr = Default
LogInit:  - BufferSize = 65536
LogInit: WinSock: version 1.1 (2.2), MaxSocks=32767, MaxUdp=65467
LogInit: Build: ++UE4+Release-4.20-CL-4369336
LogInit: Engine Version: 4.20.3-4369336+++UE4+Release-4.20
LogInit: Compatible Engine Version: 4.20.0-4212847+++UE4+Release-4.20
LogInit: Net CL: 4212847
LogInit: OS: Windows 10 (), CPU: Intel(R) Core(TM) i7-7700HQ CPU @ 2.80GHz, GPU: Intel(R) HD Graphics 630
LogInit: Compiled (64-bit): Sep 17 2018 12:26:19
LogInit: Compiled with Visual C++: 19.13.26129.00
LogInit: Build Configuration: Development
LogInit: Branch Name: ++UE4+Release-4.20
LogInit: Command Line: -EpicPortal  -epicusername="tenshi17" -epicuserid=ae853a49cf78438b832cf65ac7539bdc -epiclocale=fr-FR
LogInit: Base Directory: C:/Program Files/Epic Games/UE_4.20/Engine/Binaries/Win64/
LogInit: Installed Engine Build: 1
LogDevObjectVersion: Number of dev versions registered: 20
LogDevObjectVersion:   Dev-Blueprints (B0D832E4-1F89-4F0D-ACCF-7EB736FD4AA2): 10
LogDevObjectVersion:   Dev-Build (E1C64328-A22C-4D53-A36C-8E866417BD8C): 0
LogDevObjectVersion:   Dev-Core (375EC13C-06E4-48FB-B500-84F0262A717E): 2
LogDevObjectVersion:   Dev-Editor (E4B068ED-F494-42E9-A231-DA0B2E46BB41): 24
LogDevObjectVersion:   Dev-Framework (CFFC743F-43B0-4480-9391-14DF171D2073): 34
LogDevObjectVersion:   Dev-Mobile (B02B49B5-BB20-44E9-A304-32B752E40360): 2
LogDevObjectVersion:   Dev-Networking (A4E4105C-59A1-49B5-A7C5-40C4547EDFEE): 0
LogDevObjectVersion:   Dev-Online (39C831C9-5AE6-47DC-9A44-9C173E1C8E7C): 0
LogDevObjectVersion:   Dev-Physics (78F01B33-EBEA-4F98-B9B4-84EACCB95AA2): 0
LogDevObjectVersion:   Dev-Platform (6631380F-2D4D-43E0-8009-CF276956A95A): 0
LogDevObjectVersion:   Dev-Rendering (12F88B9F-8875-4AFC-A67C-D90C383ABD29): 26
LogDevObjectVersion:   Dev-Sequencer (7B5AE74C-D270-4C10-A958-57980B212A5A): 9
LogDevObjectVersion:   Dev-VR (D7296918-1DD6-4BDD-9DE2-64A83CC13884): 2
LogDevObjectVersion:   Dev-LoadTimes (C2A15278-BFE7-4AFE-6C17-90FF531DF755): 1
LogDevObjectVersion:   Private-Geometry (6EACA3D4-40EC-4CC1-B786-8BED09428FC5): 3
LogDevObjectVersion:   Dev-AnimPhys (29E575DD-E0A3-4627-9D10-D276232CDCEA): 17
LogDevObjectVersion:   Dev-ReflectionCapture (6B266CEC-1EC7-4B8F-A30B-E4D90942FC07): 1
LogDevObjectVersion:   Dev-Automation (0DF73D61-A23F-47EA-B727-89E90C41499A): 1
LogDevObjectVersion:   FortniteMain (601D1886-AC64-4F84-AA16-D3DE0DEAC7D6): 12
LogDevObjectVersion:   Dev-Enterprise (9DFFBCD6-494F-0158-E221-12823C92A888): 1
LogStreaming: Display: Took  0.002s to delete old logs.
LogInit: Presizing for max 8388607 objects, including 0 objects not considered by GC, pre-allocating 0 bytes for permanent pool.
LogInit: Object subsystem initialized
[2019.01.09-15.08.19:148][  0]LogInit: Selected Device Profile: [Windows]
[2019.01.09-15.08.19:148][  0]LogInit: Applying CVar settings loaded from the selected device profile: [Windows]
[2019.01.09-15.08.19:175][  0]LogHAL: Display: Platform has ~ 8 GB [8465842176 / 8589934592 / 8], which maps to Default [LargestMinGB=32, LargerMinGB=12, DefaultMinGB=8, SmallerMinGB=6, SmallestMinGB=0)
[2019.01.09-15.08.19:176][  0]LogInit: Setting Device Profile CVar: [[r.Vulkan.UseRealUBs:1]]
[2019.01.09-15.08.19:176][  0]LogInit: Going up to parent DeviceProfile []
[2019.01.09-15.08.19:176][  0]LogInit: Computer: DESKTOP-OQHTTIV
[2019.01.09-15.08.19:176][  0]LogInit: User: Tanguy
[2019.01.09-15.08.19:176][  0]LogInit: CPU Page size=4096, Cores=4
[2019.01.09-15.08.19:176][  0]LogInit: High frequency timer resolution =2.742188 MHz
[2019.01.09-15.08.19:177][  0]LogMemory: Memory total: Physical=7.9GB (8GB approx)
[2019.01.09-15.08.19:177][  0]LogMemory: Platform Memory Stats for Windows
[2019.01.09-15.08.19:177][  0]LogMemory: Process Physical Memory: 99.95 MB used, 99.95 MB peak
[2019.01.09-15.08.19:177][  0]LogMemory: Process Virtual Memory: 90.92 MB used, 90.92 MB peak
[2019.01.09-15.08.19:177][  0]LogMemory: Physical Memory: 4776.29 MB used,  3297.37 MB free, 8073.66 MB total
[2019.01.09-15.08.19:177][  0]LogMemory: Virtual Memory: 4645.25 MB used,  3297.37 MB free, 134217728.00 MB total
[2019.01.09-15.08.19:201][  0]LogInit: Using OS detected language (fr-FR).
[2019.01.09-15.08.19:201][  0]LogInit: Using OS detected locale (fr-FR).
[2019.01.09-15.08.19:203][  0]LogTextLocalizationManager: No specific localization for 'fr-FR' exists, so the 'fr' localization will be used.
[2019.01.09-15.08.19:205][  0]LogStreaming: Display: Took  0.004s to InitEngineTextLocalization.
[2019.01.09-15.08.19:205][  0]LogInit: Setting process to per monitor DPI aware
[2019.01.09-15.08.19:242][  0]LogSlate: New Slate User Created.  User Index 0, Is Virtual User: 0
[2019.01.09-15.08.19:242][  0]LogSlate: Slate User Registered.  User Index 0, Is Virtual User: 0
[2019.01.09-15.08.19:480][  0]LogHMD: Failed to initialize OpenVR with code 110
[2019.01.09-15.08.19:480][  0]LogD3D11RHI: D3D11 adapters:
[2019.01.09-15.08.19:541][  0]LogD3D11RHI:    0. 'NVIDIA GeForce GTX 1060' (Feature Level 11_0)
[2019.01.09-15.08.19:541][  0]LogD3D11RHI:       2987/0/4036 MB DedicatedVideo/DedicatedSystem/SharedSystem, Outputs:1, VendorId:0x10de
[2019.01.09-15.08.19:551][  0]LogD3D11RHI:    1. 'Intel(R) HD Graphics 630' (Feature Level 11_0)
[2019.01.09-15.08.19:551][  0]LogD3D11RHI:       128/0/4036 MB DedicatedVideo/DedicatedSystem/SharedSystem, Outputs:0, VendorId:0x8086
[2019.01.09-15.08.19:553][  0]LogD3D11RHI:    2. 'Microsoft Basic Render Driver' (Feature Level 11_0)
[2019.01.09-15.08.19:553][  0]LogD3D11RHI:       0/0/4036 MB DedicatedVideo/DedicatedSystem/SharedSystem, Outputs:0, VendorId:0x1414
[2019.01.09-15.08.19:553][  0]LogD3D11RHI: Chosen D3D11 Adapter: 0
[2019.01.09-15.08.19:572][  0]LogD3D11RHI: Creating new Direct3DDevice
[2019.01.09-15.08.19:572][  0]LogD3D11RHI:     GPU DeviceId: 0x1c20 (for the marketing name, search the web for "GPU Device Id")
[2019.01.09-15.08.19:572][  0]LogWindows: EnumDisplayDevices:
[2019.01.09-15.08.19:572][  0]LogWindows:    0. 'Intel(R) HD Graphics 630' (P:1 D:1)
[2019.01.09-15.08.19:572][  0]LogWindows:    1. 'Intel(R) HD Graphics 630' (P:0 D:0)
[2019.01.09-15.08.19:572][  0]LogWindows:    2. 'Intel(R) HD Graphics 630' (P:0 D:0)
[2019.01.09-15.08.19:573][  0]LogWindows:    3. 'NVIDIA GeForce GTX 1060' (P:0 D:0)
[2019.01.09-15.08.19:573][  0]LogWindows:    4. 'NVIDIA GeForce GTX 1060' (P:0 D:0)
[2019.01.09-15.08.19:573][  0]LogWindows:    5. 'NVIDIA GeForce GTX 1060' (P:0 D:0)
[2019.01.09-15.08.19:573][  0]LogWindows:    6. 'NVIDIA GeForce GTX 1060' (P:0 D:0)
[2019.01.09-15.08.19:573][  0]LogWindows: DebugString: PrimaryIsNotTheChoosenAdapter PrimaryIsNotTheChoosenAdapter PrimaryIsNotTheChoosenAdapter FoundDriverCount:4 
[2019.01.09-15.08.19:573][  0]LogD3D11RHI:     Adapter Name: NVIDIA GeForce GTX 1060
[2019.01.09-15.08.19:573][  0]LogD3D11RHI:   Driver Version: 399.01 (internal:24.21.13.9901, unified:399.01)
[2019.01.09-15.08.19:573][  0]LogD3D11RHI:      Driver Date: 8-13-2018
[2019.01.09-15.08.19:573][  0]LogRHI: Texture pool is 2090 MB (70% of 2987 MB)
[2019.01.09-15.08.19:613][  0]LogD3D11RHI: Async texture creation enabled
[2019.01.09-15.08.19:631][  0]LogD3D11RHI: GPU Timing Frequency: 1000.000000 (Debug: 2 2)
[2019.01.09-15.08.19:633][  0]LogShaderCompilers: Guid format shader working directory is -36 characters bigger than the processId version (../../../../../../Users/Tanguy/Documents/Unreal Projects/Proket_UE4_Veteran/Veteran/Intermediate/Shaders/WorkingDirectory/3188/).
[2019.01.09-15.08.19:633][  0]LogShaderCompilers: Cleaned the shader compiler working directory 'C:/Users/Tanguy/AppData/Local/Temp/UnrealShaderWorkingDir/FDC482594F24EEBDBB9A5CB9AC451773/'.
[2019.01.09-15.08.19:949][  0]LogTemp: Display: Loaded TP AllDesktopTargetPlatform
[2019.01.09-15.08.19:965][  0]LogTemp: Display: Loaded TP MacClientTargetPlatform
[2019.01.09-15.08.19:979][  0]LogTemp: Display: Loaded TP MacNoEditorTargetPlatform
[2019.01.09-15.08.19:993][  0]LogTemp: Display: Loaded TP MacServerTargetPlatform
[2019.01.09-15.08.20:009][  0]LogTemp: Display: Loaded TP MacTargetPlatform
[2019.01.09-15.08.20:022][  0]LogTemp: Display: Loaded TP WindowsClientTargetPlatform
[2019.01.09-15.08.20:038][  0]LogTemp: Display: Loaded TP WindowsNoEditorTargetPlatform
[2019.01.09-15.08.20:054][  0]LogTemp: Display: Loaded TP WindowsServerTargetPlatform
[2019.01.09-15.08.20:061][  0]LogTemp: Display: Loaded TP WindowsTargetPlatform
[2019.01.09-15.08.20:155][  0]LogTemp: Display: Loaded TP AndroidTargetPlatform
[2019.01.09-15.08.20:155][  0]LogTemp: Display: Loaded TP AndroidTargetPlatform
[2019.01.09-15.08.20:155][  0]LogTemp: Display: Loaded TP AndroidTargetPlatform
[2019.01.09-15.08.20:155][  0]LogTemp: Display: Loaded TP AndroidTargetPlatform
[2019.01.09-15.08.20:155][  0]LogTemp: Display: Loaded TP AndroidTargetPlatform
[2019.01.09-15.08.20:155][  0]LogTemp: Display: Loaded TP AndroidTargetPlatform
[2019.01.09-15.08.20:155][  0]LogTemp: Display: Loaded TP AndroidTargetPlatform
[2019.01.09-15.08.20:155][  0]LogTemp: Display: Loaded TP AndroidTargetPlatform
[2019.01.09-15.08.20:155][  0]LogTemp: Display: Loaded TP AndroidTargetPlatform
[2019.01.09-15.08.20:155][  0]LogTemp: Display: Loaded TP AndroidTargetPlatform
[2019.01.09-15.08.20:155][  0]LogTemp: Display: Loaded TP AndroidTargetPlatform
[2019.01.09-15.08.20:155][  0]LogTemp: Display: Loaded TP AndroidTargetPlatform
[2019.01.09-15.08.20:155][  0]LogTemp: Display: Loaded TP AndroidTargetPlatform
[2019.01.09-15.08.20:155][  0]LogTemp: Display: Loaded TP AndroidTargetPlatform
[2019.01.09-15.08.20:155][  0]LogTemp: Display: Loaded TP AndroidTargetPlatform
[2019.01.09-15.08.20:155][  0]LogTemp: Display: Loaded TP AndroidTargetPlatform
[2019.01.09-15.08.20:155][  0]LogTemp: Display: Loaded TP AndroidTargetPlatform
[2019.01.09-15.08.20:155][  0]LogTemp: Display: Loaded TP AndroidTargetPlatform
[2019.01.09-15.08.20:156][  0]LogTemp: Display: Loaded TP HTML5TargetPlatform
[2019.01.09-15.08.20:221][  0]LogTemp: Display: Loaded TP IOSTargetPlatform
[2019.01.09-15.08.20:221][  0]LogTemp: Display: Loaded TP IOSTargetPlatform
[2019.01.09-15.08.20:263][  0]LogTemp: Display: Loaded TP TVOSTargetPlatform
[2019.01.09-15.08.20:263][  0]LogTemp: Display: Loaded TP TVOSTargetPlatform
[2019.01.09-15.08.20:279][  0]LogTemp: Display: Loaded TP LinuxClientTargetPlatform
[2019.01.09-15.08.20:293][  0]LogTemp: Display: Loaded TP LinuxNoEditorTargetPlatform
[2019.01.09-15.08.20:312][  0]LogTemp: Display: Loaded TP LinuxServerTargetPlatform
[2019.01.09-15.08.20:346][  0]LogTemp: Display: Loaded TP LinuxTargetPlatform
[2019.01.09-15.08.20:356][  0]LogTemp: Display: Loaded TP LuminTargetPlatform
[2019.01.09-15.08.20:356][  0]LogTargetPlatformManager: Display: Building Assets For Windows
[2019.01.09-15.08.20:416][  0]LogXGEController: Cannot use XGE Controller as Incredibuild is not installed on this machine.
[2019.01.09-15.08.20:416][  0]LogShaderCompilers: Cannot use XGE Shader Compiler as Incredibuild is not installed on this machine.
[2019.01.09-15.08.20:416][  0]LogShaderCompilers: Display: Using Local Shader Compiler.
[2019.01.09-15.08.21:193][  0]LogDerivedDataCache: Display: Max Cache Size: 512 MB
[2019.01.09-15.08.21:261][  0]LogDerivedDataCache: Loaded boot cache 0.07s 71MB C:/Users/Tanguy/AppData/Local/UnrealEngine/4.20/DerivedDataCache/Boot.ddc.
[2019.01.09-15.08.21:261][  0]LogDerivedDataCache: Display: Loaded Boot cache: C:/Users/Tanguy/AppData/Local/UnrealEngine/4.20/DerivedDataCache/Boot.ddc
[2019.01.09-15.08.21:261][  0]LogDerivedDataCache: FDerivedDataBackendGraph:  Pak pak cache file ../../../../../../Users/Tanguy/Documents/Unreal Projects/Proket_UE4_Veteran/Veteran/DerivedDataCache/DDC.ddp not found, will not use a pak cache.
[2019.01.09-15.08.21:261][  0]LogDerivedDataCache: Unable to find inner node Pak for hierarchical cache Hierarchy.
[2019.01.09-15.08.21:261][  0]LogDerivedDataCache: FDerivedDataBackendGraph:  CompressedPak pak cache file ../../../../../../Users/Tanguy/Documents/Unreal Projects/Proket_UE4_Veteran/Veteran/DerivedDataCache/Compressed.ddp not found, will not use a pak cache.
[2019.01.09-15.08.21:261][  0]LogDerivedDataCache: Unable to find inner node CompressedPak for hierarchical cache Hierarchy.
[2019.01.09-15.08.21:275][  0]LogDerivedDataCache: Display: Pak cache opened for reading ../../../Engine/DerivedDataCache/Compressed.ddp.
[2019.01.09-15.08.21:287][  0]LogDerivedDataCache: Using Local data cache path C:/Users/Tanguy/AppData/Local/UnrealEngine/Common/DerivedDataCache: Writable
[2019.01.09-15.08.21:287][  0]LogDerivedDataCache: Shared data cache path not found in *engine.ini, will not use an Shared cache.
[2019.01.09-15.08.21:287][  0]LogDerivedDataCache: Unable to find inner node Shared for hierarchical cache Hierarchy.
[2019.01.09-15.08.21:319][  0]LogMaterial: Verifying Global Shaders for PCD3D_SM5
[2019.01.09-15.08.21:322][  0]LogSlate: Using FreeType 2.6.0
[2019.01.09-15.08.21:323][  0]LogSlate: SlateFontServices - WITH_FREETYPE: 1, WITH_HARFBUZZ: 1
[2019.01.09-15.08.21:404][  0]LogAssetRegistry: FAssetRegistry took 0.0284 seconds to start up
[2019.01.09-15.08.21:771][  0]LogInit: Selected Device Profile: [Windows]
[2019.01.09-15.08.21:923][  0]LogSimplygon: Simplygon DLL not present - disabling.
[2019.01.09-15.08.21:926][  0]LogMeshReduction: Using SimplygonSwarm for distributed automatic mesh merging
[2019.01.09-15.08.21:926][  0]LogMeshReduction: Using ProxyLODMeshReduction for automatic mesh merging
[2019.01.09-15.08.21:926][  0]LogMeshReduction: Using QuadricMeshReduction for automatic static mesh reduction
[2019.01.09-15.08.21:926][  0]LogMeshReduction: No automatic skeletal mesh reduction module available
[2019.01.09-15.08.21:953][  0]LogNetVersion: Veteran 1.0.0, NetCL: 4212847, EngineNetVer: 5, GameNetVer: 0 (Checksum: 2384537149)
[2019.01.09-15.08.22:630][  0]LogPackageLocalizationCache: Processed 11 localized package path(s) for 2 prioritized culture(s) in 0.134284 seconds
[2019.01.09-15.08.22:637][  0]LogUObjectArray: 38425 objects as part of root set at end of initial load.
[2019.01.09-15.08.22:637][  0]LogUObjectAllocator: 6690872 out of 0 bytes used by permanent object pool.
[2019.01.09-15.08.22:637][  0]LogUObjectArray: CloseDisregardForGC: 0/0 objects in disregard for GC pool
[2019.01.09-15.08.23:598][  0]LogTcpMessaging: Initializing TcpMessaging bridge
[2019.01.09-15.08.23:612][  0]LogUdpMessaging: Initializing bridge on interface 0.0.0.0:0 to multicast group 230.0.0.1:6666.
[2019.01.09-15.08.23:786][  0]SourceControl: Source control is disabled
[2019.01.09-15.08.24:885][  0]LogAndroidPermission: UAndroidPermissionCallbackProxy::GetInstance
[2019.01.09-15.08.24:940][  0]LogOcInput: OculusInput pre-init called
[2019.01.09-15.08.25:009][  0]LogEngine: Initializing Engine...
[2019.01.09-15.08.25:010][  0]LogHMD: Failed to initialize OpenVR with code 110
[2019.01.09-15.08.25:011][  0]LogStats: UGameplayTagsManager::ConstructGameplayTagTree: ImportINI prefixes -  0.000 s
[2019.01.09-15.08.25:011][  0]LogStats: UGameplayTagsManager::ConstructGameplayTagTree: Construct from data asset -  0.000 s
[2019.01.09-15.08.25:011][  0]LogStats: UGameplayTagsManager::ConstructGameplayTagTree: ImportINI -  0.000 s
[2019.01.09-15.08.25:011][  0]LogStats: UGameplayTagsManager::ConstructGameplayTagTree: GameplayTagTreeChangedEvent.Broadcast -  0.000 s
[2019.01.09-15.08.25:275][  0]LogInit: Initializing FReadOnlyCVARCache
[2019.01.09-15.08.25:293][  0]LogAIModule: Creating AISystem for world Untitled
[2019.01.09-15.08.25:366][  0]LogInit: XAudio2 using 'Haut-parleurs (Realtek High Definition Audio)' : 2 channels at 48 kHz using 32 bits per sample (channel mask 0x3)
[2019.01.09-15.08.25:480][  0]LogInit: FAudioDevice initialized.
[2019.01.09-15.08.25:480][  0]LogNetVersion: Set ProjectVersion to 1.0.0.0. Version Checksum will be recalculated on next use.
[2019.01.09-15.08.25:574][  0]LogDerivedDataCache: Saved boot cache 0.09s 71MB C:/Users/Tanguy/AppData/Local/UnrealEngine/4.20/DerivedDataCache/Boot.ddc.
[2019.01.09-15.08.25:596][  0]LogInit: Texture streaming: Enabled
[2019.01.09-15.08.25:611][  0]LogEngineSessionManager: EngineSessionManager initialized
[2019.01.09-15.08.25:635][  0]LogInit: Transaction tracking system initialized
[2019.01.09-15.08.25:660][  0]BlueprintLog: New page: Editor Load
[2019.01.09-15.08.25:751][  0]LocalizationService: Localization service is disabled
[2019.01.09-15.08.26:044][  0]LogCook: Display: Max memory allowance for cook 16384mb min free memory 0mb
[2019.01.09-15.08.26:044][  0]LogCook: Display: Mobile HDR setting 1
[2019.01.09-15.08.26:045][  0]LogGameplayTags: Display: UGameplayTagsManager::DoneAddingNativeTags. DelegateIsBound: 0
[2019.01.09-15.08.26:045][  0]LogStats: UGameplayTagsManager::ConstructGameplayTagTree: ImportINI prefixes -  0.000 s
[2019.01.09-15.08.26:045][  0]LogStats: UGameplayTagsManager::ConstructGameplayTagTree: Construct from data asset -  0.000 s
[2019.01.09-15.08.26:045][  0]LogStats: UGameplayTagsManager::ConstructGameplayTagTree: ImportINI -  0.000 s
[2019.01.09-15.08.26:045][  0]LogStats: UGameplayTagsManager::ConstructGameplayTagTree: GameplayTagTreeChangedEvent.Broadcast -  0.000 s
[2019.01.09-15.08.26:169][  0]LogFileCache: Scanning file cache for directory 'C:/Users/Tanguy/Documents/Unreal Projects/Proket_UE4_Veteran/Veteran/Content/' took 0.04s
[2019.01.09-15.08.26:169][  0]Cmd: MAP LOAD FILE="../../../../../../Users/Tanguy/Documents/Unreal Projects/Proket_UE4_Veteran/Veteran/Content/SideScrollerBP/Maps/SideScrollerExampleMap.umap" TEMPLATE=0 SHOWPROGRESS=1 FEATURELEVEL=3
[2019.01.09-15.08.26:175][  0]LightingResults: New page: Lighting Build
[2019.01.09-15.08.26:178][  0]MapCheck: New page: Map Check
[2019.01.09-15.08.26:178][  0]LightingResults: New page: Lighting Build
[2019.01.09-15.08.27:958][  0]LogBlueprint: Warning: [Compiler KallariPlayerCharacter] Input Axis Event references unknown Axis 'LookUp' for  InputAxis LookUp
[2019.01.09-15.08.27:958][  0]LogBlueprint: Warning: [Compiler KallariPlayerCharacter] InputAction Event references unknown Action 'ResetVR' for  InputAction ResetVR
[2019.01.09-15.08.27:958][  0]LogBlueprint: Warning: [Compiler KallariPlayerCharacter] Input Axis Event references unknown Axis 'LookUpRate' for  InputAxis LookUpRate
[2019.01.09-15.08.27:959][  0]LogBlueprint: Warning: [Compiler KallariPlayerCharacter] Input Axis Event references unknown Axis 'TurnRate' for  InputAxis TurnRate
[2019.01.09-15.08.27:959][  0]LogBlueprint: Warning: [Compiler KallariPlayerCharacter] Input Axis Event references unknown Axis 'Turn' for  InputAxis Turn
[2019.01.09-15.08.27:959][  0]LogBlueprint: Warning: [Compiler KallariPlayerCharacter] Input Axis Event references unknown Axis 'MoveForward' for  InputAxis MoveForward
[2019.01.09-15.08.27:978][  0]LogBlueprint: Warning: [Compiler KallariPlayerCharacter] [0010,57] Compile of KallariPlayerCharacter successful, but with 6 Warning(s) [in 100 ms] (/Game/ParagonKallari/Characters/Heroes/Kallari/KallariPlayerCharacter.KallariPlayerCharacter)
[2019.01.09-15.08.28:032][  0]LogLinker: Warning: Can't find file '/Game/InfinityBladeEffects/Effects/FX_Textures/Gradient/T_SoftFallOff'
[2019.01.09-15.08.28:032][  0]LogLinker: Warning: Can't find file for asset '/Game/InfinityBladeEffects/Effects/FX_Textures/Gradient/T_SoftFallOff' while loading ../../../../../../Users/Tanguy/Documents/Unreal Projects/Proket_UE4_Veteran/Veteran/Content/InfinityBladeEffects/Effects/FX_Materials/Gradient/M_Flare_03_INST.uasset.
[2019.01.09-15.08.28:032][  0]LoadErrors: Error: /Game/InfinityBladeEffects/Effects/FX_Materials/Gradient/M_Flare_03_INST : Can't find file for asset. /Game/InfinityBladeEffects/Effects/FX_Textures/Gradient/T_SoftFallOff
[2019.01.09-15.08.28:032][  0]LogLinker: Warning: Can't find file '/Game/InfinityBladeEffects/Effects/FX_Textures/Gradient/T_SoftFallOff'
[2019.01.09-15.08.28:033][  0]LogLinker: Warning: Can't find file for asset '/Game/InfinityBladeEffects/Effects/FX_Textures/Gradient/T_SoftFallOff' while loading ../../../../../../Users/Tanguy/Documents/Unreal Projects/Proket_UE4_Veteran/Veteran/Content/InfinityBladeEffects/Effects/FX_Materials/Gradient/M_Flare_03_INST.uasset.
[2019.01.09-15.08.28:033][  0]LoadErrors: Error: /Game/InfinityBladeEffects/Effects/FX_Materials/Gradient/M_Flare_03_INST : Can't find file for asset. /Game/InfinityBladeEffects/Effects/FX_Textures/Gradient/T_SoftFallOff
[2019.01.09-15.08.28:054][  0]LogLinker: Warning: Can't find file '/Game/InfinityBladeEffects/Effects/FX_Textures/Gradient/T_GlowNoise_01'
[2019.01.09-15.08.28:054][  0]LogLinker: Warning: Can't find file for asset '/Game/InfinityBladeEffects/Effects/FX_Textures/Gradient/T_GlowNoise_01' while loading ../../../../../../Users/Tanguy/Documents/Unreal Projects/Proket_UE4_Veteran/Veteran/Content/InfinityBladeEffects/Effects/FX_Materials/M_Shockwave_03_Add_INST.uasset.
[2019.01.09-15.08.28:054][  0]LoadErrors: Error: /Game/InfinityBladeEffects/Effects/FX_Materials/M_Shockwave_03_Add_INST : Can't find file for asset. /Game/InfinityBladeEffects/Effects/FX_Textures/Gradient/T_GlowNoise_01
[2019.01.09-15.08.28:055][  0]LogLinker: Warning: Can't find file '/Game/InfinityBladeEffects/Effects/FX_Textures/Gradient/T_GlowNoise_01'
[2019.01.09-15.08.28:055][  0]LogLinker: Warning: Can't find file for asset '/Game/InfinityBladeEffects/Effects/FX_Textures/Gradient/T_GlowNoise_01' while loading ../../../../../../Users/Tanguy/Documents/Unreal Projects/Proket_UE4_Veteran/Veteran/Content/InfinityBladeEffects/Effects/FX_Materials/M_Shockwave_03_Add_INST.uasset.
[2019.01.09-15.08.28:056][  0]LoadErrors: Error: /Game/InfinityBladeEffects/Effects/FX_Materials/M_Shockwave_03_Add_INST : Can't find file for asset. /Game/InfinityBladeEffects/Effects/FX_Textures/Gradient/T_GlowNoise_01
[2019.01.09-15.08.29:515][  0]LogLinker: Warning: Can't find file '/Game/InfinityBladeEffects/Effects/FX_Textures/Gradient/T_GlowNoise_01'
[2019.01.09-15.08.29:515][  0]LoadErrors: Failed to load /Game/InfinityBladeEffects/Effects/FX_Textures/Gradient/T_GlowNoise_01.T_GlowNoise_01 Referenced by M_Shockwave_03_Add_INST
[2019.01.09-15.08.29:515][  0]LogLinker: Warning: Can't find file for asset '/Game/InfinityBladeEffects/Effects/FX_Textures/Gradient/T_GlowNoise_01' while loading NULL.
[2019.01.09-15.08.29:515][  0]LoadErrors: Failed to load /Game/InfinityBladeEffects/Effects/FX_Textures/Gradient/T_GlowNoise_01.T_GlowNoise_01 Referenced by M_Shockwave_03_Add_INST
[2019.01.09-15.08.29:516][  0]LogLinker: Warning: Can't find file '/Game/InfinityBladeEffects/Effects/FX_Textures/Gradient/T_SoftFallOff'
[2019.01.09-15.08.29:516][  0]LoadErrors: Failed to load /Game/InfinityBladeEffects/Effects/FX_Textures/Gradient/T_SoftFallOff.T_SoftFallOff Referenced by M_Flare_03_INST
[2019.01.09-15.08.29:516][  0]LogLinker: Warning: Can't find file for asset '/Game/InfinityBladeEffects/Effects/FX_Textures/Gradient/T_SoftFallOff' while loading NULL.
[2019.01.09-15.08.29:516][  0]LoadErrors: Failed to load /Game/InfinityBladeEffects/Effects/FX_Textures/Gradient/T_SoftFallOff.T_SoftFallOff Referenced by M_Flare_03_INST
[2019.01.09-15.08.30:544][  0]LogAIModule: Creating AISystem for world SideScrollerExampleMap
[2019.01.09-15.08.30:572][  0]LogScript: Warning: Script Msg: Divide by zero detected: 89.999992 / 0
Script call stack:
	Function /Game/ParagonKallari/Characters/Heroes/Kallari/Kallari_AnimBlueprint.Kallari_AnimBlueprint_C:BlueprintUpdateAnimation
	Function /Game/ParagonKallari/Characters/Heroes/Kallari/Kallari_AnimBlueprint.Kallari_AnimBlueprint_C:ExecuteUbergraph_Kallari_AnimBlueprint

[2019.01.09-15.08.30:598][  0]LogStreaming: Display: ULevelStreaming::RequestLevel(/Game/MyLevels/Animations) is flushing async loading
[2019.01.09-15.08.30:598][  0]LogStreaming: Display: Flushing async loaders.
[2019.01.09-15.08.30:607][  0]LogLinker: Warning: Can't find file '/Game/MyLevels/Animations_BuiltData'
[2019.01.09-15.08.30:607][  0]LogLinker: Warning: Can't find file for asset '/Game/MyLevels/Animations_BuiltData' while loading NULL.
[2019.01.09-15.08.30:607][  0]LogLinker: Warning: Can't find file '/Game/MyLevels/Animations_BuiltData'
[2019.01.09-15.08.30:607][  0]LogLinker: Warning: Can't find file for asset '/Game/MyLevels/Animations_BuiltData' while loading NULL.
[2019.01.09-15.08.30:608][  0]LogLinker: Warning: Can't find file '/Game/MyLevels/Animations_BuiltData'
[2019.01.09-15.08.30:608][  0]LogLinker: Warning: Can't find file for asset '/Game/MyLevels/Animations_BuiltData' while loading NULL.
[2019.01.09-15.08.30:608][  0]LogLinker: Warning: Can't find file '/Game/MyLevels/Animations_BuiltData'
[2019.01.09-15.08.30:608][  0]LogLinker: Warning: Can't find file for asset '/Game/MyLevels/Animations_BuiltData' while loading NULL.
[2019.01.09-15.08.30:609][  0]LogLinker: Warning: Can't find file '/Game/MyLevels/Animations_BuiltData'
[2019.01.09-15.08.30:609][  0]LoadErrors: Failed to load /Game/MyLevels/Animations_BuiltData.Animations_BuiltData Referenced by PersistentLevel
[2019.01.09-15.08.30:609][  0]LogLinker: Warning: Can't find file for asset '/Game/MyLevels/Animations_BuiltData' while loading NULL.
[2019.01.09-15.08.30:609][  0]LoadErrors: Failed to load /Game/MyLevels/Animations_BuiltData.Animations_BuiltData Referenced by PersistentLevel
[2019.01.09-15.08.30:614][  0]LogStreaming: Display: ULevelStreaming::RequestLevel(/Game/MyLevels/LD) is flushing async loading
[2019.01.09-15.08.30:625][  0]LogLinker: Warning: Can't find file '/Game/MyLevels/LD_BuiltData'
[2019.01.09-15.08.30:625][  0]LogLinker: Warning: Can't find file for asset '/Game/MyLevels/LD_BuiltData' while loading NULL.
[2019.01.09-15.08.30:626][  0]LogLinker: Warning: Can't find file '/Game/MyLevels/LD_BuiltData'
[2019.01.09-15.08.30:626][  0]LogLinker: Warning: Can't find file for asset '/Game/MyLevels/LD_BuiltData' while loading NULL.
[2019.01.09-15.08.30:626][  0]LogLinker: Warning: Can't find file '/Game/MyLevels/LD_BuiltData'
[2019.01.09-15.08.30:626][  0]LogLinker: Warning: Can't find file for asset '/Game/MyLevels/LD_BuiltData' while loading NULL.
[2019.01.09-15.08.30:626][  0]LogLinker: Warning: Can't find file '/Game/MyLevels/LD_BuiltData'
[2019.01.09-15.08.30:626][  0]LogLinker: Warning: Can't find file for asset '/Game/MyLevels/LD_BuiltData' while loading NULL.
[2019.01.09-15.08.30:627][  0]LogLinker: Warning: Can't find file '/Game/MyLevels/LD_BuiltData'
[2019.01.09-15.08.30:627][  0]LoadErrors: Failed to load /Game/MyLevels/LD_BuiltData.LD_BuiltData Referenced by PersistentLevel
[2019.01.09-15.08.30:627][  0]LogLinker: Warning: Can't find file for asset '/Game/MyLevels/LD_BuiltData' while loading NULL.
[2019.01.09-15.08.30:627][  0]LoadErrors: Failed to load /Game/MyLevels/LD_BuiltData.LD_BuiltData Referenced by PersistentLevel
[2019.01.09-15.08.30:631][  0]LogStreaming: Display: ULevelStreaming::RequestLevel(/Game/MyLevels/VFX_SFX) is flushing async loading
[2019.01.09-15.08.30:637][  0]LogLinker: Warning: Can't find file '/Game/MyLevels/VFX_SFX_BuiltData'
[2019.01.09-15.08.30:637][  0]LogLinker: Warning: Can't find file for asset '/Game/MyLevels/VFX_SFX_BuiltData' while loading NULL.
[2019.01.09-15.08.30:637][  0]LogLinker: Warning: Can't find file '/Game/MyLevels/VFX_SFX_BuiltData'
[2019.01.09-15.08.30:637][  0]LogLinker: Warning: Can't find file for asset '/Game/MyLevels/VFX_SFX_BuiltData' while loading NULL.
[2019.01.09-15.08.30:638][  0]LogLinker: Warning: Can't find file '/Game/MyLevels/VFX_SFX_BuiltData'
[2019.01.09-15.08.30:638][  0]LogLinker: Warning: Can't find file for asset '/Game/MyLevels/VFX_SFX_BuiltData' while loading NULL.
[2019.01.09-15.08.30:638][  0]LogLinker: Warning: Can't find file '/Game/MyLevels/VFX_SFX_BuiltData'
[2019.01.09-15.08.30:638][  0]LogLinker: Warning: Can't find file for asset '/Game/MyLevels/VFX_SFX_BuiltData' while loading NULL.
[2019.01.09-15.08.30:638][  0]LogLinker: Warning: Can't find file '/Game/MyLevels/VFX_SFX_BuiltData'
[2019.01.09-15.08.30:638][  0]LoadErrors: Failed to load /Game/MyLevels/VFX_SFX_BuiltData.VFX_SFX_BuiltData Referenced by PersistentLevel
[2019.01.09-15.08.30:639][  0]LogLinker: Warning: Can't find file for asset '/Game/MyLevels/VFX_SFX_BuiltData' while loading NULL.
[2019.01.09-15.08.30:639][  0]LoadErrors: Failed to load /Game/MyLevels/VFX_SFX_BuiltData.VFX_SFX_BuiltData Referenced by PersistentLevel
[2019.01.09-15.08.30:640][  0]LogStreaming: Display: ULevelStreaming::RequestLevel(/Game/MyLevels/Lighting) is flushing async loading
[2019.01.09-15.08.30:649][  0]LogLinker: Warning: Can't find file '/Game/MyLevels/Lighting_BuiltData'
[2019.01.09-15.08.30:649][  0]LogLinker: Warning: Can't find file for asset '/Game/MyLevels/Lighting_BuiltData' while loading NULL.
[2019.01.09-15.08.30:649][  0]LogLinker: Warning: Can't find file '/Game/MyLevels/Lighting_BuiltData'
[2019.01.09-15.08.30:649][  0]LogLinker: Warning: Can't find file for asset '/Game/MyLevels/Lighting_BuiltData' while loading NULL.
[2019.01.09-15.08.30:649][  0]LogLinker: Warning: Can't find file '/Game/MyLevels/Lighting_BuiltData'
[2019.01.09-15.08.30:649][  0]LogLinker: Warning: Can't find file for asset '/Game/MyLevels/Lighting_BuiltData' while loading NULL.
[2019.01.09-15.08.30:649][  0]LogLinker: Warning: Can't find file '/Game/MyLevels/Lighting_BuiltData'
[2019.01.09-15.08.30:650][  0]LogLinker: Warning: Can't find file for asset '/Game/MyLevels/Lighting_BuiltData' while loading NULL.
[2019.01.09-15.08.30:651][  0]LogLinker: Warning: Can't find file '/Game/MyLevels/Lighting_BuiltData'
[2019.01.09-15.08.30:651][  0]LoadErrors: Failed to load /Game/MyLevels/Lighting_BuiltData.Lighting_BuiltData Referenced by PersistentLevel
[2019.01.09-15.08.30:652][  0]LogLinker: Warning: Can't find file for asset '/Game/MyLevels/Lighting_BuiltData' while loading NULL.
[2019.01.09-15.08.30:652][  0]LoadErrors: Failed to load /Game/MyLevels/Lighting_BuiltData.Lighting_BuiltData Referenced by PersistentLevel
[2019.01.09-15.08.30:653][  0]LogEditorServer: Finished looking for orphan Actors (0.000 secs)
[2019.01.09-15.08.30:684][  0]Cmd: MAP CHECKDEP NOCLEARLOG
[2019.01.09-15.08.30:795][  0]MapCheck: Map check complete: 0 Error(s), 0 Warning(s), took 110,461ms to complete.
[2019.01.09-15.08.30:795][  0]LogFileHelpers: Loading map 'SideScrollerExampleMap' took 4.626
[2019.01.09-15.08.31:027][  0]LogSlate: Updating window title bar state: overlay mode, drag disabled, window buttons hidden, title bar hidden
[2019.01.09-15.08.31:039][  0]LogSlate: Updating window title bar state: overlay mode, drag disabled, window buttons hidden, title bar hidden
[2019.01.09-15.08.31:052][  0]LogSlate: Updating window title bar state: overlay mode, drag disabled, window buttons hidden, title bar hidden
[2019.01.09-15.08.31:064][  0]LogSlate: Updating window title bar state: overlay mode, drag disabled, window buttons hidden, title bar hidden
[2019.01.09-15.08.31:089][  0]LogCollectionManager: Loaded 0 collections in 0.002699 seconds
[2019.01.09-15.08.31:164][  0]LogFileCache: Scanning file cache for directory 'C:/Users/Tanguy/Documents/Unreal Projects/Proket_UE4_Veteran/Veteran/Saved/Collections/' took 0.01s
[2019.01.09-15.08.31:164][  0]LogFileCache: Scanning file cache for directory 'C:/Users/Tanguy/Documents/Unreal Projects/Proket_UE4_Veteran/Veteran/Content/Developers/Tanguy/Collections/' took 0.01s
[2019.01.09-15.08.31:164][  0]LogFileCache: Scanning file cache for directory 'C:/Users/Tanguy/Documents/Unreal Projects/Proket_UE4_Veteran/Veteran/Content/Collections/' took 0.01s
[2019.01.09-15.08.31:164][  0]LogCollectionManager: Rebuilt the GUID cache for 0 collections in 0.000001 seconds
[2019.01.09-15.08.31:180][  0]LogContentBrowser: Native class hierarchy populated in 0.0132 seconds. Added 2572 classes and 603 folders.
[2019.01.09-15.08.31:201][  0]LogContentBrowser: Native class hierarchy updated for 'WidgetCarousel' in 0.0003 seconds. Added 0 classes and 0 folders.
[2019.01.09-15.08.31:718][  0]LogContentBrowser: Native class hierarchy updated for 'AddContentDialog' in 0.0003 seconds. Added 0 classes and 0 folders.
[2019.01.09-15.08.31:745][  0]LogContentBrowser: Native class hierarchy updated for 'SceneOutliner' in 0.0009 seconds. Added 1 classes and 2 folders.
[2019.01.09-15.08.32:009][  0]LogSlate: Took 0.000288 seconds to synchronously load lazily loaded font '../../../Engine/Content/Slate/Fonts/Roboto-Regular.ttf' (155K)
[2019.01.09-15.08.32:012][  0]LogSlate: Took 0.000451 seconds to synchronously load lazily loaded font '../../../Engine/Content/Slate/Fonts/Roboto-Bold.ttf' (160K)
[2019.01.09-15.08.32:031][  0]LogSlate: Took 0.007613 seconds to synchronously load lazily loaded font '../../../Engine/Content/Editor/Slate/Fonts/FontAwesome.ttf' (139K)
[2019.01.09-15.08.32:184][  0]LogRenderer: Reallocating scene render targets to support 768x436 Format 10 NumSamples 1 (Frame:1).
[2019.01.09-15.08.32:487][  0]LogContentBrowser: Native class hierarchy updated for 'HierarchicalLODOutliner' in 0.0002 seconds. Added 0 classes and 0 folders.
[2019.01.09-15.08.32:487][  0]LogLoad: (Engine Initialization) Total time: 15.08 seconds
[2019.01.09-15.08.32:487][  0]LogLoad: (Engine Initialization) Total Blueprint compile time: 0.00 seconds
[2019.01.09-15.08.32:509][  0]LogWindowsTextInputMethodSystem: Display: IME system now deactivated.
[2019.01.09-15.08.32:554][  0]LogContentStreaming: Texture pool size now 1000 MB
[2019.01.09-15.08.32:559][  0]LogSlate: FSceneViewport::OnFocusLost() reason 2
[2019.01.09-15.08.32:623][  0]LogSlate: Took 0.011948 seconds to synchronously load lazily loaded font '../../../Engine/Content/Slate/Fonts/Roboto-Light.ttf' (167K)
[2019.01.09-15.08.37:220][265]LogSlate: Window 'Message Log' being destroyed
[2019.01.09-15.08.37:224][265]LogSlate: Window 'Message Log' being destroyed
[2019.01.09-15.08.37:341][273]LogPackageName: Warning: String asset reference "JW_FlameDungeon.FX.SM_FX_Embers" is in short form, which is unsupported and -- even if valid -- resolving it will be really slow.
[2019.01.09-15.08.37:341][273]LogPackageName: Warning: Please consider resaving package in order to speed-up loading.
[2019.01.09-15.08.37:525][284]LogPackageName: SearchForPackageOnDisk took   0.184s, but failed to resolve JW_FlameDungeon.
[2019.01.09-15.08.37:525][284]LogPackageName: Warning: String asset reference "JW_FlameDungeon.FX.SM_FX_Embers" could not be resolved.
[2019.01.09-15.08.37:545][285]LogPackageName: Warning: String asset reference "JW_FlameDungeon.FX.SM_FogPlane02" is in short form, which is unsupported and -- even if valid -- resolving it will be really slow.
[2019.01.09-15.08.37:545][285]LogPackageName: Warning: Please consider resaving package in order to speed-up loading.
[2019.01.09-15.08.37:695][294]LogPackageName: SearchForPackageOnDisk took   0.155s, but failed to resolve JW_FlameDungeon.
[2019.01.09-15.08.37:695][294]LogPackageName: Warning: String asset reference "JW_FlameDungeon.FX.SM_FogPlane02" could not be resolved.
[2019.01.09-15.08.38:294][330]LogPackageName: Warning: String asset reference "StaticMesh'FX_Meshes_IB.SM_Debris_Box_RadialFull'" is in short form, which is unsupported and -- even if valid -- resolving it will be really slow.
[2019.01.09-15.08.38:294][330]LogPackageName: Warning: Please consider resaving package in order to speed-up loading.
[2019.01.09-15.08.38:463][340]LogPackageName: SearchForPackageOnDisk took   0.160s, but failed to resolve StaticMesh'FX_Meshes_IB.
[2019.01.09-15.08.38:463][340]LogPackageName: Warning: String asset reference "StaticMesh'FX_Meshes_IB.SM_Debris_Box_RadialFull'" could not be resolved.
[2019.01.09-15.08.39:080][377]LogPackageName: Warning: String asset reference "JW_Ice_Mountain.Mesh.SM_SnowBoulder" is in short form, which is unsupported and -- even if valid -- resolving it will be really slow.
[2019.01.09-15.08.39:080][377]LogPackageName: Warning: Please consider resaving package in order to speed-up loading.
[2019.01.09-15.08.39:214][385]LogPackageName: SearchForPackageOnDisk took   0.146s, but failed to resolve JW_Ice_Mountain.
[2019.01.09-15.08.39:214][385]LogPackageName: Warning: String asset reference "JW_Ice_Mountain.Mesh.SM_SnowBoulder" could not be resolved.
[2019.01.09-15.08.39:381][395]LogPackageName: Warning: String asset reference "FX_Meshes.UI.SM_SelectionMesh_01" is in short form, which is unsupported and -- even if valid -- resolving it will be really slow.
[2019.01.09-15.08.39:381][395]LogPackageName: Warning: Please consider resaving package in order to speed-up loading.
[2019.01.09-15.08.39:547][405]LogPackageName: SearchForPackageOnDisk took   0.148s, but failed to resolve FX_Meshes.
[2019.01.09-15.08.39:547][405]LogPackageName: Warning: String asset reference "FX_Meshes.UI.SM_SelectionMesh_01" could not be resolved.
[2019.01.09-15.08.39:578][407]LogPackageName: Warning: String asset reference "FX_Meshes.UI.SM_SelectionMesh_01" is in short form, which is unsupported and -- even if valid -- resolving it will be really slow.
[2019.01.09-15.08.39:578][407]LogPackageName: Warning: Please consider resaving package in order to speed-up loading.
[2019.01.09-15.08.39:745][417]LogPackageName: SearchForPackageOnDisk took   0.161s, but failed to resolve FX_Meshes.
[2019.01.09-15.08.39:745][417]LogPackageName: Warning: String asset reference "FX_Meshes.UI.SM_SelectionMesh_01" could not be resolved.
[2019.01.09-15.08.39:878][425]LogPackageName: Warning: String asset reference "'FX_Ambient.Meshes.SM_Bats'" is in short form, which is unsupported and -- even if valid -- resolving it will be really slow.
[2019.01.09-15.08.39:878][425]LogPackageName: Warning: Please consider resaving package in order to speed-up loading.
[2019.01.09-15.08.40:028][434]LogPackageName: SearchForPackageOnDisk took   0.156s, but failed to resolve 'FX_Ambient.
[2019.01.09-15.08.40:028][434]LogPackageName: Warning: String asset reference "'FX_Ambient.Meshes.SM_Bats'" could not be resolved.
[2019.01.09-15.08.40:128][440]LogPackageName: Warning: String asset reference "CastleEffects.TouchToMoveArrow" is in short form, which is unsupported and -- even if valid -- resolving it will be really slow.
[2019.01.09-15.08.40:128][440]LogPackageName: Warning: Please consider resaving package in order to speed-up loading.
[2019.01.09-15.08.40:278][449]LogPackageName: SearchForPackageOnDisk took   0.156s, but failed to resolve CastleEffects.
[2019.01.09-15.08.40:278][449]LogPackageName: Warning: String asset reference "CastleEffects.TouchToMoveArrow" could not be resolved.
[2019.01.09-15.08.41:028][494]LogPackageName: Warning: String asset reference "StaticMesh'FX_Meshes.Fire.SM_Dungeon_Pipes_Lava01_Cool'" is in short form, which is unsupported and -- even if valid -- resolving it will be really slow.
[2019.01.09-15.08.41:028][494]LogPackageName: Warning: Please consider resaving package in order to speed-up loading.
[2019.01.09-15.08.41:195][504]LogPackageName: SearchForPackageOnDisk took   0.154s, but failed to resolve StaticMesh'FX_Meshes.
[2019.01.09-15.08.41:195][504]LogPackageName: Warning: String asset reference "StaticMesh'FX_Meshes.Fire.SM_Dungeon_Pipes_Lava01_Cool'" could not be resolved.
[2019.01.09-15.08.41:211][505]LogPackageName: Warning: String asset reference "m_FogSheet_02" is in short form, which is unsupported and -- even if valid -- resolving it will be really slow.
[2019.01.09-15.08.41:211][505]LogPackageName: Warning: Please consider resaving package in order to speed-up loading.
[2019.01.09-15.08.41:361][514]LogPackageName: SearchForPackageOnDisk took   0.158s, but failed to resolve m_FogSheet_02.
[2019.01.09-15.08.41:361][514]LogPackageName: Warning: String asset reference "m_FogSheet_02" could not be resolved.
[2019.01.09-15.08.41:711][535]LogPackageName: Warning: String asset reference "FX_Test_LAN.Meshes.SM_IceWall01" is in short form, which is unsupported and -- even if valid -- resolving it will be really slow.
[2019.01.09-15.08.41:711][535]LogPackageName: Warning: Please consider resaving package in order to speed-up loading.
[2019.01.09-15.08.41:878][545]LogPackageName: SearchForPackageOnDisk took   0.157s, but failed to resolve FX_Test_LAN.
[2019.01.09-15.08.41:878][545]LogPackageName: Warning: String asset reference "FX_Test_LAN.Meshes.SM_IceWall01" could not be resolved.
[2019.01.09-15.08.48:113][919]LogPackageName: Warning: String asset reference "JW_Ice_Mountain.Mesh.SM_SnowBoulder" is in short form, which is unsupported and -- even if valid -- resolving it will be really slow.
[2019.01.09-15.08.48:113][919]LogPackageName: Warning: Please consider resaving package in order to speed-up loading.
[2019.01.09-15.08.48:282][929]LogPackageName: SearchForPackageOnDisk took   0.155s, but failed to resolve JW_Ice_Mountain.
[2019.01.09-15.08.48:282][929]LogPackageName: Warning: String asset reference "JW_Ice_Mountain.Mesh.SM_SnowBoulder" could not be resolved.
[2019.01.09-15.08.50:781][ 79]LogPackageName: Warning: String asset reference "Env_Ice_Rocky.Mesh.Env_Ice_MelancholicTroll01" is in short form, which is unsupported and -- even if valid -- resolving it will be really slow.
[2019.01.09-15.08.50:781][ 79]LogPackageName: Warning: Please consider resaving package in order to speed-up loading.
[2019.01.09-15.08.50:930][ 88]LogPackageName: SearchForPackageOnDisk took   0.155s, but failed to resolve Env_Ice_Rocky.
[2019.01.09-15.08.50:930][ 88]LogPackageName: Warning: String asset reference "Env_Ice_Rocky.Mesh.Env_Ice_MelancholicTroll01" could not be resolved.
[2019.01.09-15.08.50:945][ 89]LogPackageName: Warning: String asset reference "Env_Ice_Rocky.Mesh.Env_Ice_MelancholicTroll01" is in short form, which is unsupported and -- even if valid -- resolving it will be really slow.
[2019.01.09-15.08.50:945][ 89]LogPackageName: Warning: Please consider resaving package in order to speed-up loading.
[2019.01.09-15.08.51:098][ 98]LogPackageName: SearchForPackageOnDisk took   0.160s, but failed to resolve Env_Ice_Rocky.
[2019.01.09-15.08.51:099][ 98]LogPackageName: Warning: String asset reference "Env_Ice_Rocky.Mesh.Env_Ice_MelancholicTroll01" could not be resolved.
[2019.01.09-15.08.51:115][ 99]LogPackageName: Warning: String asset reference "Env_Ice_Rocky.Mesh.Env_Ice_NordHeed01" is in short form, which is unsupported and -- even if valid -- resolving it will be really slow.
[2019.01.09-15.08.51:115][ 99]LogPackageName: Warning: Please consider resaving package in order to speed-up loading.
[2019.01.09-15.08.51:263][108]LogPackageName: SearchForPackageOnDisk took   0.151s, but failed to resolve Env_Ice_Rocky.
[2019.01.09-15.08.51:263][108]LogPackageName: Warning: String asset reference "Env_Ice_Rocky.Mesh.Env_Ice_NordHeed01" could not be resolved.
[2019.01.09-15.08.51:278][109]LogPackageName: Warning: String asset reference "Env_Ice_Rocky.Mesh.Env_Ice_NordHeed01" is in short form, which is unsupported and -- even if valid -- resolving it will be really slow.
[2019.01.09-15.08.51:278][109]LogPackageName: Warning: Please consider resaving package in order to speed-up loading.
[2019.01.09-15.08.51:432][118]LogPackageName: SearchForPackageOnDisk took   0.153s, but failed to resolve Env_Ice_Rocky.
[2019.01.09-15.08.51:432][118]LogPackageName: Warning: String asset reference "Env_Ice_Rocky.Mesh.Env_Ice_NordHeed01" could not be resolved.
[2019.01.09-15.08.51:448][119]LogPackageName: Warning: String asset reference "Fire_Fortress.SM.SM_Fire_Furnace_01" is in short form, which is unsupported and -- even if valid -- resolving it will be really slow.
[2019.01.09-15.08.51:448][119]LogPackageName: Warning: Please consider resaving package in order to speed-up loading.
[2019.01.09-15.08.51:614][129]LogPackageName: SearchForPackageOnDisk took   0.157s, but failed to resolve Fire_Fortress.
[2019.01.09-15.08.51:614][129]LogPackageName: Warning: String asset reference "Fire_Fortress.SM.SM_Fire_Furnace_01" could not be resolved.
[2019.01.09-15.08.51:631][130]LogPackageName: Warning: String asset reference "Fire_Fortress.SM.SM_Fire_Furnace_01" is in short form, which is unsupported and -- even if valid -- resolving it will be really slow.
[2019.01.09-15.08.51:631][130]LogPackageName: Warning: Please consider resaving package in order to speed-up loading.
[2019.01.09-15.08.51:783][139]LogPackageName: SearchForPackageOnDisk took   0.162s, but failed to resolve Fire_Fortress.
[2019.01.09-15.08.51:783][139]LogPackageName: Warning: String asset reference "Fire_Fortress.SM.SM_Fire_Furnace_01" could not be resolved.
[2019.01.09-15.09.16:171][601]LogAssetRegistry: Asset discovery search completed in 54.7901 seconds
[2019.01.09-15.09.16:173][601]LogCollectionManager: Rebuilt the object cache for 0 collections in 0.000000 seconds (found 0 objects)
[2019.01.09-15.09.16:173][601]LogCollectionManager: Fixed up redirectors for 0 collections in 0.000051 seconds (updated 0 objects)
[2019.01.09-15.22.48:806][196]LogSlate: FSceneViewport::OnFocusLost() reason 0
[2019.01.09-15.22.57:168][694]LogRenderer: Reallocating scene render targets to support 772x436 Format 10 NumSamples 1 (Frame:51668).
[2019.01.09-15.22.57:228][695]LogRenderer: Reallocating scene render targets to support 800x436 Format 10 NumSamples 1 (Frame:51670).
[2019.01.09-15.22.57:280][696]LogRenderer: Reallocating scene render targets to support 828x436 Format 10 NumSamples 1 (Frame:51672).
[2019.01.09-15.22.57:336][697]LogRenderer: Reallocating scene render targets to support 860x436 Format 10 NumSamples 1 (Frame:51674).
[2019.01.09-15.22.57:388][698]LogRenderer: Reallocating scene render targets to support 884x436 Format 10 NumSamples 1 (Frame:51676).
[2019.01.09-15.22.57:433][699]LogRenderer: Reallocating scene render targets to support 920x436 Format 10 NumSamples 1 (Frame:51678).
[2019.01.09-15.22.57:477][700]LogRenderer: Reallocating scene render targets to support 948x436 Format 10 NumSamples 1 (Frame:51680).
[2019.01.09-15.22.57:530][701]LogRenderer: Reallocating scene render targets to support 960x436 Format 10 NumSamples 1 (Frame:51682).
[2019.01.09-15.22.57:680][702]LogRenderer: Reallocating scene render targets to support 968x436 Format 10 NumSamples 1 (Frame:51684).
[2019.01.09-15.22.59:962][837]LogRenderer: Reallocating scene render targets to support 968x440 Format 10 NumSamples 1 (Frame:51733).
[2019.01.09-15.23.00:007][838]LogRenderer: Reallocating scene render targets to support 968x452 Format 10 NumSamples 1 (Frame:51735).
[2019.01.09-15.23.00:062][839]LogRenderer: Reallocating scene render targets to support 968x460 Format 10 NumSamples 1 (Frame:51737).
[2019.01.09-15.23.00:106][840]LogRenderer: Reallocating scene render targets to support 968x472 Format 10 NumSamples 1 (Frame:51739).
[2019.01.09-15.23.00:153][841]LogRenderer: Reallocating scene render targets to support 968x480 Format 10 NumSamples 1 (Frame:51741).
[2019.01.09-15.23.00:205][842]LogRenderer: Reallocating scene render targets to support 968x496 Format 10 NumSamples 1 (Frame:51743).
[2019.01.09-15.23.00:256][843]LogRenderer: Reallocating scene render targets to support 968x508 Format 10 NumSamples 1 (Frame:51745).
[2019.01.09-15.23.00:311][844]LogRenderer: Reallocating scene render targets to support 968x520 Format 10 NumSamples 1 (Frame:51747).
[2019.01.09-15.23.00:359][845]LogRenderer: Reallocating scene render targets to support 968x524 Format 10 NumSamples 1 (Frame:51749).
[2019.01.09-15.23.00:434][846]LogRenderer: Reallocating scene render targets to support 968x528 Format 10 NumSamples 1 (Frame:51751).
[2019.01.09-15.23.25:680][964]LogSlate: Took 0.000291 seconds to synchronously load lazily loaded font '../../../Engine/Content/Slate/Fonts/Roboto-Light.ttf' (167K)
[2019.01.09-15.23.25:716][964]LogAssetTools: Warning: Failed to import 'C:\Users\Tanguy\Desktop\env_assets/3D models/rock_stacked_01.uasset'. Unknown extension 'uasset'.
[2019.01.09-15.23.25:726][964]LogAssetTools: Warning: Failed to import 'C:\Users\Tanguy\Desktop\env_assets/3D models/SM_Boulder05a.uasset'. Unknown extension 'uasset'.
[2019.01.09-15.23.25:733][964]LogAssetTools: Warning: Failed to import 'C:\Users\Tanguy\Desktop\env_assets/3D models/SM_Cliff01.uasset'. Unknown extension 'uasset'.
[2019.01.09-15.23.25:751][964]LogAssetTools: Warning: Failed to import 'C:\Users\Tanguy\Desktop\env_assets/3D models/SM_GroundRevealRock002.uasset'. Unknown extension 'uasset'.
[2019.01.09-15.23.25:760][964]LogAssetTools: Warning: Failed to import 'C:\Users\Tanguy\Desktop\env_assets/3D models/SM_LargePlainsBoulder002.uasset'. Unknown extension 'uasset'.
[2019.01.09-15.23.25:768][964]LogAssetTools: Warning: Failed to import 'C:\Users\Tanguy\Desktop\env_assets/3D models/SM_MountainRock.uasset'. Unknown extension 'uasset'.
[2019.01.09-15.23.25:777][964]LogAssetTools: Warning: Failed to import 'C:\Users\Tanguy\Desktop\env_assets/3D models/SM_MountainRock_Closed.uasset'. Unknown extension 'uasset'.
[2019.01.09-15.23.25:785][964]LogAssetTools: Warning: Failed to import 'C:\Users\Tanguy\Desktop\env_assets/3D models/SM_River_Rock_01.uasset'. Unknown extension 'uasset'.
[2019.01.09-15.23.25:797][964]LogAssetTools: Warning: Failed to import 'C:\Users\Tanguy\Desktop\env_assets/3D models/SM_Scree002b.uasset'. Unknown extension 'uasset'.
[2019.01.09-15.23.25:807][964]LogAssetTools: Warning: Failed to import 'C:\Users\Tanguy\Desktop\env_assets/materials/mi_blood_water_bright.uasset'. Unknown extension 'uasset'.
[2019.01.09-15.23.25:817][964]LogAssetTools: Warning: Failed to import 'C:\Users\Tanguy\Desktop\env_assets/materials/mi_blood_water_dark.uasset'. Unknown extension 'uasset'.
[2019.01.09-15.23.25:831][964]LogAssetTools: Warning: Failed to import 'C:\Users\Tanguy\Desktop\env_assets/materials/mi_caliche_01_red.uasset'. Unknown extension 'uasset'.
[2019.01.09-15.23.25:843][964]LogAssetTools: Warning: Failed to import 'C:\Users\Tanguy\Desktop\env_assets/materials/mi_inferno_yellow.uasset'. Unknown extension 'uasset'.
[2019.01.09-15.23.25:854][964]LogAssetTools: Warning: Failed to import 'C:\Users\Tanguy\Desktop\env_assets/materials/mi_rock_bloodsoaked.uasset'. Unknown extension 'uasset'.
[2019.01.09-15.23.25:867][964]LogAssetTools: Warning: Failed to import 'C:\Users\Tanguy\Desktop\env_assets/materials/mi_rock_red.uasset'. Unknown extension 'uasset'.
[2019.01.09-15.23.25:881][964]LogAssetTools: Warning: Failed to import 'C:\Users\Tanguy\Desktop\env_assets/materials/mi_roundshingles_brown.uasset'. Unknown extension 'uasset'.
[2019.01.09-15.23.25:895][964]LogAssetTools: Warning: Failed to import 'C:\Users\Tanguy\Desktop\env_assets/materials/mi_roundshingles_red.uasset'. Unknown extension 'uasset'.
[2019.01.09-15.23.25:909][964]LogAssetTools: Warning: Failed to import 'C:\Users\Tanguy\Desktop\env_assets/materials/mi_straw.uasset'. Unknown extension 'uasset'.
[2019.01.09-15.23.25:930][964]LogAssetTools: Warning: Failed to import 'C:\Users\Tanguy\Desktop\env_assets/materials/mi_tarp_red.uasset'. Unknown extension 'uasset'.
[2019.01.09-15.23.25:967][964]LogAssetTools: Warning: Failed to import 'C:\Users\Tanguy\Desktop\env_assets/materials/mi_water_murky_brown.uasset'. Unknown extension 'uasset'.
[2019.01.09-15.23.26:021][964]LogAssetTools: Warning: Failed to import 'C:\Users\Tanguy\Desktop\env_assets/materials/m_caliche_01.uasset'. Unknown extension 'uasset'.
[2019.01.09-15.23.26:107][964]LogAssetTools: Warning: Failed to import 'C:\Users\Tanguy\Desktop\env_assets/materials/m_caliche_02.uasset'. Unknown extension 'uasset'.
[2019.01.09-15.23.26:213][964]LogAssetTools: Warning: Failed to import 'C:\Users\Tanguy\Desktop\env_assets/materials/m_inferno.uasset'. Unknown extension 'uasset'.
[2019.01.09-15.23.26:323][964]LogAssetTools: Warning: Failed to import 'C:\Users\Tanguy\Desktop\env_assets/materials/m_rock_01.uasset'. Unknown extension 'uasset'.
[2019.01.09-15.23.26:452][964]LogAssetTools: Warning: Failed to import 'C:\Users\Tanguy\Desktop\env_assets/materials/m_roundshingles.uasset'. Unknown extension 'uasset'.
[2019.01.09-15.23.26:560][964]LogAssetTools: Warning: Failed to import 'C:\Users\Tanguy\Desktop\env_assets/materials/m_straw_01.uasset'. Unknown extension 'uasset'.
[2019.01.09-15.23.26:615][964]LogAssetTools: Warning: Failed to import 'C:\Users\Tanguy\Desktop\env_assets/materials/m_tarp.uasset'. Unknown extension 'uasset'.
[2019.01.09-15.23.26:672][964]LogAssetTools: Warning: Failed to import 'C:\Users\Tanguy\Desktop\env_assets/materials/M_Tile_LavaFlow002.uasset'. Unknown extension 'uasset'.
[2019.01.09-15.23.26:718][964]LogAssetTools: Warning: Failed to import 'C:\Users\Tanguy\Desktop\env_assets/textures/t_caliche_01_ao_1k.uasset'. Unknown extension 'uasset'.
[2019.01.09-15.23.26:757][964]LogAssetTools: Warning: Failed to import 'C:\Users\Tanguy\Desktop\env_assets/textures/t_caliche_01_d_1k.uasset'. Unknown extension 'uasset'.
[2019.01.09-15.23.26:795][964]LogAssetTools: Warning: Failed to import 'C:\Users\Tanguy\Desktop\env_assets/textures/t_caliche_01_n_1k.uasset'. Unknown extension 'uasset'.
[2019.01.09-15.23.26:842][964]LogAssetTools: Warning: Failed to import 'C:\Users\Tanguy\Desktop\env_assets/textures/t_caliche_02_ao_1k.uasset'. Unknown extension 'uasset'.
[2019.01.09-15.23.26:889][964]LogAssetTools: Warning: Failed to import 'C:\Users\Tanguy\Desktop\env_assets/textures/t_caliche_02_d_1k.uasset'. Unknown extension 'uasset'.
[2019.01.09-15.23.26:937][964]LogAssetTools: Warning: Failed to import 'C:\Users\Tanguy\Desktop\env_assets/textures/t_caliche_02_n_1k.uasset'. Unknown extension 'uasset'.
[2019.01.09-15.23.26:995][964]LogAssetTools: Warning: Failed to import 'C:\Users\Tanguy\Desktop\env_assets/textures/T_LavaFlow002_D_R.uasset'. Unknown extension 'uasset'.
[2019.01.09-15.23.27:063][964]LogAssetTools: Warning: Failed to import 'C:\Users\Tanguy\Desktop\env_assets/textures/t_lichen_01_m.uasset'. Unknown extension 'uasset'.
[2019.01.09-15.23.27:121][964]LogAssetTools: Warning: Failed to import 'C:\Users\Tanguy\Desktop\env_assets/textures/t_lichen_01_n.uasset'. Unknown extension 'uasset'.
[2019.01.09-15.23.27:180][964]LogAssetTools: Warning: Failed to import 'C:\Users\Tanguy\Desktop\env_assets/textures/t_rock_01_d_1k.uasset'. Unknown extension 'uasset'.
[2019.01.09-15.23.27:253][964]LogAssetTools: Warning: Failed to import 'C:\Users\Tanguy\Desktop\env_assets/textures/t_rock_01_m_1k.uasset'. Unknown extension 'uasset'.
[2019.01.09-15.23.27:314][964]LogAssetTools: Warning: Failed to import 'C:\Users\Tanguy\Desktop\env_assets/textures/t_rock_01_n_1k.uasset'. Unknown extension 'uasset'.
[2019.01.09-15.23.27:387][964]LogAssetTools: Warning: Failed to import 'C:\Users\Tanguy\Desktop\env_assets/textures/t_rock_02_d_1k.uasset'. Unknown extension 'uasset'.
[2019.01.09-15.23.27:457][964]LogAssetTools: Warning: Failed to import 'C:\Users\Tanguy\Desktop\env_assets/textures/t_rock_02_m_1k.uasset'. Unknown extension 'uasset'.
[2019.01.09-15.23.27:523][964]LogAssetTools: Warning: Failed to import 'C:\Users\Tanguy\Desktop\env_assets/textures/t_rock_02_n_1k.uasset'. Unknown extension 'uasset'.
[2019.01.09-15.23.27:602][964]LogAssetTools: Warning: Failed to import 'C:\Users\Tanguy\Desktop\env_assets/textures/t_rock_03_d.uasset'. Unknown extension 'uasset'.
[2019.01.09-15.23.27:676][964]LogAssetTools: Warning: Failed to import 'C:\Users\Tanguy\Desktop\env_assets/textures/t_rock_03_n.uasset'. Unknown extension 'uasset'.
[2019.01.09-15.23.27:737][964]LogAssetTools: Warning: Failed to import 'C:\Users\Tanguy\Desktop\env_assets/textures/t_rock_stacked_01_ao.uasset'. Unknown extension 'uasset'.
[2019.01.09-15.23.27:802][964]LogAssetTools: Warning: Failed to import 'C:\Users\Tanguy\Desktop\env_assets/textures/t_rock_stacked_01_m.uasset'. Unknown extension 'uasset'.
[2019.01.09-15.23.27:867][964]LogAssetTools: Warning: Failed to import 'C:\Users\Tanguy\Desktop\env_assets/textures/t_rock_stacked_01_n.uasset'. Unknown extension 'uasset'.
[2019.01.09-15.23.27:928][964]LogAssetTools: Warning: Failed to import 'C:\Users\Tanguy\Desktop\env_assets/textures/t_roughness_01_m_1k.uasset'. Unknown extension 'uasset'.
[2019.01.09-15.23.27:990][964]LogAssetTools: Warning: Failed to import 'C:\Users\Tanguy\Desktop\env_assets/textures/t_shingles_01_ao.uasset'. Unknown extension 'uasset'.
[2019.01.09-15.23.28:057][964]LogAssetTools: Warning: Failed to import 'C:\Users\Tanguy\Desktop\env_assets/textures/t_shingles_01_d.uasset'. Unknown extension 'uasset'.
[2019.01.09-15.23.28:125][964]LogAssetTools: Warning: Failed to import 'C:\Users\Tanguy\Desktop\env_assets/textures/t_shingles_01_h.uasset'. Unknown extension 'uasset'.
[2019.01.09-15.23.28:191][964]LogAssetTools: Warning: Failed to import 'C:\Users\Tanguy\Desktop\env_assets/textures/t_shingles_01_n.uasset'. Unknown extension 'uasset'.
[2019.01.09-15.23.28:280][964]LogAssetTools: Warning: Failed to import 'C:\Users\Tanguy\Desktop\env_assets/textures/t_shingles_01_r.uasset'. Unknown extension 'uasset'.
[2019.01.09-15.23.28:353][964]LogAssetTools: Warning: Failed to import 'C:\Users\Tanguy\Desktop\env_assets/textures/t_splatter_01_m_1k.uasset'. Unknown extension 'uasset'.
[2019.01.09-15.23.28:424][964]LogAssetTools: Warning: Failed to import 'C:\Users\Tanguy\Desktop\env_assets/textures/t_straw_01_ao_1k.uasset'. Unknown extension 'uasset'.
[2019.01.09-15.23.28:532][964]LogAssetTools: Warning: Failed to import 'C:\Users\Tanguy\Desktop\env_assets/textures/t_straw_01_d_1k.uasset'. Unknown extension 'uasset'.
[2019.01.09-15.23.28:633][964]LogAssetTools: Warning: Failed to import 'C:\Users\Tanguy\Desktop\env_assets/textures/t_straw_01_n_1k.uasset'. Unknown extension 'uasset'.
[2019.01.09-15.23.28:751][964]LogAssetTools: Warning: Failed to import 'C:\Users\Tanguy\Desktop\env_assets/textures/t_tarp_01_d_1k.uasset'. Unknown extension 'uasset'.
[2019.01.09-15.23.28:863][964]LogAssetTools: Warning: Failed to import 'C:\Users\Tanguy\Desktop\env_assets/textures/t_tarp_01_m_1k.uasset'. Unknown extension 'uasset'.
[2019.01.09-15.23.28:960][964]LogAssetTools: Warning: Failed to import 'C:\Users\Tanguy\Desktop\env_assets/textures/t_tarp_01_n_1k.uasset'. Unknown extension 'uasset'.
[2019.01.09-15.23.29:051][964]LogAssetTools: Warning: Failed to import 'C:\Users\Tanguy\Desktop\env_assets/textures/T_Tiling_LavaFlow002_H.uasset'. Unknown extension 'uasset'.
[2019.01.09-15.23.29:124][964]LogAssetTools: Warning: Failed to import 'C:\Users\Tanguy\Desktop\env_assets/textures/T_Tiling_LavaFlow002_N.uasset'. Unknown extension 'uasset'.
[2019.01.09-15.24.22:701][867]LogSlate: Window 'Veteran - Unreal Editor' being destroyed
[2019.01.09-15.24.22:703][867]LogWindowsTextInputMethodSystem: Display: IME system now deactivated.
[2019.01.09-15.24.22:979][868]Cmd: QUIT_EDITOR
[2019.01.09-15.24.23:042][868]LogExit: Preparing to exit.
[2019.01.09-15.24.24:235][868]LogExit: Editor shut down
[2019.01.09-15.24.24:235][868]LogExit: Transaction tracking system shut down
[2019.01.09-15.24.24:699][868]LogExit: Object subsystem successfully closed.
[2019.01.09-15.24.24:717][868]LogShaderCompilers: Display: Shaders left to compile 0
[2019.01.09-15.24.24:725][868]LogD3D11RHI: Shutdown
[2019.01.09-15.24.24:725][868]LogD3D11RHI: CleanupD3DDevice
[2019.01.09-15.24.24:733][868]LogD3D11RHI: ~FD3D11DynamicRHI
[2019.01.09-15.24.24:759][868]LogModuleManager: Shutting down and abandoning module HierarchicalLODOutliner (610)
[2019.01.09-15.24.24:759][868]LogModuleManager: Shutting down and abandoning module SceneOutliner (608)
[2019.01.09-15.24.24:759][868]LogModuleManager: Shutting down and abandoning module AddContentDialog (606)
[2019.01.09-15.24.24:761][868]LogModuleManager: Shutting down and abandoning module WidgetCarousel (605)
[2019.01.09-15.24.24:762][868]LogModuleManager: Shutting down and abandoning module EditorWidgets (602)
[2019.01.09-15.24.24:762][868]LogModuleManager: Shutting down and abandoning module CollectionManager (600)
[2019.01.09-15.24.24:763][868]LogModuleManager: Shutting down and abandoning module StatsViewer (598)
[2019.01.09-15.24.24:763][868]LogModuleManager: Shutting down and abandoning module FoliageEdit (596)
[2019.01.09-15.24.24:763][868]LogModuleManager: Shutting down and abandoning module LandscapeEditor (594)
[2019.01.09-15.24.24:763][868]LogModuleManager: Shutting down and abandoning module MeshPaintMode (592)
[2019.01.09-15.24.24:763][868]LogModuleManager: Shutting down and abandoning module SceneDepthPickerMode (590)
[2019.01.09-15.24.24:763][868]LogModuleManager: Shutting down and abandoning module ActorPickerMode (588)
[2019.01.09-15.24.24:763][868]LogModuleManager: Shutting down and abandoning module GeometryMode (586)
[2019.01.09-15.24.24:764][868]LogModuleManager: Shutting down and abandoning module TextureAlignMode (584)
[2019.01.09-15.24.24:764][868]LogModuleManager: Shutting down and abandoning module BspMode (582)
[2019.01.09-15.24.24:764][868]LogModuleManager: Shutting down and abandoning module PIEPreviewDeviceProfileSelector (580)
[2019.01.09-15.24.24:764][868]LogModuleManager: Shutting down and abandoning module SequenceRecorderSections (578)
[2019.01.09-15.24.24:764][868]LogModuleManager: Shutting down and abandoning module AutomationWorker (576)
[2019.01.09-15.24.24:764][868]LogModuleManager: Shutting down and abandoning module AudioCaptureEditor (574)
[2019.01.09-15.24.24:764][868]LogModuleManager: Shutting down and abandoning module SequenceRecorder (573)
[2019.01.09-15.24.24:764][868]LogModuleManager: Shutting down and abandoning module MatineeToLevelSequence (570)
[2019.01.09-15.24.24:764][868]LogModuleManager: Shutting down and abandoning module LevelSequenceEditor (568)
[2019.01.09-15.24.24:764][868]LogModuleManager: Shutting down and abandoning module PlacementMode (567)
[2019.01.09-15.24.24:764][868]LogModuleManager: Shutting down and abandoning module MaterialEditor (566)
[2019.01.09-15.24.24:764][868]LogModuleManager: Shutting down and abandoning module WmfMediaFactory (562)
[2019.01.09-15.24.24:764][868]LogModuleManager: Shutting down and abandoning module WmfMediaEditor (560)
[2019.01.09-15.24.24:764][868]LogModuleManager: Shutting down and abandoning module MediaPlayerEditor (558)
[2019.01.09-15.24.24:764][868]LogModuleManager: Shutting down and abandoning module OpenExrWrapper (556)
[2019.01.09-15.24.24:764][868]LogModuleManager: Shutting down and abandoning module ImgMediaFactory (554)
[2019.01.09-15.24.24:764][868]LogModuleManager: Shutting down and abandoning module ImgMediaEditor (552)
[2019.01.09-15.24.24:764][868]LogModuleManager: Shutting down and abandoning module AvfMediaFactory (550)
[2019.01.09-15.24.24:764][868]LogModuleManager: Shutting down and abandoning module AvfMediaEditor (548)
[2019.01.09-15.24.24:764][868]LogModuleManager: Shutting down and abandoning module AndroidMediaFactory (546)
[2019.01.09-15.24.24:764][868]LogModuleManager: Shutting down and abandoning module AndroidMediaEditor (544)
[2019.01.09-15.24.24:764][868]LogModuleManager: Shutting down and abandoning module MagicLeapCameraPreviewFactory (542)
[2019.01.09-15.24.24:764][868]LogModuleManager: Shutting down and abandoning module MagicLeapMediaFactory (540)
[2019.01.09-15.24.24:764][868]LogModuleManager: Shutting down and abandoning module MagicLeapMediaEditor (538)
[2019.01.09-15.24.24:764][868]LogModuleManager: Shutting down and abandoning module CharacterAI (536)
[2019.01.09-15.24.24:764][868]LogModuleManager: Shutting down and abandoning module SmartSnapping (534)
[2019.01.09-15.24.24:764][868]LogModuleManager: Shutting down and abandoning module SessionServices (532)
[2019.01.09-15.24.24:764][868]LogModuleManager: Shutting down and abandoning module ViewportSnapping (530)
[2019.01.09-15.24.24:764][868]LogModuleManager: Shutting down and abandoning module ViewportInteraction (528)
[2019.01.09-15.24.24:764][868]LogModuleManager: Shutting down and abandoning module ClothPainter (526)
[2019.01.09-15.24.24:764][868]LogModuleManager: Shutting down and abandoning module SkeletalMeshEditor (525)
[2019.01.09-15.24.24:764][868]LogModuleManager: Shutting down and abandoning module LogVisualizer (522)
[2019.01.09-15.24.24:764][868]LogModuleManager: Shutting down and abandoning module IntroTutorials (520)
[2019.01.09-15.24.24:764][868]LogModuleManager: Shutting down and abandoning module GameProjectGeneration (519)
[2019.01.09-15.24.24:764][868]LogModuleManager: Shutting down and abandoning module LuminPlatformEditor (516)
[2019.01.09-15.24.24:764][868]LogModuleManager: Shutting down and abandoning module IOSPlatformEditor (514)
[2019.01.09-15.24.24:764][868]LogModuleManager: Shutting down and abandoning module HTML5PlatformEditor (512)
[2019.01.09-15.24.24:764][868]LogModuleManager: Shutting down and abandoning module AndroidPlatformEditor (510)
[2019.01.09-15.24.24:764][868]LogModuleManager: Shutting down and abandoning module AndroidDeviceDetection (509)
[2019.01.09-15.24.25:345][868]LogModuleManager: Shutting down and abandoning module WindowsPlatformEditor (506)
[2019.01.09-15.24.25:345][868]LogModuleManager: Shutting down and abandoning module LuminRuntimeSettings (504)
[2019.01.09-15.24.25:346][868]LogModuleManager: Shutting down and abandoning module IOSRuntimeSettings (502)
[2019.01.09-15.24.25:346][868]LogModuleManager: Shutting down and abandoning module AndroidRuntimeSettings (500)
[2019.01.09-15.24.25:346][868]LogModuleManager: Shutting down and abandoning module InputBindingEditor (498)
[2019.01.09-15.24.25:346][868]LogModuleManager: Shutting down and abandoning module MergeActors (496)
[2019.01.09-15.24.25:346][868]LogModuleManager: Shutting down and abandoning module LocalizationDashboard (494)
[2019.01.09-15.24.25:346][868]LogModuleManager: Shutting down and abandoning module LocalizationService (493)
[2019.01.09-15.24.25:346][868]LogModuleManager: Shutting down and abandoning module HardwareTargeting (490)
[2019.01.09-15.24.25:346][868]LogModuleManager: Shutting down and abandoning module DeviceProfileEditor (488)
[2019.01.09-15.24.25:346][868]LogModuleManager: Shutting down and abandoning module UndoHistory (486)
[2019.01.09-15.24.25:346][868]LogModuleManager: Shutting down and abandoning module XmlParser (484)
[2019.01.09-15.24.25:346][868]LogModuleManager: Shutting down and abandoning module Blutility (482)
[2019.01.09-15.24.25:346][868]LogModuleManager: Shutting down and abandoning module ProjectSettingsViewer (480)
[2019.01.09-15.24.25:346][868]LogModuleManager: Shutting down and abandoning module ProjectTargetPlatformEditor (479)
[2019.01.09-15.24.25:346][868]LogModuleManager: Shutting down and abandoning module EditorSettingsViewer (476)
[2019.01.09-15.24.25:347][868]LogModuleManager: Shutting down and abandoning module SettingsEditor (474)
[2019.01.09-15.24.25:347][868]LogModuleManager: Shutting down and abandoning module ProjectLauncher (472)
[2019.01.09-15.24.25:347][868]LogModuleManager: Shutting down and abandoning module SessionFrontend (470)
[2019.01.09-15.24.25:347][868]LogModuleManager: Shutting down and abandoning module ProfilerClient (468)
[2019.01.09-15.24.25:347][868]LogModuleManager: Shutting down and abandoning module DeviceManager (466)
[2019.01.09-15.24.25:347][868]LogModuleManager: Shutting down and abandoning module TargetDeviceServices (465)
[2019.01.09-15.24.25:391][868]LogModuleManager: Shutting down and abandoning module AutomationController (462)
[2019.01.09-15.24.25:391][868]LogModuleManager: Shutting down and abandoning module AutomationWindow (460)
[2019.01.09-15.24.25:391][868]LogModuleManager: Shutting down and abandoning module Layers (458)
[2019.01.09-15.24.25:391][868]LogModuleManager: Shutting down and abandoning module ComponentVisualizers (456)
[2019.01.09-15.24.25:391][868]LogModuleManager: Shutting down and abandoning module DetailCustomizations (454)
[2019.01.09-15.24.25:391][868]LogModuleManager: Shutting down and abandoning module PackagesDialog (452)
[2019.01.09-15.24.25:391][868]LogModuleManager: Shutting down and abandoning module Persona (450)
[2019.01.09-15.24.25:392][868]LogModuleManager: Shutting down and abandoning module AdvancedPreviewScene (449)
[2019.01.09-15.24.25:392][868]LogModuleManager: Shutting down and abandoning module AnimGraph (447)
[2019.01.09-15.24.25:392][868]LogModuleManager: Shutting down and abandoning module Kismet (444)
[2019.01.09-15.24.25:393][868]LogModuleManager: Shutting down and abandoning module GraphEditor (442)
[2019.01.09-15.24.25:394][868]LogModuleManager: Shutting down and abandoning module ClassViewer (440)
[2019.01.09-15.24.25:394][868]LogModuleManager: Shutting down and abandoning module Toolbox (438)
[2019.01.09-15.24.25:394][868]LogModuleManager: Shutting down and abandoning module ModuleUI (436)
[2019.01.09-15.24.25:394][868]LogModuleManager: Shutting down and abandoning module MovieSceneTools (434)
[2019.01.09-15.24.25:394][868]LogModuleManager: Shutting down and abandoning module OutputLog (432)
[2019.01.09-15.24.25:394][868]LogModuleManager: Shutting down and abandoning module GammaUI (430)
[2019.01.09-15.24.25:394][868]LogModuleManager: Shutting down and abandoning module Documentation (428)
[2019.01.09-15.24.25:394][868]LogModuleManager: Shutting down and abandoning module MovieSceneTracks (426)
[2019.01.09-15.24.25:394][868]LogModuleManager: Shutting down and abandoning module MovieScene (424)
[2019.01.09-15.24.25:394][868]LogModuleManager: Shutting down and abandoning module StreamingPauseRendering (422)
[2019.01.09-15.24.25:394][868]LogModuleManager: Shutting down and abandoning module LauncherPlatform (420)
[2019.01.09-15.24.25:394][868]LogModuleManager: Shutting down and abandoning module AnalyticsET (418)
[2019.01.09-15.24.25:394][868]LogModuleManager: Shutting down and abandoning module PortalServices (416)
[2019.01.09-15.24.25:394][868]LogModuleManager: Shutting down and abandoning module PortalRpc (414)
[2019.01.09-15.24.25:395][868]LogModuleManager: Shutting down and abandoning module MessagingRpc (412)
[2019.01.09-15.24.25:395][868]LogModuleManager: Shutting down and abandoning module AIModule (410)
[2019.01.09-15.24.25:395][868]LogModuleManager: Shutting down and abandoning module GameplayDebugger (409)
[2019.01.09-15.24.25:395][868]LogModuleManager: Shutting down and abandoning module AITestSuite (407)
[2019.01.09-15.24.25:395][868]LogModuleManager: Shutting down and abandoning module NavigationSystem (405)
[2019.01.09-15.24.25:395][868]LogModuleManager: Shutting down and abandoning module DesktopPlatform (402)
[2019.01.09-15.24.25:395][868]LogModuleManager: Shutting down and abandoning module ProfilerService (400)
[2019.01.09-15.24.25:487][868]LogModuleManager: Shutting down and abandoning module TaskGraph (398)
[2019.01.09-15.24.25:487][868]LogModuleManager: Shutting down and abandoning module SteamVRController (396)
[2019.01.09-15.24.25:487][868]LogModuleManager: Shutting down and abandoning module ProceduralMeshComponentEditor (394)
[2019.01.09-15.24.25:488][868]LogModuleManager: Shutting down and abandoning module ProceduralMeshComponent (392)
[2019.01.09-15.24.25:488][868]LogModuleManager: Shutting down and abandoning module OculusInput (390)
[2019.01.09-15.24.25:488][868]LogModuleManager: Shutting down and abandoning module MobilePatchingUtils (388)
[2019.01.09-15.24.25:488][868]LogModuleManager: Shutting down and abandoning module EditableMesh (386)
[2019.01.09-15.24.25:488][868]LogModuleManager: Shutting down and abandoning module CustomMeshComponent (384)
[2019.01.09-15.24.25:488][868]LogModuleManager: Shutting down and abandoning module CableComponent (382)
[2019.01.09-15.24.25:488][868]LogModuleManager: Shutting down and abandoning module AudioCapture (380)
[2019.01.09-15.24.25:488][868]LogModuleManager: Shutting down and abandoning module ArchVisCharacter (378)
[2019.01.09-15.24.25:488][868]LogModuleManager: Shutting down and abandoning module AndroidPermission (376)
[2019.01.09-15.24.25:488][868]LogModuleManager: Shutting down and abandoning module NUTUnrealEngine4 (374)
[2019.01.09-15.24.25:488][868]LogModuleManager: Shutting down and abandoning module NetcodeUnitTest (372)
[2019.01.09-15.24.25:488][868]LogModuleManager: Shutting down and abandoning module MediaCompositingEditor (370)
[2019.01.09-15.24.25:488][868]LogModuleManager: Shutting down and abandoning module MediaCompositing (368)
[2019.01.09-15.24.25:488][868]LogModuleManager: Shutting down and abandoning module LinearTimecode (366)
[2019.01.09-15.24.25:488][868]LogModuleManager: Shutting down and abandoning module ImgMedia (364)
[2019.01.09-15.24.25:498][868]LogModuleManager: Shutting down and abandoning module HTML5Networking (362)
[2019.01.09-15.24.25:499][868]LogModuleManager: Shutting down and abandoning module GeometryCacheTracks (360)
[2019.01.09-15.24.25:499][868]LogModuleManager: Shutting down and abandoning module GeometryCacheSequencer (358)
[2019.01.09-15.24.25:499][868]LogModuleManager: Shutting down and abandoning module BackChannel (356)
[2019.01.09-15.24.25:499][868]LogModuleManager: Shutting down and abandoning module AppleVision (354)
[2019.01.09-15.24.25:499][868]LogModuleManager: Shutting down and abandoning module AppleImageUtils (352)
[2019.01.09-15.24.25:499][868]LogModuleManager: Shutting down and abandoning module AlembicImporter (350)
[2019.01.09-15.24.25:499][868]LogModuleManager: Shutting down and abandoning module AlembicLibrary (349)
[2019.01.09-15.24.25:499][868]LogModuleManager: Shutting down and abandoning module GeometryCache (348)
[2019.01.09-15.24.25:499][868]LogModuleManager: Shutting down and abandoning module GeometryCacheEd (347)
[2019.01.09-15.24.25:499][868]LogModuleManager: Shutting down and abandoning module DatasmithContentEditor (342)
[2019.01.09-15.24.25:500][868]LogModuleManager: Shutting down and abandoning module DatasmithContent (340)
[2019.01.09-15.24.25:501][868]LogModuleManager: Shutting down and abandoning module SpeedTreeImporter (338)
[2019.01.09-15.24.25:501][868]LogModuleManager: Shutting down and abandoning module PluginBrowser (336)
[2019.01.09-15.24.25:501][868]LogModuleManager: Shutting down and abandoning module MobileLauncherProfileWizard (334)
[2019.01.09-15.24.25:501][868]LogModuleManager: Shutting down and abandoning module PolygonModeling (332)
[2019.01.09-15.24.25:501][868]LogModuleManager: Shutting down and abandoning module MeshEditor (330)
[2019.01.09-15.24.25:502][868]LogModuleManager: Shutting down and abandoning module CryptoKeysOpenSSL (328)
[2019.01.09-15.24.25:502][868]LogModuleManager: Shutting down and abandoning module CryptoKeys (326)
[2019.01.09-15.24.25:502][868]LogModuleManager: Shutting down and abandoning module VisualStudioSourceCodeAccess (324)
[2019.01.09-15.24.25:502][868]LogModuleManager: Shutting down and abandoning module VisualStudioCodeSourceCodeAccess (322)
[2019.01.09-15.24.25:502][868]LogModuleManager: Shutting down and abandoning module UObjectPlugin (320)
[2019.01.09-15.24.25:502][868]LogModuleManager: Shutting down and abandoning module SubversionSourceControl (318)
[2019.01.09-15.24.25:502][868]LogModuleManager: Shutting down and abandoning module PerforceSourceControl (316)
[2019.01.09-15.24.25:502][868]LogModuleManager: Shutting down and abandoning module GitSourceControl (314)
[2019.01.09-15.24.25:505][868]LogModuleManager: Shutting down and abandoning module SourceControl (313)
[2019.01.09-15.24.25:505][868]LogModuleManager: Shutting down and abandoning module CLionSourceCodeAccess (310)
[2019.01.09-15.24.25:505][868]LogModuleManager: Shutting down and abandoning module LightPropagationVolumeEditor (308)
[2019.01.09-15.24.25:505][868]LogModuleManager: Shutting down and abandoning module PaperTiledImporter (306)
[2019.01.09-15.24.25:505][868]LogModuleManager: Shutting down and abandoning module PaperSpriteSheetImporter (304)
[2019.01.09-15.24.25:505][868]LogModuleManager: Shutting down and abandoning module Paper2DEditor (302)
[2019.01.09-15.24.25:505][868]LogModuleManager: Shutting down and abandoning module MeshPaint (301)
[2019.01.09-15.24.25:505][868]LogModuleManager: Shutting down and abandoning module RuntimePhysXCooking (298)
[2019.01.09-15.24.25:505][868]LogModuleManager: Shutting down and abandoning module PhysXVehiclesEditor (296)
[2019.01.09-15.24.25:505][868]LogModuleManager: Shutting down and abandoning module PhysXVehicles (294)
[2019.01.09-15.24.25:506][868]LogModuleManager: Shutting down and abandoning module OculusEditor (292)
[2019.01.09-15.24.25:506][868]LogModuleManager: Shutting down and abandoning module LocationServicesBPLibrary (290)
[2019.01.09-15.24.25:506][868]LogModuleManager: Shutting down and abandoning module ImmediatePhysicsEditor (288)
[2019.01.09-15.24.25:506][868]LogModuleManager: Shutting down and abandoning module ImmediatePhysics (286)
[2019.01.09-15.24.25:506][868]LogModuleManager: Shutting down and abandoning module ActorSequence (284)
[2019.01.09-15.24.25:506][868]LogModuleManager: Shutting down and abandoning module UdpMessaging (282)
[2019.01.09-15.24.25:607][868]LogModuleManager: Shutting down and abandoning module TcpMessaging (280)
[2019.01.09-15.24.25:707][868]LogModuleManager: Shutting down and abandoning module MagicLeapAudio (278)
[2019.01.09-15.24.25:707][868]LogModuleManager: Shutting down and abandoning module GameplayTagsEditor (276)
[2019.01.09-15.24.25:707][868]LogModuleManager: Shutting down and abandoning module FacialAnimationEditor (274)
[2019.01.09-15.24.25:707][868]LogModuleManager: Shutting down and abandoning module FacialAnimation (272)
[2019.01.09-15.24.25:707][868]LogModuleManager: Shutting down and abandoning module DataValidation (270)
[2019.01.09-15.24.25:707][868]LogModuleManager: Shutting down and abandoning module AssetManagerEditor (268)
[2019.01.09-15.24.25:707][868]LogModuleManager: Shutting down and abandoning module LevelEditor (267)
[2019.01.09-15.24.25:707][868]LogModuleManager: Shutting down and abandoning module PixelInspectorModule (266)
[2019.01.09-15.24.25:707][868]LogModuleManager: Shutting down and abandoning module CommonMenuExtensions (264)
[2019.01.09-15.24.25:708][868]LogModuleManager: Shutting down and abandoning module MainFrame (262)
[2019.01.09-15.24.25:708][868]LogModuleManager: Shutting down and abandoning module HotReload (261)
[2019.01.09-15.24.25:708][868]LogModuleManager: Shutting down and abandoning module ContentBrowser (257)
[2019.01.09-15.24.25:709][868]LogModuleManager: Shutting down and abandoning module TreeMap (255)
[2019.01.09-15.24.25:709][868]LogModuleManager: Shutting down and abandoning module LightPropagationVolumeRuntime (252)
[2019.01.09-15.24.25:709][868]LogModuleManager: Shutting down and abandoning module AISupportModule (250)
[2019.01.09-15.24.25:709][868]LogModuleManager: Shutting down and abandoning module Paper2D (248)
[2019.01.09-15.24.25:709][868]LogModuleManager: Shutting down and abandoning module WindowsMoviePlayer (246)
[2019.01.09-15.24.25:709][868]LogModuleManager: Shutting down and abandoning module WmfMedia (244)
[2019.01.09-15.24.25:713][868]LogModuleManager: Shutting down and abandoning module Media (243)
[2019.01.09-15.24.25:720][868]LogModuleManager: Shutting down and abandoning module PacketHandler (240)
[2019.01.09-15.24.25:720][868]LogModuleManager: Shutting down and abandoning module ClothingSystemEditor (238)
[2019.01.09-15.24.25:720][868]LogModuleManager: Shutting down and abandoning module ClothingSystemRuntime (236)
[2019.01.09-15.24.25:720][868]LogModuleManager: Shutting down and abandoning module MediaAssets (234)
[2019.01.09-15.24.25:720][868]LogModuleManager: Shutting down and abandoning module Overlay (232)
[2019.01.09-15.24.25:720][868]LogModuleManager: Shutting down and abandoning module OverlayEditor (231)
[2019.01.09-15.24.25:720][868]LogModuleManager: Shutting down and abandoning module VREditor (228)
[2019.01.09-15.24.25:720][868]LogModuleManager: Shutting down and abandoning module StringTableEditor (226)
[2019.01.09-15.24.25:720][868]LogModuleManager: Shutting down and abandoning module GameplayTasksEditor (224)
[2019.01.09-15.24.25:720][868]LogModuleManager: Shutting down and abandoning module BehaviorTreeEditor (222)
[2019.01.09-15.24.25:720][868]LogModuleManager: Shutting down and abandoning module FunctionalTesting (220)
[2019.01.09-15.24.25:720][868]LogModuleManager: Shutting down and abandoning module CollisionAnalyzer (218)
[2019.01.09-15.24.25:720][868]LogModuleManager: Shutting down and abandoning module WorkspaceMenuStructure (217)
[2019.01.09-15.24.25:720][868]LogModuleManager: Shutting down and abandoning module UMG (214)
[2019.01.09-15.24.25:721][868]LogModuleManager: Shutting down and abandoning module UMGEditor (213)
[2019.01.09-15.24.25:721][868]LogModuleManager: Shutting down and abandoning module Sequencer (212)
[2019.01.09-15.24.25:721][868]LogModuleManager: Shutting down and abandoning module MessageLog (209)
[2019.01.09-15.24.25:721][868]LogModuleManager: Shutting down and abandoning module SlateReflector (204)
[2019.01.09-15.24.25:721][868]LogModuleManager: Shutting down and abandoning module Slate (202)
[2019.01.09-15.24.25:721][868]LogModuleManager: Shutting down and abandoning module EditorStyle (200)
[2019.01.09-15.24.25:722][868]LogModuleManager: Shutting down and abandoning module MRMesh (198)
[2019.01.09-15.24.25:722][868]LogModuleManager: Shutting down and abandoning module SourceCodeAccess (196)
[2019.01.09-15.24.25:722][868]LogModuleManager: Shutting down and abandoning module HeadMountedDisplay (194)
[2019.01.09-15.24.25:722][868]LogModuleManager: Shutting down and abandoning module XAudio2 (192)
[2019.01.09-15.24.25:722][868]LogModuleManager: Shutting down and abandoning module Networking (190)
[2019.01.09-15.24.25:722][868]LogModuleManager: Shutting down and abandoning module Core (188)
[2019.01.09-15.24.25:722][868]LogModuleManager: Shutting down and abandoning module LevelSequence (186)
[2019.01.09-15.24.25:722][868]LogModuleManager: Shutting down and abandoning module KismetCompiler (184)
[2019.01.09-15.24.25:722][868]LogModuleManager: Shutting down and abandoning module MeshUtilities (182)
[2019.01.09-15.24.25:722][868]LogModuleManager: Shutting down and abandoning module MeshMergeUtilities (181)
[2019.01.09-15.24.25:722][868]LogModuleManager: Shutting down and abandoning module MeshReductionInterface (180)
[2019.01.09-15.24.25:722][868]LogModuleManager: Shutting down and abandoning module SimplygonSwarm (179)
[2019.01.09-15.24.25:722][868]LogModuleManager: Shutting down and abandoning module ProxyLODMeshReduction (177)
[2019.01.09-15.24.25:722][868]LogModuleManager: Shutting down and abandoning module SimplygonMeshReduction (175)
[2019.01.09-15.24.25:722][868]LogModuleManager: Shutting down and abandoning module QuadricMeshReduction (173)
[2019.01.09-15.24.25:722][868]LogModuleManager: Shutting down and abandoning module MaterialBaking (169)
[2019.01.09-15.24.25:722][868]LogModuleManager: Shutting down and abandoning module DirectoryWatcher (165)
[2019.01.09-15.24.25:723][868]LogModuleManager: Shutting down and abandoning module DerivedDataCache (162)
[2019.01.09-15.24.25:766][868]LogDerivedDataCache: Shutdown
[2019.01.09-15.24.25:766][868]LogModuleManager: Shutting down and abandoning module XGEController (160)
[2019.01.09-15.24.25:766][868]LogModuleManager: Shutting down and abandoning module TargetPlatform (158)
[2019.01.09-15.24.25:766][868]LogModuleManager: Shutting down and abandoning module VulkanShaderFormat (157)
[2019.01.09-15.24.25:766][868]LogModuleManager: Shutting down and abandoning module ShaderFormatVectorVM (155)
[2019.01.09-15.24.25:766][868]LogModuleManager: Shutting down and abandoning module ShaderFormatOpenGL (153)
[2019.01.09-15.24.25:766][868]LogModuleManager: Shutting down and abandoning module ShaderFormatD3D (151)
[2019.01.09-15.24.25:766][868]LogModuleManager: Shutting down and abandoning module MetalShaderFormat (149)
[2019.01.09-15.24.25:766][868]LogModuleManager: Shutting down and abandoning module TextureFormatUncompressed (147)
[2019.01.09-15.24.25:766][868]LogModuleManager: Shutting down and abandoning module TextureFormatPVR (145)
[2019.01.09-15.24.25:766][868]LogModuleManager: Shutting down and abandoning module TextureFormatDXT (143)
[2019.01.09-15.24.25:766][868]LogModuleManager: Shutting down and abandoning module TextureFormatIntelISPCTexComp (141)
[2019.01.09-15.24.25:767][868]LogModuleManager: Shutting down and abandoning module TextureFormatASTC (139)
[2019.01.09-15.24.25:767][868]LogModuleManager: Shutting down and abandoning module ImageWrapper (138)
[2019.01.09-15.24.25:767][868]LogModuleManager: Shutting down and abandoning module TextureFormatAndroid (135)
[2019.01.09-15.24.25:767][868]LogModuleManager: Shutting down and abandoning module AudioFormatOpus (133)
[2019.01.09-15.24.25:767][868]LogModuleManager: Shutting down and abandoning module AudioFormatOgg (131)
[2019.01.09-15.24.25:767][868]LogModuleManager: Shutting down and abandoning module AudioFormatADPCM (129)
[2019.01.09-15.24.25:767][868]LogModuleManager: Shutting down and abandoning module LuminTargetPlatform (127)
[2019.01.09-15.24.25:767][868]LogModuleManager: Shutting down and abandoning module LinuxTargetPlatform (125)
[2019.01.09-15.24.25:767][868]LogModuleManager: Shutting down and abandoning module LinuxServerTargetPlatform (123)
[2019.01.09-15.24.25:767][868]LogModuleManager: Shutting down and abandoning module LinuxNoEditorTargetPlatform (121)
[2019.01.09-15.24.25:767][868]LogModuleManager: Shutting down and abandoning module LinuxClientTargetPlatform (119)
[2019.01.09-15.24.25:767][868]LogModuleManager: Shutting down and abandoning module TVOSTargetPlatform (117)
[2019.01.09-15.24.25:768][868]LogModuleManager: Shutting down and abandoning module Messaging (115)
[2019.01.09-15.24.25:768][868]LogModuleManager: Shutting down and abandoning module IOSTargetPlatform (113)
[2019.01.09-15.24.25:769][868]LogModuleManager: Shutting down and abandoning module HTML5TargetPlatform (111)
[2019.01.09-15.24.25:769][868]LogModuleManager: Shutting down and abandoning module AndroidTargetPlatform (109)
[2019.01.09-15.24.25:774][868]LogModuleManager: Shutting down and abandoning module WindowsTargetPlatform (107)
[2019.01.09-15.24.25:774][868]LogModuleManager: Shutting down and abandoning module WindowsServerTargetPlatform (105)
[2019.01.09-15.24.25:774][868]LogModuleManager: Shutting down and abandoning module WindowsNoEditorTargetPlatform (103)
[2019.01.09-15.24.25:774][868]LogModuleManager: Shutting down and abandoning module WindowsClientTargetPlatform (101)
[2019.01.09-15.24.25:774][868]LogModuleManager: Shutting down and abandoning module MacTargetPlatform (99)
[2019.01.09-15.24.25:774][868]LogModuleManager: Shutting down and abandoning module MacServerTargetPlatform (97)
[2019.01.09-15.24.25:775][868]LogModuleManager: Shutting down and abandoning module MacNoEditorTargetPlatform (95)
[2019.01.09-15.24.25:775][868]LogModuleManager: Shutting down and abandoning module MacClientTargetPlatform (93)
[2019.01.09-15.24.25:775][868]LogModuleManager: Shutting down and abandoning module AllDesktopTargetPlatform (91)
[2019.01.09-15.24.25:775][868]LogModuleManager: Shutting down and abandoning module InputCore (88)
[2019.01.09-15.24.25:775][868]LogModuleManager: Shutting down and abandoning module Settings (86)
[2019.01.09-15.24.25:775][868]LogModuleManager: Shutting down and abandoning module PhysXCooking (84)
[2019.01.09-15.24.25:775][868]LogModuleManager: Shutting down and abandoning module SteamVR (82)
[2019.01.09-15.24.25:775][868]LogModuleManager: Shutting down and abandoning module OculusHMD (80)
[2019.01.09-15.24.25:775][868]LogModuleManager: Shutting down and abandoning module ExampleDeviceProfileSelector (78)
[2019.01.09-15.24.25:775][868]LogModuleManager: Shutting down and abandoning module LauncherChunkInstaller (76)
[2019.01.09-15.24.25:775][868]LogModuleManager: Shutting down and abandoning module OnlineBlueprintSupport (74)
[2019.01.09-15.24.25:775][868]LogModuleManager: Shutting down and abandoning module OnlineSubsystem (70)
[2019.01.09-15.24.25:776][868]LogModuleManager: Shutting down and abandoning module XMPP (65)
[2019.01.09-15.24.25:776][868]LogModuleManager: Shutting down and abandoning module WebSockets (64)
[2019.01.09-15.24.25:792][868]LogModuleManager: Shutting down and abandoning module HTTP (61)
[2019.01.09-15.24.25:792][868]LogHttp: Display: Http module shutting down, but needs to wait on 1 outstanding Http requests:
[2019.01.09-15.24.25:792][868]LogHttp: Display: 	verb=[POST] url=[https://datarouter.ol.epicgames.com/datarouter/api/v1/public/data?SessionID=%7BED775F0F-48E5-F489-B012-D9A50634B16A%7D&AppID=UEEditor.Rocket.Release&AppVersion=4.20.3-4369336%2B%2B%2BUE4%2BRelease-4.20&UserID=f061da4a44105d3a99709d9350477bb5%7Cae853a49cf78438b832cf65ac7539bdc%7C73f813a2-1095-49a7-9be5-4a42342d3a2f&AppEnvironment=datacollector-binary&UploadType=eteventstream] status=Processing
[2019.01.09-15.24.25:809][868]LogModuleManager: Shutting down and abandoning module SSL (60)
[2019.01.09-15.24.25:812][868]LogModuleManager: Shutting down and abandoning module MagicLeapEmulator (56)
[2019.01.09-15.24.25:812][868]LogModuleManager: Shutting down and abandoning module MagicLeapPrivileges (54)
[2019.01.09-15.24.25:812][868]LogModuleManager: Shutting down and abandoning module MagicLeapIdentity (52)
[2019.01.09-15.24.25:812][868]LogModuleManager: Shutting down and abandoning module MagicLeapHelperVulkan (50)
[2019.01.09-15.24.25:812][868]LogModuleManager: Shutting down and abandoning module MagicLeapHelperOpenGL (48)
[2019.01.09-15.24.25:812][868]LogModuleManager: Shutting down and abandoning module MagicLeapSecureStorage (46)
[2019.01.09-15.24.25:812][868]LogModuleManager: Shutting down and abandoning module MagicLeapGestures (44)
[2019.01.09-15.24.25:812][868]LogModuleManager: Shutting down and abandoning module MagicLeapEyeTracker (42)
[2019.01.09-15.24.25:812][868]LogModuleManager: Shutting down and abandoning module MagicLeapController (40)
[2019.01.09-15.24.25:812][868]LogSlate: Slate User Destroyed.  User Index 0, Is Virtual User: 0
[2019.01.09-15.24.25:813][868]LogModuleManager: Shutting down and abandoning module MagicLeap (38)
[2019.01.09-15.24.25:813][868]LogModuleManager: Shutting down and abandoning module AnimationModifiers (36)
[2019.01.09-15.24.25:813][868]LogModuleManager: Shutting down and abandoning module PropertyEditor (35)
[2019.01.09-15.24.25:813][868]LogModuleManager: Shutting down and abandoning module AudioEditor (32)
[2019.01.09-15.24.25:813][868]LogModuleManager: Shutting down and abandoning module TextureCompressor (30)
[2019.01.09-15.24.25:813][868]LogModuleManager: Shutting down and abandoning module ShaderCore (28)
[2019.01.09-15.24.25:813][868]LogModuleManager: Shutting down and abandoning module Landscape (26)
[2019.01.09-15.24.25:813][868]LogModuleManager: Shutting down and abandoning module SlateRHIRenderer (24)
[2019.01.09-15.24.25:816][868]LogModuleManager: Shutting down and abandoning module OpenGLDrv (22)
[2019.01.09-15.24.25:816][868]LogModuleManager: Shutting down and abandoning module D3D11RHI (20)
[2019.01.09-15.24.25:816][868]LogModuleManager: Shutting down and abandoning module AnimGraphRuntime (18)
[2019.01.09-15.24.25:816][868]LogModuleManager: Shutting down and abandoning module Renderer (16)
[2019.01.09-15.24.25:816][868]LogModuleManager: Shutting down and abandoning module Engine (14)
[2019.01.09-15.24.25:816][868]LogModuleManager: Shutting down and abandoning module CoreUObject (12)
[2019.01.09-15.24.25:816][868]LogModuleManager: Shutting down and abandoning module NetworkFile (10)
[2019.01.09-15.24.25:816][868]LogModuleManager: Shutting down and abandoning module CookedIterativeFile (8)
[2019.01.09-15.24.25:816][868]LogModuleManager: Shutting down and abandoning module StreamingFile (6)
[2019.01.09-15.24.25:816][868]LogModuleManager: Shutting down and abandoning module SandboxFile (4)
[2019.01.09-15.24.25:816][868]LogModuleManager: Shutting down and abandoning module PakFile (2)
[2019.01.09-15.24.25:824][868]LogExit: Exiting.
[2019.01.09-15.24.25:840][868]Log file closed, 01/09/19 16:24:25
